0 0 -0.0518186
-1.92191 0.320318 0.233553
-1.39828 0.232246 0.00567402
2.84683 -0.476653 0.285255
-0.40813 0.0664505 -0.127647
0.226439 -0.0382856 0.145757
-2.01357 0.334979 0.0130521
-1.42227 0.235686 -0.278041
-2.12969 0.352164 -0.0935513
-0.291364 0.0443066 0.025365
1.79043 -0.303651 -0.00234681
-0.917456 0.148312 -0.0655136
0.859807 -0.14751 -0.223345
2.10842 -0.355614 -0.404227
0.280909 -0.049771 -0.205757
0.65355 -0.110864 0.723868
-1.0591 0.174979 0.0378322
-0.274908 0.0441199 -0.00454623
1.07605 -0.181588 0.073134
0.401434 -0.0688077 0.167892
0.185514 -0.0321951 0.195033
-0.776611 0.128412 0.200366
-0.36653 0.0598242 0.192274
-0.36653 0.169488 -0.0576477
-0.373334 0.0604875 0.0230141
2.73424 -0.457741 -0.0855388
-1.23925 0.2055 -0.0371324
2.00777 -0.33504 -0.33826
0.431483 -0.0720017 0.147338
1.47985 -0.245711 0.114935
0.699038 -0.114782 0.347218
-0.0898937 0.0176075 0.113944
-0.267494 0.0474504 0.0118481
-0.440652 0.0761475 0.047374
0.106261 -0.0153136 -0.0130517
1.16501 -0.191923 -0.0986441
-0.499055 0.0859384 -0.170896
1.81332 -0.299193 0.151902
1.29293 -0.211928 0.264656
-0.165198 0.0323715 -0.020499
0.268376 -0.039442 0.153007
1.92968 -0.316308 0.0401072
1.13092 -0.182292 0.29134
0.919054 -0.145735 0.119303
-1.03976 0.181554 0.00305927
0.398885 -0.0583095 0.160241
-1.25501 0.217031 0.165816
-0.924686 0.161581 -0.142772
0.640108 -0.100165 0.0296376
19.0226 0.341475 0.363607
29.892 0.0140805 0.575276
42.1383 0.207376 1.83158
54.5071 0.20532 3.44648
70.7979 -0.440274 5.19848
75.5243 0.484305 7.34657
82.8979 0.607187 9.63428
86.9996 0.911152 11.7196
91.5882 1.13844 13.8481
96.6182 1.29544 16.4369
99.2195 1.67639 18.544
98.2373 2.10387 20.6189
97.7196 2.63873 21.8174
94.4179 3.26756 23.9567
91.8096 3.77884 25.131
90.613 4.05199 26.2349
88.3835 4.49532 27.0496
86.2874 4.91464 28.1749
81.4059 5.79602 28.7234
78.1248 6.40742 29.4623
74.528 7.06771 29.1994
71.7969 7.58053 29.6389
68.5915 8.16947 29.4183
65.8056 8.68575 29.2257
62.0417 9.36225 28.8832
60.6135 9.6465 28.0392
58.1967 10.0931 28.0515
55.1667 10.6401 27.001
51.9886 11.2093 26.6671
48.0511 11.9022 25.7945
45.0121 12.4423 25.077
43.5869 12.7103 24.5233
41.4426 13.0961 23.704
36.1614 14.0031 22.954
33.0779 14.5406 21.4686
31.778 14.7772 20.5916
29.6303 15.1532 20.2673
26.32 15.7214 19.0016
26.9686 15.6275 17.7164
25.2407 15.9284 16.8557
20.2686 16.7695 15.738
20.5514 16.732 15.0335
20.4134 16.7626 13.6308
17.351 17.2805 12.8845
17.892 17.1966 11.9007
14.8454 17.7095 11.1285
13.4993 17.9379 10.582
8.99644 18.6906 9.75197
10.2335 18.4842 8.75944
8.80038 18.7214 8.41467
8.11232 18.8344 7.23227
7.51113 18.9321 6.22469
5.23773 19.3079 6.01746
6.01024 19.1748 5.202
7.12556 18.9841 4.35761
4.56119 19.4074 3.99024
5.1065 19.3119 3.54014
4.36689 19.4297 2.86138
4.79129 19.3534 2.66217
5.36173 19.2527 2.01848
4.29045 19.4261 1.45207
3.33554 19.5799 1.20986
2.00197 19.7959 0.532907
2.82978 19.6508 0.0199742
3.42014 19.5452 0.245237
1.3718 19.8799 -0.685981
2.43222 19.6959 -0.371692
4.06708 19.4158 -0.620859
2.79599 19.6212 -1.00348
3.95195 19.4223 -1.31763
3.94685 19.4169 -2.00743
2.07764 19.7226 -1.4241
4.09995 19.3791 -1.42126
2.74091 19.5992 -1.91019
6.68165 18.9362 -1.83492
2.67862 19.5984 -1.73928
6.15563 19.0139 -2.07852
5.74691 19.0768 -1.88591
5.74691 19.1583 -2.26358
5.97675 19.0346 -1.92715
6.13063 19.005 -2.41067
5.8206 19.0529 -2.10643
6.0103 19.0175 -2.0893
5.83488 19.0429 -2.31175
3.71306 19.3927 -2.23456
4.50868 19.2553 -1.79746
6.55629 18.9088 -2.29516
8.30615 18.613 -1.77002
6.97464 18.8325 -1.77267
6.25162 18.9507 -2.09123
8.25063 18.6144 -1.69077
5.75054 19.0285 -1.97876
8.70905 18.5326 -1.7423
8.85952 18.505 -1.71342
8.66047 18.5369 -1.64328
7.60868 18.7109 -1.23812
7.76648 18.6828 -1.53174
9.49978 18.3918 -1.39446
8.9457 18.4828 -1.49121
11.3592 18.0797 -1.39984
9.75112 18.3476 -1.17053
9.43977 18.3997 -1.29638
9.31855 18.4194 -1.20271
11.8091 18.0036 -0.80813
7.63716 18.6992 -0.653915
9.14365 18.4477 -0.681828
10.014 18.3011 -0.651702
12.4821 17.8892 -0.997342
10.6356 18.1978 -0.735316
13.0832 17.791 -0.527304
10.4317 18.2343 0.0767432
9.75119 18.3489 -0.12837
11.3648 18.0799 -0.423359
10.4519 18.2323 -0.0660799
11.0035 18.1409 -0.343601
8.05112 18.6333 -0.053065
11.6573 18.0317 -0.458134
11.4414 18.0674 -0.0446754
9.86061 18.3319 0.151701
11.0204 18.1389 0.0252209
11.0055 18.1416 0.131523
10.2723 18.2644 0.225456
9.07067 18.465 0.194046
11.5136 18.0573 -0.151063
11.1462 18.1186 0.254987
11.1462 18.2405 -0.0354081
10.3656 18.2496 0.340706
9.86938 18.3327 0.140071
12.1343 17.9551 0.110269
10.2957 18.2621 -0.0198119
10.2957 18.1817 0.0405707
7.60934 18.7106 0.322536
9.52243 18.3907 -0.210215
9.89535 18.3271 -0.0723611
9.79395 18.3435 -0.165222
10.5637 18.2149 -0.107576
10.1707 18.2803 0.0064032
8.8002 18.5088 0.174857
8.91216 18.4895 0.0608909
11.43 18.0687 0.161606
12.3485 17.9156 0.119756
9.03727 18.4688 0.195786
10.0123 18.3067 0.0509573
13.5474 17.7169 0.0339748
9.29428 18.427 -0.176697
6.33361 18.9214 0.0957526
9.71177 18.3563 0.308024
9.80518 18.3389 -0.0573011
11.2595 18.0961 -0.0971079
7.67086 18.6945 -0.308707
7.68956 18.6907 0.225337
10.1651 18.276 -0.201414
10.9882 18.1377 -0.238898
11.2463 18.095 0.194158
8.49192 18.5548 -0.0684211
8.37852 18.5734 0.12809
9.03708 18.4621 -0.776739
12.5503 17.8753 -0.569517
9.9685 18.3061 0.0893704
11.5695 18.0402 0.245326
12.1648 17.9414 0.00978583
9.66921 18.3587 -0.267507
10.1318 18.2822 -0.0297026
9.81355 18.335 0.158848
10.8309 18.1652 0.00854435
9.54927 18.3789 0.368795
11.1349 18.1146 0.0596116
10.7575 18.1776 -0.347316
11.1848 18.107 -0.0845812
8.85224 18.4963 0.120563
11.0408 18.1314 -0.00974607
11.0408 18.2207 0.0675417
8.90538 18.4871 0.00947592
9.74803 18.3464 -0.412305
10.9636 18.143 -0.339999
12.1225 17.95 -0.0194617
10.4139 18.2359 0.166515
9.84453 18.3316 0.0338211
10.1075 18.2877 0.32888
10.0938 18.2898 0.139777
8.93814 18.4823 0.104016
8.51549 18.5521 0.372886
12.215 17.9343 -0.104584
9.18165 18.4399 0.220176
8.97868 18.4741 0.0441314
10.6125 18.2009 -0.18278
10.4285 18.2312 -0.190736
10.3491 18.2447 0.256821
9.82001 18.333 0.130132
8.60731 18.535 -0.0176614
8.86686 18.4909 -0.355518
11.9347 17.9784 -0.124884
11.5288 18.0462 -0.147666
11.5288 17.9997 0.317372
8.88791 18.4876 0.26581
10.5719 18.2069 -0.130543
10.2754 18.2559 -0.537934
11.2441 18.0946 0.070232
10.001 18.3023 -0.214956
10.717 18.1833 -0.0247373
9.51863 18.3831 -0.036039
11.3859 18.0718 0.458078
11.7962 18.0036 -0.18136
11.8954 17.9882 -0.081497
10.3282 18.2508 0.416783
10.3999 18.2396 0.0813969
8.53413 18.5506 0.625245
10.3787 18.2425 0.331147
9.303 18.4212 -0.147579
11.874 17.9923 -0.103335
9.41923 18.4018 0.297247
9.43166 18.4 0.139843
11.188 18.1066 0.00453153
9.06751 18.4601 -0.173105
10.9045 18.1539 -0.0636846
9.73042 18.3493 -0.155279
10.3444 18.2471 0.0914475
8.21096 18.6025 -0.310577
10.8616 18.1599 0.11291
9.28643 18.4219 -0.456148
10.6163 18.2001 0.202285
9.58426 18.3719 -0.121712
8.89903 18.486 0.0717907
10.1058 18.284 -0.210751
12.521 17.8809 -0.106965
9.16689 18.4408 0.441819
11.3646 18.0751 0.0369504
10.7633 18.1753 0.385812
10.7633 18.5065 -0.313251
9.66015 18.3599 0.295154
9.50347 18.386 0.288258
8.8285 18.498 0.107417
12.3978 17.9022 0.119039
10.3272 18.2476 0.00279238
9.37195 18.4078 0.00594425
11.0121 18.1341 -0.00404022
9.55907 18.3763 0.309762
9.66461 18.3587 -0.221194
8.93248 18.4802 -0.200589
9.53088 18.3797 -0.0825463
9.59416 18.3684 -0.00126821
8.47723 18.554 0.00874326
8.72454 18.5118 -0.0684068
8.86663 18.4868 -0.336651
7.29487 18.7476 -0.234256
10.2048 18.2608 -0.0138883
11.328 18.0724 -0.367092
12.0084 17.9595 0.342635
10.5839 18.1982 0.243707
10.7456 18.1722 -0.444243
10.1711 18.2683 -0.275831
10.0874 18.2825 -0.129992
9.43681 18.3909 -0.0287663
9.56763 18.3687 -0.0727983
8.44321 18.5556 0.581678
9.25668 18.419 -0.0900654
9.22554 18.4231 -0.465385
11.9189 17.9734 -0.287853
10.4816 18.2133 -0.33088
9.40665 18.3933 -0.181065
11.4462 18.0532 0.0854957
8.62395 18.5238 -0.240372
10.6229 18.1905 -0.195241
10.8223 18.1568 0.116067
10.3945 18.2286 -0.190256
12.4406 17.8879 0.0668046
9.50258 18.3786 -0.12977
11.2092 18.0949 -0.121521
11.2092 18.2897 -0.0316033
9.68701 18.3487 0.397892
10.5696 18.2018 -0.0158685
10.1606 18.2699 0.0284812
10.6792 18.1837 -0.0522006
9.08959 18.4488 -0.0668086
11.8069 17.9957 0.292102
7.76081 18.6702 0.148699
10.3783 18.2336 -0.25326
8.47057 18.5507 -0.118687
11.3408 18.0717 0.246067
10.847 18.1537 0.0925655
10.2198 18.259 -0.105208
10.2877 18.248 0.134492
9.47949 18.3828 0.126196
8.68719 18.5146 -0.266157
11.5606 18.0348 -0.0145113
9.16436 18.4341 0.0920647
10.6712 18.1831 0.17195
9.61053 18.3597 -0.204524
9.67087 18.3496 -0.111798
10.7424 18.1705 0.0819349
10.9287 18.1395 0.0866638
10.0672 18.2837 0.133088
11.2139 18.0928 -0.017758
9.85638 18.3195 -0.00054498
9.74148 18.3389 -0.0710645
11.6541 18.0198 -0.0772235
11.6541 18.3286 -0.00148463
8.45529 18.5534 0.197313
8.96816 18.4678 0.202545
11.103 18.1108 -0.145842
10.8109 18.1593 -0.402251
11.4531 18.053 0.0558616
10.4546 18.2202 0.166894
9.42734 18.392 0.322136
11.7245 18.009 -0.197204
8.97239 18.468 0.286395
7.50391 18.7129 0.0337315
11.1157 18.1093 0.182895
7.11954 18.7746 -0.160821
10.2048 18.2595 -0.0157295
9.22458 18.4216 0.303382
10.79 18.1603 -0.161137
8.30019 18.5751 0.0393488
10.1092 18.2731 -0.0919745
12.7473 17.8327 -0.172621
11.284 18.0776 -0.165466
11.8657 17.9822 0.114489
10.5651 18.2002 -0.0584766
8.03498 18.6227 0.198063
7.97208 18.6325 -0.298794
8.46364 18.5487 0.559174
10.957 18.1316 -0.470116
11.6927 18.0086 -0.113361
10.7673 18.1638 -0.191067
8.4349 18.5534 0.0794467
11.4999 18.0421 -0.225843
10.7404 18.1685 0.321026
9.85989 18.3161 -0.218617
9.75694 18.3334 -0.328834
9.78364 18.3286 0.231902
11.3499 18.0672 -0.207423
10.4735 18.2137 -0.184307
7.93657 18.6371 -0.0331351
6.42757 18.8878 -0.0208103
9.13098 18.4347 -0.172258
10.4881 18.2066 -0.475899
7.72611 18.6666 -0.3376
8.32292 18.5663 -0.406343
10.2985 18.2353 -0.492516
10.2995 18.2345 -0.145092
7.89746 18.6349 -0.151511
10.0833 18.2698 -0.502646
10.0833 18.2457 0.0881117
9.62901 18.3446 -0.396144
10.2528 18.2404 -0.274495
9.25479 18.4066 -0.222198
10.1887 18.2507 -0.308355
9.79371 18.3162 -0.190107
10.2576 18.2388 -0.230535
10.4658 18.204 -0.166066
9.90477 18.2977 -0.160823
9.58673 18.3508 -0.615318
11.9928 17.9495 -0.246814
11.8714 17.9703 0.0445203
9.18613 18.4194 -0.222847
9.043 18.4436 0.0749193
10.121 18.2631 -0.163842
11.0217 18.1126 -0.0197301
7.96409 18.6226 -0.415438
10.8485 18.1413 -0.13166
9.13949 18.4256 0.0354558
10.2205 18.2453 -0.314689
9.71003 18.33 -0.138855
11.4151 18.0457 -0.0691542
9.42257 18.3782 0.241327
10.5178 18.1959 0.206563
7.80002 18.6488 -0.188957
9.04373 18.4407 -0.592651
10.1535 18.2544 -0.232138
12.6917 17.8309 -0.227217
9.70448 18.3299 -0.0745131
9.08839 18.4335 0.103141
13.4507 17.7059 -0.108225
11.4795 18.0354 -0.114235
11.8139 17.9817 0.239439
8.85531 18.476 -0.0150586
11.0183 18.1157 0.456445
13.3141 17.7329 0.098224
9.57073 18.3585 0.287842
9.57073 17.973 0.116765
11.4493 18.0466 -0.044791
10.9073 18.1372 0.498777
11.9065 17.9715 0.189928
10.6418 18.1834 0.134826
6.65557 18.8487 0.175772
12.1923 17.9247 0.150493
10.38 18.2261 0.115186
10.4654 18.2128 -0.147149
10.6731 18.1784 0.363443
10.045 18.2835 0.296637
7.88324 18.6439 -0.00714232
7.88324 18.4152 -0.0965609
11.8322 17.9848 -0.120977
8.36948 18.5617 -0.161612
10.2603 18.2465 -0.0403231
8.79999 18.4892 -0.0944054
9.46455 18.3779 -0.0736711
9.64876 18.3464 -0.56437
9.75764 18.3277 -0.22742
10.9823 18.1233 -0.0900282
9.06278 18.4434 0.0705241
9.33315 18.3982 -0.105319
12.3208 17.8995 -0.0121265
9.9033 18.303 -0.147914
9.2037 18.4204 0.0158283
9.59214 18.3552 -0.0204148
11.9558 17.9607 0.0772661
10.9777 18.1242 -0.259649
8.76531 18.4941 0.469087
11.4054 18.0538 0.123162
12.8757 17.8088 0.182681
9.43822 18.3833 -0.320433
11.5726 18.0284 -0.105432
9.38639 18.3931 -0.178254
10.9827 18.1273 0.309206
11.5353 18.0353 0.168064
9.96838 18.2973 -0.0704482
10.5271 18.2047 0.144552
10.243 18.2521 0.165448
11.2907 18.0777 -0.284368
8.88581 18.479 -0.122302
12.147 17.9354 0.132385
9.6719 18.3482 0.454861
10.8352 18.155 -0.199581
9.56007 18.3676 0.0626636
11.2338 18.0886 -0.0470494
10.7335 18.1722 0.230841
7.40959 18.7269 -0.303523
10.647 18.1864 -0.186925
9.97744 18.297 -0.343588
9.97744 18.1366 -0.0203581
9.00413 18.4594 0.161883
12.0035 17.9589 -0.0133685
11.3267 18.072 -0.0226358
9.67547 18.3484 0.0139114
11.2909 18.0795 -0.0788443
10.5251 18.2074 0.189749
10.2313 18.2569 0.189713
11.9954 17.9631 -0.372419
6.65676 18.8537 0.109617
8.57207 18.5337 0.318151
11.9187 17.9738 -0.153062
9.97045 18.2986 0.0647366
11.0924 18.1122 -0.194424
9.0694 18.4497 -0.0583842
8.82318 18.4907 -0.353586
8.76511 18.4993 0.124547
7.82182 18.6554 -0.195802
10.3546 18.2317 -0.064278
10.5644 18.1958 -0.253062
10.6504 18.1818 -0.613307
9.42055 18.3871 0.0988642
11.9179 17.9708 -0.0110461
9.16982 18.4293 0.0404597
8.6487 18.5164 0.219692
12.0375 17.9506 -0.144295
8.22478 18.5862 0.00268043
8.33419 18.568 -0.258481
6.92783 18.8008 -0.489126
10.5124 18.2013 -0.251186
11.0083 18.1175 -0.000314638
9.01994 18.4494 -0.326142
9.04539 18.4451 -0.38814
8.79389 18.4861 -0.291578
9.51004 18.3657 -0.331307
7.73814 18.6602 -0.257091
11.8757 17.9694 -0.422079
10.9516 18.1232 -0.0889557
9.29647 18.4001 -0.634314
11.7133 17.9973 0.0605649
9.27332 18.4043 0.0582833
11.0926 18.1014 -0.0876082
11.0926 18.1736 -0.118019
11.1703 18.0885 0.0585841
10.0669 18.2733 -0.274242
11.0496 18.1099 0.0365898
10.0435 18.278 -0.242615
10.7234 18.165 -0.0312596
11.2254 18.0816 -0.0494935
11.7558 17.9939 0.0185769
8.72453 18.5003 0.0749031
8.13216 18.5991 0.409954
8.3915 18.5544 -0.243057
8.75027 18.4931 0.307719
10.8191 18.147 -0.0312177
11.146 18.0922 -0.178773
9.96492 18.2898 -0.159674
10.9977 18.1181 0.157214
9.1697 18.423 0.0933603
9.47857 18.3715 -0.360178
10.9004 18.1339 0.236302
8.59951 18.5174 0.0392071
10.9059 18.1327 0.125675
13.0724 17.7714 -0.224266
7.88067 18.6382 -0.080459
11.6347 18.0128 0.136581
12.8455 17.8108 0.0581356
10.4126 18.218 0.114753
11.8404 17.9813 -0.0981323
11.9502 17.9638 0.0522412
9.11261 18.4382 0.362539
9.79946 18.3241 -0.0667865
10.5499 18.1984 -0.274376
9.58859 18.3587 0.0738743
10.7655 18.1624 0.0458641
8.64517 18.5159 0.0397927
9.94628 18.2986 0.146728
10.0699 18.2773 -0.100129
9.43037 18.3838 0.263961
11.4598 18.0452 0.115765
10.3637 18.2282 0.182524
9.88188 18.3091 -0.217781
9.62586 18.3518 0.413343
8.74449 18.4984 -0.0151073
10.5299 18.2 -0.276976
10.6747 18.1755 0.167898
10.9196 18.135 -0.193863
11.6397 18.0156 0.333308
8.90179 18.4728 0.100537
11.4525 18.0478 0.249626
8.64203 18.5163 0.418147
10.3347 18.2341 0.285784
10.2894 18.2411 0.398516
7.82617 18.6517 0.0299418
11.1683 18.0938 0.459267
11.7357 17.9987 0.0699039
10.8269 18.1513 0.241229
12.0899 17.9417 0.102024
9.58709 18.36 -0.0606886
12.789 17.8269 -0.0826887
9.3011 18.4091 0.0755696
8.88736 18.4788 0.338827
9.34267 18.402 -0.319878
11.9255 17.9706 0.349136
11.3803 18.0619 0.238606
10.8607 18.1497 -0.316662
9.57872 18.3642 0.109709
11.0292 18.1225 0.12606
10.3868 18.2297 0.296008
8.15359 18.6023 0.510692
9.66945 18.3489 0.0942277
9.64268 18.3523 -0.205367
9.20393 18.425 0.217032
11.1262 18.104 -0.042923
8.33094 18.5699 -0.0371745
11.3244 18.0707 -0.0621046
10.2841 18.2438 -0.121228
12.2107 17.9232 0.0659326
11.2655 18.0817 0.00755579
8.26317 18.5834 0.0948194
9.7085 18.3421 0.0765888
9.37628 18.3965 -0.0914158
9.41713 18.3892 0.0613633
8.20903 18.5899 0.373096
8.78987 18.492 0.0185266
11.8618 17.9786 0.0493129
9.14336 18.4319 0.0887547
8.44067 18.5493 -0.278355
8.46268 18.5445 -0.141252
29.7279 18.1354 -0.119674
30.1819 18.0672 0.806266
30.7038 17.9967 1.57809
34.4034 18.135 2.02294
37.1163 18.4394 2.59452
39.6073 18.5988 3.61032
41.3 18.3399 4.00061
38.0406 18.9079 4.82831
38.2695 18.8938 5.84153
40.0694 18.6165 6.31593
43.1862 18.8584 6.67956
42.6485 19.1578 7.54472
45.2745 19.3 8.13356
44.1551 19.5135 8.421
44.6889 19.4521 9.30396
42.5165 19.8413 9.22915
41.3304 20.0652 9.99677
40.1656 20.2842 9.95714
39.9415 20.3452 10.3962
39.4428 20.4512 10.4127
37.6862 20.7666 10.6764
38.1351 20.7132 10.7707
35.3391 21.2001 10.5886
33.0731 21.5975 10.7875
31.8583 21.8175 10.7016
31.3524 21.9178 10.3613
32.4066 21.7573 9.82798
28.4878 22.4258 9.47415
27.9138 22.5356 9.60205
26.8803 22.7199 9.31455
25.5771 22.9486 8.77327
24.4526 23.1463 8.63683
25.5744 22.9687 8.27433
24.4001 23.1736 8.18403
23.1194 23.3963 7.7984
21.133 23.7355 7.82799
18.9424 24.1073 7.04027
19.6191 23.9994 6.47566
17.6111 24.3383 6.99088
15.8971 24.6277 5.83171
19.1649 24.0852 5.20345
19.7106 23.997 5.14576
15.7208 24.6663 4.94982
13.4876 25.0414 4.22361
13.4543 25.0472 4.20942
14.9952 24.7897 3.77836
14.7397 24.8322 3.33721
12.4855 25.2084 3.08844
14.3576 24.8958 3.03946
12.1368 25.2652 2.73293
12.8834 25.14 2.14863
12.6252 25.1815 1.76159
13.3791 25.0546 1.66967
12.8071 25.1489 1.82157
9.90094 25.6323 0.999187
11.3549 25.3875 1.19318
12.1318 25.255 0.737031
11.3949 25.3758 0.721544
12.7331 25.1507 0.424013
9.33443 25.7154 0.458839
13.4795 25.0219 0.145966
10.743 25.4757 0.30193
12.6058 25.1635 -0.109981
11.4005 25.3623 0.242437
12.111 25.2422 0.0495512
11.5228 25.3382 -0.264832
13.1281 25.0688 -0.188507
12.6711 25.1434 -0.140078
10.2172 25.5514 -0.18398
10.1988 25.5523 -0.12917
12.2261 25.2112 -0.482953
12.7726 25.1177 -0.373099
9.69449 25.6295 -0.623017
11.269 25.3647 -0.775372
10.3255 25.519 -0.792566
11.0882 25.3892 -1.12488
11.7623 25.2742 -0.94034
12.3127 25.1803 -1.05815
10.6788 25.451 -1.01445
11.5276 25.3075 -1.00398
11.7811 25.2629 -1.00193
13.0826 25.0441 -0.97865
11.4712 25.3114 -1.12944
12.5832 25.1248 -0.901798
12.4527 25.145 -0.897007
12.1117 25.2007 -0.751695
11.6777 25.2717 -0.674083
12.682 25.1026 -0.884839
11.8983 25.2319 -1.05493
12.7955 25.081 -0.698717
12.7955 24.8778 -0.683236
14.3814 24.8155 -0.869604
12.5488 25.1207 -0.875954
13.3271 24.9907 -0.874991
15.2399 24.6711 -0.326616
12.4854 25.1306 -0.496639
12.1678 25.1836 -0.18151
14.9049 24.7262 -0.811649
11.831 25.2382 -0.591658
12.6173 25.1068 -0.42257
14.4887 24.7936 -0.531201
13.0867 25.027 -0.425315
15.1823 24.6778 -0.521003
13.6423 24.9347 -0.324562
13.6423 25.2866 -0.200508
12.1686 25.1808 -0.159246
13.993 24.876 -0.391911
14.5803 24.7775 -0.207904
12.612 25.106 0.0341139
13.6478 24.9332 0.0645571
14.2743 24.8282 -0.599485
14.9177 24.7211 -0.24143
13.4401 24.968 -0.339227
13.6927 24.9263 0.0571755
14.1127 24.8561 -0.0982297
15.5743 24.6125 -0.319023
15.3697 24.6475 0.372369
14.9595 24.7173 0.1592
14.0121 24.8763 -0.385344
14.0368 24.8727 -0.391714
12.7637 25.0851 0.102226
13.4855 24.9644 -0.124152
13.7546 24.919 0.0556923
14.7651 24.7504 -0.0645577
15.4081 24.6436 0.316525
12.6691 25.1011 0.234164
12.2819 25.1659 -0.314458
12.7791 25.0819 0.083095
14.6117 24.7753 -0.0162566
12.9977 25.0442 0.0409593
14.0726 24.8651 -0.0112283
14.2644 24.8329 -0.0527809
14.9247 24.7231 0.370193
15.8124 24.5758 0.129943
12.5746 25.1167 -0.194229
14.8035 24.7456 -0.0449588
15.5175 24.6265 0.0958493
13.7628 24.92 0.500589
14.8013 24.7476 -0.0914778
14.0689 24.87 0.0121343
15.0638 24.7047 0.516883
13.1491 25.0244 0.368198
13.0946 25.0337 0.0670719
14.4419 24.8086 0.160835
14.2539 24.8398 0.273494
15.6335 24.6103 0.205982
14.0314 24.8783 -0.0533798
13.881 24.9041 0.695323
12.9908 25.0526 0.200138
13.9138 24.8984 0.0374711
13.195 25.0179 0.177282
14.0516 24.8748 0.123381
16.5085 24.4652 -0.27327
14.8118 24.7491 0.413833
13.3683 24.9912 0.425934
13.6559 24.9435 0.227502
14.8237 24.7486 0.3158
11.9414 25.2292 0.0811051
12.9251 25.0649 0.0789888
14.1704 24.8561 0.15218
13.8566 24.9082 0.150723
11.6949 25.2686 -0.0517776
14.1385 24.8604 0.309969
11.0999 25.3661 -0.0351816
14.1703 24.8533 -0.136193
13.0552 25.0382 -0.198379
13.216 25.0112 0.0653754
14.0848 24.8658 0.0269098
12.0906 25.198 -0.362719
14.5399 24.7892 -0.280871
12.3894 25.1471 -0.445658
13.5416 24.9548 -0.285257
14.334 24.822 -0.0916657
13.7303 24.9227 -0.567818
13.261 25.0011 -0.365646
14.8689 24.7329 -0.10681
13.7881 24.9132 -0.127679
12.2443 25.1709 0.107193
15.0204 24.7076 -0.00658242
13.6042 24.9434 -0.0941126
14.2787 24.8314 -0.264107
15.0022 24.711 -0.359325
13.5155 24.9594 0.0492103
14.8586 24.7359 -0.0563392
14.0792 24.8661 -0.403685
12.7294 25.0916 0.410658
14.3664 24.8185 -0.169691
14.3224 24.8255 0.0663095
14.7916 24.7478 -0.171306
13.4683 24.9689 0.383031
12.6798 25.1006 -0.235944
13.147 25.0221 -0.107305
14.8074 24.7446 -0.0402483
15.2639 24.6686 -0.00497383
11.3733 25.3181 0.24422
13.6915 24.9313 -0.0685622
15.6309 24.607 -0.14964
13.0166 25.0434 -0.193718
13.0423 25.0395 -0.120187
14.0852 24.865 -0.0914306
13.3083 24.9943 -0.356747
13.7979 24.9126 0.0686497
15.789 24.5805 0.0341462
12.4892 25.1313 -0.0563278
13.0338 25.0408 0.25946
12.1322 25.1901 -0.114456
13.131 25.0226 0.0166749
14.2481 24.8355 0.385029
13.1755 25.0141 -0.235379
14.398 24.8103 0.146516
14.398 24.9541 0.316844
13.7105 24.9248 -0.207388
14.486 24.7958 -0.0936084
15.0814 24.6968 -0.0760866
14.677 24.765 -0.0516847
11.4535 25.3031 -0.202474
11.8873 25.2302 -0.545668
14.8043 24.7422 -0.252426
13.6549 24.9334 0.410415
14.7376 24.7533 0.0349207
13.8318 24.9046 -0.00890643
15.2439 24.6696 0.237963
14.1637 24.8503 -0.240451
13.6047 24.9442 -0.0407499
14.7509 24.7532 0.00528196
14.7509 24.4971 0.00367533
11.9335 25.2231 0.34818
12.2295 25.1733 -0.0432311
14.304 24.8261 -0.564413
12.2258 25.172 0.0609303
14.9197 24.7226 -0.042713
14.0172 24.8728 0.281251
12.8318 25.0709 -0.0275584
14.648 24.7679 0.10583
13.1905 25.0108 0.0604503
14.0772 24.8631 0.0609805
14.5449 24.785 0.0183258
12.1945 25.1771 -0.117672
13.793 24.9103 0.0276984
12.1314 25.1866 -0.0405816
11.5979 25.2748 -0.392016
14.5227 24.7857 -0.407856
16.0039 24.5383 -0.180692
13.3447 24.9827 0.0923172
14.1846 24.8434 -0.511552
13.2017 25.0072 -0.315678
13.1913 25.0089 -0.130257
15.3453 24.6494 0.16729
13.1299 25.019 0.236086
13.6652 24.9302 0.0204727
13.7298 24.9191 -0.0965607
13.0571 25.0311 0.306869
12.4799 25.1269 0.528213
14.0635 24.8622 -0.275659
15.6821 24.592 -0.454374
14.5046 24.7891 -0.186369
14.0579 24.8647 -0.0134695
12.5736 25.1124 -0.368097
14.7889 24.7428 -0.0190564
14.3119 24.8222 0.286608
14.4046 24.8074 -0.336749
13.4378 24.969 -0.0170192
12.694 25.093 0.236901
13.5812 24.9446 -0.164444
13.051 25.0324 -0.266175
12.2762 25.1611 0.0132543
15.6648 24.5954 -0.22109
14.1705 24.8446 -0.109523
15.3892 24.6424 -0.0113612
15.1921 24.6761 0.259765
16.1206 24.5226 0.396302
15.091 24.6957 0.334533
13.9515 24.8871 0.250281
13.3534 24.9874 0.0570658
12.7882 25.0815 0.224424
14.2384 24.8391 0.432792
14.0406 24.8718 0.113879
14.0158 24.8762 -0.150832
14.0418 24.872 0.0602891
17.0758 24.3666 0.147512
14.5192 24.7941 0.29263
17.001 24.3821 0.187392
14.0579 24.8742 0.189843
15.2215 24.6817 0.290366
15.1353 24.6967 0.194978
15.2748 24.6745 0.41441
15.0962 24.7054 0.283753
14.7528 24.7637 0.241028
11.9592 25.2302 0.764974
13.7866 24.9252 0.401774
14.7693 24.7606 0.156742
12.5501 25.1308 -0.0257012
10.5007 25.4721 -0.393658
12.4259 25.1493 0.00957557
13.844 24.9109 0.430052
12.6555 25.1084 0.0995633
15.738 24.5941 0.0444979
13.2948 25.0016 0.308719
11.7914 25.2527 -0.27505
12.3118 25.1649 -0.207815
13.2468 25.0076 -0.15218
11.2584 25.3381 -0.0115295
13.7121 24.9278 -0.203642
14.4086 24.8106 -0.302394
11.1945 25.3465 -0.106133
12.5716 25.1161 -0.023076
13.7381 24.9201 -0.27578
11.8934 25.227 -0.549458
10.8943 25.3926 -0.49912
12.3021 25.156 -0.23369
12.1193 25.1846 -0.201221
13.8382 24.8968 -0.617936
11.4936 25.2869 -0.492125
12.9043 25.0509 -0.642994
11.4494 25.2921 -0.534711
10.8029 25.3985 -0.499575
15.0153 24.6943 -0.704446
16.9843 24.3654 -0.30096
14.3468 24.8069 0.10482
12.5744 25.1039 -0.649377
15.1021 24.6824 -0.302501
13.8834 24.8855 -0.688833
16.6458 24.4258 -0.402421
15.8282 24.5633 0.0400295
13.8103 24.9017 -0.116172
14.126 24.8499 0.222051
13.6922 24.9224 0.137011
13.376 24.9752 -0.0345251
15.2701 24.6593 -0.0422686
14.5946 24.7723 -0.215101
14.5946 24.9863 0.281302
13.8014 24.9055 0.240551
12.4024 25.139 0.0105335
15.6496 24.5973 0.0902333
14.4802 24.7924 0.159655
14.4104 24.805 0.0267708
13.377 24.9778 -0.212156
13.5468 24.9496 0.170865
13.8115 24.9052 0.165676
14.5477 24.7824 -0.451681
13.4996 24.9574 0.167018
14.4028 24.8071 -0.25594
13.38 24.9777 -0.00330874
12.1045 25.1903 -0.386772
15.4598 24.6302 0.226462
13.0989 25.0237 -0.239477
12.7465 25.0828 0.180481
14.7832 24.7427 -0.358197
12.2668 25.162 -0.0870448
14.4827 24.7925 0.00540804
12.8057 25.0717 -0.20119
12.3546 25.1467 -0.266872
13.913 24.886 0.0106547
14.4099 24.8026 0.0892544
14.6321 24.7659 0.149664
13.0182 25.0355 0.126098
14.6611 24.7617 0.102373
13.3201 24.9852 -0.0289565
11.0329 25.3666 0.0615346
15.7874 24.5729 -0.501515
13.5542 24.9448 -0.120892
12.2934 25.1556 -0.0492084
11.3214 25.3169 -0.103714
13.0523 25.0268 -0.0587917
13.6164 24.9315 -0.734124
14.9065 24.7161 -0.392797
12.7661 25.0732 0.0164221
13.1002 25.0176 0.21966
14.5164 24.7809 -0.284185
16.3733 24.4715 -0.0787302
16.3733 24.6373 -0.0617215
14.8675 24.7238 -0.0716957
16.2668 24.4922 0.363379
14.3718 24.8095 0.0740737
14.0186 24.8696 0.0746429
15.3976 24.6402 -0.0839285
13.7996 24.9073 0.365258
14.4373 24.8017 -0.250084
11.5946 25.2757 0.100189
14.7386 24.751 0.42885
13.3304 24.9852 0.243295
14.1024 24.8567 0.26317
14.7459 24.7494 0.196076
13.2177 25.0046 0.278998
13.8524 24.899 -0.0516022
12.8613 25.064 0.411371
11.5692 25.279 0.162796
14.8781 24.7262 -0.0135293
13.6938 24.9231 0.124553
11.5429 25.282 -0.343534
14.212 24.8361 -0.507368
15.5562 24.6114 -0.259153
14.2205 24.8349 -0.170725
13.2212 25.0024 -0.0701478
14.734 24.7502 -0.452532
12.7002 25.0893 -0.013107
12.8491 25.0644 0.0181927
12.8491 24.6862 -0.14944
14.207 24.8373 -0.354029
14.3464 24.8138 -0.397812
13.3004 24.9886 -0.228573
14.9288 24.7172 -0.163279
15.2742 24.6599 0.0291622
15.5484 24.6153 0.376383
12.6272 25.1035 0.637504
15.0336 24.7027 0.159825
12.0516 25.1997 0.120822
12.6532 25.0992 0.215939
14.5825 24.7765 0.00460344
11.9273 25.2188 0.0886873
13.0477 25.0317 -0.20343
12.6454 25.0976 -0.165398
12.8478 25.0631 0.310957
14.9264 24.7158 0.0227199
13.6684 24.9256 0.0387266
12.8338 25.0651 -0.356198
14.6563 24.7609 -0.0564394
12.338 25.1473 -0.0823201
15.0678 24.6921 -0.401752
14.3112 24.8181 -0.108888
15.0786 24.691 0.170583
13.5106 24.9531 -0.0467726
13.2067 25.0042 0.0711557
12.7275 25.0837 -0.036081
13.4901 24.9559 -0.0873632
12.5595 25.1104 -0.490936
13.7924 24.9043 -0.249516
11.9263 25.2148 -0.0775192
13.1215 25.0149 0.132403
13.6139 24.9318 -0.0366055
13.7368 24.911 -0.172759
14.9117 24.7151 -0.155412
14.5688 24.7727 -0.360755
14.122 24.848 0.218843
11.8317 25.2302 0.255281
15.1864 24.6704 -0.264124
13.7964 24.9019 0.149644
13.8189 24.8987 -0.0482724
12.7821 25.0716 -0.0323408
14.6902 24.7532 0.0814808
15.7982 24.5685 -0.189824
14.7066 24.7516 0.00296991
15.318 24.651 0.00641289
15.8174 24.5688 0.132444
11.733 25.251 0.153118
15.7764 24.5771 0.0687829
13.1274 25.0186 0.658805
14.6616 24.7634 0.171029
14.7942 24.7414 0.349153
14.7942 24.7422 0.0781901
12.7852 25.0778 -0.0134133
14.899 24.7255 0.382197
15.4514 24.6335 0.150072
15.0029 24.7094 -0.0352563
14.9262 24.7233 0.279042
15.0264 24.7076 0.347915
12.2741 25.1673 0.101392
12.5739 25.1172 0.209961
11.0227 25.3745 0.108855
12.1914 25.1781 0.0317579
12.1353 25.1856 -0.153882
12.1353 24.6651 0.222708
11.9897 25.2085 -0.325974
13.0526 25.0299 -0.112646
12.9153 25.0517 -0.0356872
15.5687 24.6088 -0.219954
14.7079 24.7526 0.0361154
13.6031 24.9379 -0.0886096
11.4497 25.2971 -0.00898391
12.8904 25.056 -0.190419
12.9099 25.0514 -0.25578
14.9396 24.7124 -0.113616
13.8547 24.8933 -0.235137
15.7952 24.5704 -0.149402
14.9845 24.7064 0.0413514
14.479 24.792 -0.334899
13.6318 24.934 0.0845876
15.4242 24.6355 0.0754775
10.8973 25.3906 0.212005
13.266 24.9953 -0.265985
13.8676 24.8936 -0.377364
13.5998 24.938 -0.0619787
14.5776 24.775 -0.505736
14.0957 24.8556 -0.0368075
16.3677 24.4774 -0.0208419
14.4105 24.8048 0.122953
15.6144 24.6055 0.185057
13.0837 25.0283 0.310257
12.478 25.1297 -0.292279
12.3363 25.1524 0.0482494
13.5019 24.957 0.527372
12.7721 25.0779 -0.191623
14.8651 24.7285 -0.0780864
15.3888 24.6413 0.148377
11.8585 25.2308 -0.109157
14.2508 24.8319 -0.312075
14.358 24.8134 -0.0980014
12.7993 25.0736 0.253566
12.7993 24.7796 0.0505911
12.7993 25.1649 -0.191968
13.0471 25.0321 -0.00613774
12.9596 25.046 0.0360046
14.6094 24.7704 -0.353673
13.4207 24.9685 0.487361
12.0529 25.1967 -0.0657206
14.7 24.7546 -0.276515
13.0456 25.03 -0.187132
13.0456 24.4065 -0.10865
16.6026 24.4372 0.0607557
14.1752 24.8427 0.0436575
14.2985 24.8235 0.0411963
13.841 24.9001 -0.19411
13.841 25.1437 -0.115349
14.824 24.7365 0.10214
14.189 24.8428 -0.0512061
15.1896 24.6766 0.160677
11.8967 25.2261 0.164813
13.1036 25.0248 -0.257045
13.1517 25.0157 -0.172296
12.6988 25.0906 -0.0832117
14.8193 24.7364 -0.355866
14.9528 24.7142 -0.386782
15.2565 24.6645 -0.0162414
14.9601 24.715 0.268417
15.1678 24.6814 0.120828
12.5115 25.1252 0.0881271
14.5503 24.7854 0.460888
13.9963 24.8775 0.209081
14.5197 24.7907 0.402123
14.4039 24.8103 0.41505
15.2098 24.6765 0.00533164
14.1076 24.8611 -0.127114
15.4108 24.6446 -0.137779
14.1742 24.8514 0.150175
13.639 24.9414 0.396501
10.9857 25.3837 0.142713
13.1326 25.0246 0.276268
13.822 24.9082 0.207235
14.3066 24.8272 0.111434
15.1158 24.6925 -0.0947134
13.8004 24.9125 0.310542
14.535 24.7906 -0.0117743
13.0323 25.0413 -0.0117992
13.2391 25.0068 0.0914795
12.4982 25.1297 -0.0463644
13.576 24.9493 -0.393897
13.9275 24.89 0.0754803
13.3039 24.9939 -0.0272965
11.758 25.2514 -0.331429
14.6236 24.7727 0.0272643
13.4275 24.9715 0.0611423
12.6793 25.0964 0.177091
14.8726 24.7302 0.324569
14.0826 24.8619 0.104374
14.0826 24.694 0.0506944
13.6245 24.9388 -0.123085
9.16865 25.6815 0.178184
13.3795 24.9776 0.0449834
14.8227 24.735 -0.255359
14.9975 24.7061 0.303107
12.5251 25.1191 -0.498267
12.5251 24.9237 0.159068
15.6373 24.6004 -0.21143
14.5757 24.7776 0.105948
12.6454 25.1004 0.264444
12.0382 25.2014 -0.416217
13.128 25.0186 -0.511253
11.7003 25.2555 -0.0598764
13.1179 25.0181 -0.53987
14.4971 24.7871 -0.344289
14.4971 24.9047 -0.161011
12.2028 25.1695 -0.263233
13.3636 24.9757 -0.465446
14.6351 24.7629 -0.288519
12.4145 25.1332 -0.247872
12.4145 24.7856 -0.157564
12.4145 24.9479 -0.25255
11.7649 25.2413 0.140837
11.6722 25.2553 -0.242241
11.4148 25.2965 -0.224448
12.8261 25.0595 -0.55153
13.2816 24.9822 -0.408013
13.308 24.9772 -0.292682
15.1825 24.6645 -0.520407
13.6525 24.9199 -0.173061
14.2453 24.8217 -0.578603
15.4601 24.6194 -0.216987
14.9615 24.7034 -0.255541
14.8114 24.7297 -0.217926
14.363 24.8054 -0.186009
15.5079 24.6153 0.0620115
14.8159 24.7316 -0.0025207
15.6093 24.6005 -0.00422423
15.8929 24.5545 -0.139045
15.286 24.6573 0.200586
12.1798 25.1765 -0.0514485
13.4272 24.9685 0.339638
13.4399 24.9656 0.0582621
13.8108 24.9035 0.0652467
15.0822 24.6914 -0.148042
12.0402 25.199 0.129758
14.0578 24.8625 0.103661
12.218 25.1686 -0.0606698
13.6458 24.93 -0.240516
13.8099 24.902 -0.279248
13.553 24.9448 -0.119871
14.6333 24.7646 0.268262
12.685 25.0896 0.172725
13.2861 24.9893 -0.0486277
14.0012 24.8695 0.10484
15.5424 24.6125 -0.0466694
14.8501 24.7287 0.0444994
12.9924 25.0395 0.0624938
15.2209 24.6683 -0.0832567
13.247 24.9975 -0.231806
13.1728 25.0102 -0.0591618
13.543 24.9481 0.290021
12.8389 25.0651 -0.297334
14.0992 24.8545 -0.59079
14.1166 24.8514 -0.111258
14.3138 24.8188 0.289811
15.8821 24.5577 -0.0986451
15.3111 24.654 0.0465426
13.0253 25.0365 0.088322
14.9077 24.7231 0.312349
15.2482 24.6665 -0.0586439
14.4275 24.8043 0.314957
13.7359 24.9204 0.139568
14.7293 24.7551 0.013049
13.9479 24.8857 0.406642
12.8216 25.0738 -0.373793
13.7024 24.9267 0.365209
13.4956 24.9607 -0.0531262
15.337 24.6536 -0.183948
14.4356 24.8043 0.366889
14.9366 24.7217 0.123295
11.7081 25.2605 0.0847736
13.7926 24.9127 -0.170181
14.2818 24.8303 0.17349
15.7084 24.5927 0.215753
13.6628 24.9346 0.18344
15.1015 24.6955 0.279234
13.7861 24.9152 0.448489
14.7116 24.7615 0.264426
15.3987 24.6473 0.209494
13.3253 24.9939 0.382074
13.0634 25.038 0.515347
14.8862 24.7337 0.117668
14.3851 24.8173 -0.0698463
13.7407 24.9253 0.0687063
13.6155 24.9464 -0.106514
12.0378 25.2092 0.425665
15.0185 24.7115 0.210554
11.2494 25.3395 -0.224765
15.1902 24.6821 -0.0565468
12.84 25.0733 -0.0206228
12.3029 25.1629 -0.0713614
12.2746 25.1666 0.0113609
13.0837 25.0305 -0.177117
14.6458 24.7692 -0.36473
14.9192 24.7236 0.131532
13.8204 24.9076 -0.0046027
14.0173 24.8752 -0.00294282
13.552 24.9528 -0.287328
10.9317 25.3895 0.0313654
15.6792 24.597 0.0194469
13.0431 25.0359 -0.0845598
13.0431 25.2308 0.00572406
14.8465 24.7358 -0.286259
13.5303 24.9553 -0.153412
12.4473 25.1361 0.0364226
14.0563 24.8672 -0.139975
13.8377 24.9032 0.094387
12.8821 25.0626 0.262896
13.0159 25.0399 0.240461
15.5696 24.6136 0.0267401
14.7673 24.7477 -0.19464
13.1744 25.0143 -0.00645866
13.2631 24.9996 0.21606
14.989 24.7115 -0.186751
14.2461 24.8356 0.0377349
13.1825 25.0135 0.0189075
15.4272 24.6393 -0.0805088
13.5248 24.9568 0.150445
13.0857 25.0305 -0.237739
13.1409 25.0209 -0.190282
13.5638 24.9498 -0.132418
14.0041 24.876 -0.0482075
15.9685 24.5486 -0.00478755
14.0579 24.868 -0.133619
15.0321 24.7067 0.173194
14.4123 24.8106 -0.223799
14.7321 24.758 -0.0203141
13.9845 24.8832 -0.361028
16.269 24.5029 0.12626
13.4159 24.9795 0.393129
10.4035 25.4824 0.0220671
15.7724 24.586 -0.162668
15.8068 24.5796 0.331357
15.8068 24.9107 0.0884006
14.7804 24.7523 0.573263
14.3751 24.821 0.424576
12.4313 25.1456 0.261228
13.4353 24.9779 -0.209771
12.3704 25.1546 0.353767
13.1931 25.0167 0.287686
13.4484 24.9733 -0.0427645
14.9924 24.7155 0.349455
13.1982 25.0149 -0.1016
12.3643 25.154 0.0913706
15.0664 24.7028 0.0136587
15.8023 24.5801 -0.429896
13.0369 25.0423 -0.0380701
13.9217 24.8953 0.182962
13.0592 25.0387 0.072717
12.9148 25.0625 0.153541
11.5117 25.2957 -0.123008
13.0109 25.0444 0.216369
13.3466 24.9872 0.234819
13.2833 24.9972 -0.338933
13.2732 24.9984 0.0430005
12.7026 25.0931 -0.0317862
13.1839 25.0122 0.366686
12.829 25.0706 -0.524897
13.554 24.9491 -0.491923
13.401 24.9741 -0.117303
14.2235 24.8368 -0.474762
14.3409 24.8172 0.261905
13.5547 24.9486 0.0724914
15.7295 24.5863 -0.01852
13.419 24.9721 -0.305448
12.5393 25.1193 -0.0364926
14.1228 24.8547 0.00718703
13.5991 24.9416 -0.492252
13.6394 24.9349 -0.0470475
12.0307 25.2029 -0.400083
11.5083 25.2892 -0.256512
15.1739 24.6765 -0.188745
12.3188 25.152 0.259865
12.7318 25.0831 -0.349851
13.5491 24.9459 -0.330064
12.0616 25.1933 0.0382732
13.4166 24.9666 -0.219066
12.4363 25.1292 -0.178162
14.1777 24.8382 -0.0284266
12.67 25.0891 -0.0772427
13.0666 25.0227 -0.61399
13.7337 24.9108 -0.120615
14.2662 24.8218 0.0102772
15.2029 24.6659 -0.382801
13.2239 24.9965 -0.0633224
14.0801 24.8542 -0.152542
14.9202 24.7141 -0.183435
15.6662 24.5904 -0.0562402
13.2153 25.0001 -0.0698848
14.4878 24.7886 0.034971
13.4549 24.9608 -0.175645
15.9353 24.5476 -0.135941
13.372 24.9756 0.0334611
14.6141 24.7693 0.499171
12.8426 25.0647 0.395406
14.7275 24.7505 0.0252535
14.7205 24.7517 -0.392219
14.0934 24.857 0.344171
13.2184 25.0033 0.188321
13.8108 24.9045 0.163417
15.5015 24.6225 0.00137364
13.3514 24.9816 0.152898
15.1416 24.6837 -0.199867
14.3285 24.8196 0.0513055
14.0929 24.8597 -0.179338
13.7986 24.9091 0.268071
13.8874 24.8944 0.162544
14.3327 24.8202 -0.0151535
12.5954 25.11 0.227145
15.4741 24.6299 -0.126936
14.022 24.8721 0.112678
15.4789 24.6301 0.069083
13.9473 24.8861 0.166194
12.7624 25.0844 0.293592
13.1586 25.0179 -0.0600892
13.5449 24.9528 -0.270307
13.2358 25.004 -0.258394
12.6872 25.0951 0.281433
12.7861 25.0779 -0.282682
11.2708 25.3295 -0.0948541
13.7119 24.9212 -0.578609
12.4239 25.1348 -0.198753
15.329 24.65 -0.103357
14.4603 24.7948 -0.287142
12.7906 25.0741 0.0509573
12.7906 25.1935 -0.290428
14.1467 24.8479 -0.382326
11.7669 25.2443 -0.461964
14.9077 24.7201 -0.00185594
13.3257 24.9834 0.0734723
14.3799 24.808 -0.138849
14.059 24.8615 0.00783049
16.1037 24.5211 0.0675712
14.3555 24.8136 -0.391274
15.2595 24.6641 -0.62821
14.0683 24.8635 -0.167738
13.7345 24.9198 -0.141419
12.8323 25.0703 -0.177001
15.8668 24.5641 -0.166226
14.6029 24.7752 0.275146
13.1032 25.0263 0.125138
13.8997 24.8936 0.172972
13.8997 24.8856 -0.109218
14.2165 24.8406 0.231024
11.9498 25.2185 0.0909861
13.6909 24.9277 -0.0559414
13.9203 24.8887 -0.0100774
11.6717 25.2635 0.4208
12.9357 25.0519 -0.0752008
12.0635 25.1961 -0.200759
15.1217 24.6853 -0.0605289
12.8302 25.067 -0.106569
14.696 24.7562 -0.324741
12.3089 25.1541 -0.179382
14.1066 24.8542 -0.182499
13.6982 24.9218 -0.0232569
12.9996 25.0383 0.184915
13.1792 25.008 -0.421578
12.7588 25.0775 -0.315716
12.7588 24.8791 -0.29509
12.2897 25.155 -0.305183
16.4375 24.4627 -0.36199
13.1084 25.018 -0.00603104
15.3725 24.6415 -0.121644
14.4989 24.7875 0.252666
14.0473 24.8637 -0.071237
15.8009 24.5719 -0.0641303
13.2722 24.9943 0.0608346
14.5366 24.7842 -0.0272589
16.7758 24.4111 0.364564
13.079 25.0287 0.0307464
12.9885 25.0448 0.102119
13.3981 24.9758 0.289362
14.4069 24.8072 0.361878
12.9951 25.0426 -0.719942
12.7319 25.0864 0.0714611
13.333 24.9854 0.0288253
14.8573 24.7307 0.0862074
15.8816 24.5603 -0.217639
14.5885 24.7771 0.14343
13.0126 25.0409 0.0561069
14.8585 24.7333 0.103226
13.5886 24.945 0.523359
13.0527 25.0347 -0.284246
15.6027 24.6093 0.019968
13.6539 24.9345 0.155878
13.6539 24.6879 0.247519
14.6106 24.7757 0.0521931
14.7382 24.7547 0.169619
13.8163 24.9091 0.277482
16.6526 24.4367 0.248475
13.553 24.9545 -0.13553
14.5054 24.7968 0.0158302
14.2354 24.842 0.244523
13.5865 24.9506 0.158627
13.3819 24.9848 -0.131916
14.0723 24.8694 0.281147
14.4022 24.8143 0.00557891
14.0838 24.8677 0.36021
13.3338 24.993 0.212612
11.6826 25.2681 0.173701
12.5462 25.1231 0.237999
11.9812 25.2158 0.317015
13.8999 24.8947 -0.125836
11.9726 25.2152 0.119843
13.3426 24.9861 0.0984235
12.2069 25.1744 0.135659
14.9286 24.72 -0.0303941
11.6045 25.2738 -0.262983
15.2485 24.666 0.0467387
12.7599 25.0805 -0.220704
11.3262 25.3196 -0.146636
12.5914 25.1073 -0.234826
13.9557 24.8783 -0.170704
12.6994 25.0873 0.114249
12.9576 25.0439 -0.345666
12.1785 25.173 -0.255993
12.2019 25.1681 -0.36678
14.2707 24.8219 0.102413
11.0113 25.3647 -0.305503
14.7014 24.7488 -0.669245
14.9639 24.7043 -0.400382
13.2907 24.9841 -0.315965
14.4267 24.795 -0.0894445
12.5125 25.1142 0.237921
15.3503 24.641 -0.298954
14.9317 24.7109 -0.537774
15.9107 24.5489 -0.455426
15.7686 24.5739 0.088211
15.9234 24.5499 0.121902
14.7961 24.7395 0.238173
13.9987 24.8737 0.197158
13.7493 24.9158 0.597255
13.9298 24.8858 0.0170716
14.2305 24.8357 0.550119
14.1901 24.8427 0.104346
16.8528 24.3992 0.312777
16.8528 24.9273 0.434391
15.8694 24.5646 0.169701
15.139 24.6884 0.465919
15.174 24.684 0.489592
12.3165 25.1614 0.269822
14.2176 24.8444 0.642391
11.7581 25.2539 0.227919
13.594 24.9472 0.016936
13.4237 24.9746 0.197021
11.5731 25.2828 0.275225
14.3083 24.8258 -0.303203
13.2108 25.008 0.0896896
12.4737 25.1308 -0.177799
12.1719 25.1803 -0.217243
12.6389 25.1012 0.048942
14.1749 24.844 0.0287413
13.7804 24.9094 -0.0192144
13.2982 24.99 -0.405434
13.0677 25.0282 -0.176884
15.1014 24.6887 -0.170071
12.8259 25.0682 -0.188797
13.552 24.9473 0.105697
13.1858 25.0079 -0.212155
13.552 24.9465 -0.0585749
14.047 24.8636 0.0219022
15.0143 24.7024 -0.00493548
12.8846 25.058 -0.14967
15.2921 24.6569 -0.324379
13.4326 24.9671 -0.0940751
15.4489 24.6315 -0.350166
14.7484 24.7488 -0.0679503
14.9065 24.7235 -0.122737
14.0025 24.8751 0.34881
12.5179 25.123 -0.0644048
12.824 25.0716 -0.00442551
14.4557 24.7987 -0.00752655
13.29 24.9928 -0.18082
13.2302 25.0028 -0.400383
13.8451 24.8999 -0.105032
12.8723 25.0618 0.163143
12.8536 25.0646 -0.158598
11.6963 25.2567 -0.340176
14.0558 24.8622 -0.247319
13.4812 24.9572 -0.0103268
13.5191 24.9508 0.0297807
12.1928 25.1717 -0.451259
13.6448 24.9289 -0.219717
14.0539 24.86 -0.179256
14.5604 24.7757 0.00734633
12.2314 25.1643 0.20097
13.4798 24.9559 -0.361287
12.4074 25.1339 -0.473384
14.7064 24.75 -0.201847
13.4668 24.9564 -0.154126
13.2553 24.992 0.268523
14.7009 24.7507 -0.304217
13.8457 24.8934 -0.312037
12.7576 25.0752 -0.0209178
13.8886 24.8863 -0.418982
13.5467 24.9429 0.152155
12.1548 25.1749 -0.143091
15.0609 24.6898 0.214591
12.5201 25.1131 -0.215891
16.164 24.5058 0.42805
13.1442 25.0096 -0.450277
14.5288 24.7796 0.0295288
14.3793 24.8046 -0.0233789
12.4837 25.1211 -0.0256211
16.1333 24.5126 0.0170735
15.1992 24.6687 0.195892
15.233 24.6646 0.0585871
13.7879 24.9067 0.0472571
13.3491 24.9804 -0.291706
13.8476 24.8972 -0.105141
13.5535 24.946 0.271278
13.0872 25.0237 -0.0374249
12.7225 25.0841 -0.246434
14.496 24.7878 0.0801836
12.3727 25.1415 0.158751
13.7256 24.9157 0.0761489
15.1519 24.6774 -0.204021
11.6895 25.255 -0.235172
13.3067 24.9852 0.247764
14.4654 24.791 -0.195858
12.6354 25.0961 -0.306372
15.0485 24.6938 -0.0241444
12.9047 25.0511 -0.167332
16.0792 24.5222 0.185308
12.7754 25.0735 -0.198555
13.3123 24.9845 -0.323329
14.7439 24.7453 -0.016586
12.3376 25.1466 0.0609282
12.4719 25.124 -0.459951
14.3413 24.8113 -0.262213
13.4415 24.961 -0.021693
13.4415 24.9183 -0.289438
14.3378 24.8117 0.0284815
12.6869 25.087 0.298952
12.5832 25.104 -0.0526096
12.7014 25.0834 -0.410916
13.0707 25.0209 0.105525
14.7886 24.7339 -0.209414
13.1536 25.0065 -0.503897
12.4546 25.1232 -0.067749
15.6727 24.5861 -0.267416
14.722 24.7448 -0.00106237
14.4411 24.7928 0.0869305
13.5387 24.9439 0.055455
17.0278 24.3626 0.234915
12.6398 25.0952 -0.361793
12.8216 25.0658 0.262623
13.9801 24.8719 0.0490946
12.8482 25.0602 -0.235644
14.9524 24.7092 -0.0261861
13.2826 24.9876 -0.0891378
14.0383 24.862 0.167485
14.6143 24.7659 0.182031
14.1954 24.8362 0.128927
14.1176 24.8497 -0.134005
14.1786 24.8398 0.0953246
11.1436 25.346 0.288683
14.0414 24.8621 0.0881743
14.6004 24.7679 -0.284277
13.4654 24.9576 -0.144211
14.4944 24.7863 -0.540119
13.2837 24.9883 0.11082
15.0027 24.7019 0.161432
14.2321 24.8306 0.0631986
15.5463 24.6123 0.193078
13.7006 24.9208 0.239153
13.5092 24.9534 0.117926
13.1427 25.0144 -0.0198005
13.9803 24.8744 -0.161658
15.9729 24.5421 0.243302
13.6637 24.928 -0.186136
13.2655 24.9952 -0.178693
12.9991 25.0393 0.115709
17.2199 24.3353 -0.00669146
13.4677 24.9618 0.111858
14.1465 24.8499 0.04602
14.2641 24.8304 0.160639
14.4997 24.7914 0.091608
14.7546 24.7494 -0.103495
17.0818 24.3623 0.35709
14.9844 24.7136 0.456304
17.0792 24.3663 0.585302
12.8805 25.0679 0.664279
14.011 24.8805 0.293647
11.6169 25.2792 0.128912
13.4583 24.9714 0.289475
11.2249 25.3425 0.227573
14.1114 24.8602 0.101342
12.8501 25.0694 -0.412443
13.9207 24.8907 -0.304781
12.13 25.1888 0.215923
14.1244 24.8557 -0.266714
15.0123 24.7072 0.0255493
13.532 24.9545 -0.102068
12.5815 25.1134 0.0292151
12.0271 25.2051 0.18358
10.6256 25.4374 0.140618
13.8824 24.8926 -0.0446422
12.9372 25.0488 -0.405182
14.1358 24.8487 -0.155689
12.5002 25.1211 0.152719
15.5192 24.6176 -0.128431
13.2915 24.9891 -0.147875
14.5055 24.7872 -0.236571
13.603 24.9378 0.126713
13.4865 24.9574 0.00163647
15.0876 24.6904 -0.367584
15.0023 24.705 -0.219299
13.2964 24.9904 -0.133244
12.5293 25.1185 -0.185862
12.6573 25.0964 -0.116622
12.0538 25.196 -0.134405
13.9863 24.8728 -0.0514538
15.3014 24.6529 -0.0449592
14.0282 24.8659 -0.283911
13.659 24.9281 0.0999874
13.4305 24.9663 0.11367
13.6384 24.9314 -0.141928
13.6295 24.9327 -0.449215
15.6972 24.588 -0.0712362
14.8795 24.725 0.135123
14.657 24.7633 0.218428
14.1638 24.8463 0.304678
14.549 24.7827 0.0406218
13.8181 24.9049 0.226904
11.0292 25.3701 -0.11254
14.9028 24.7233 0.106445
11.9632 25.2126 -0.0984182
16.9999 24.3728 -0.0877217
13.3518 24.9814 0.110512
14.6797 24.7612 -0.158328
12.1289 25.1866 0.352272
14.49 24.7927 -0.577679
15.6448 24.5998 0.0178368
13.6754 24.9291 0.0260582
14.5543 24.7834 0.137009
14.8259 24.7384 0.109123
13.5459 24.9524 0.281004
13.0964 25.0277 0.407348
15.6649 24.5992 0.140346
13.4169 24.9743 0.486344
13.4834 24.9638 0.217684
12.709 25.0926 -0.451322
14.1305 24.8551 -0.193308
13.4451 24.969 0.0364402
13.1817 25.0128 0.000374224
10.6001 25.4427 -0.0189305
14.583 24.7773 0.0425755
12.6406 25.1 -0.0338037
14.2438 24.8326 -0.457677
14.3484 24.8149 -0.152744
13.8292 24.9019 -0.0695422
12.1216 25.1867 0.0100283
14.1369 24.8501 -0.11741
13.001 25.0389 -0.342793
16.8014 24.4053 -0.0399294
15.5251 24.619 0.0207175
13.8563 24.8991 0.182434
13.0291 25.0377 0.486569
11.3559 25.3163 0.0257073
16.1008 24.5241 -0.0299398
12.9104 25.0558 -0.0536085
12.9104 24.746 0.145432
12.0916 25.1928 -0.167239
12.9056 25.0561 0.177731
12.6271 25.1014 -0.0704392
14.6632 24.7612 0.113361
12.9421 25.0479 -0.402166
12.9942 25.0393 -0.156574
12.9942 25.0266 -0.0986846
11.9606 25.2108 -0.146269
13.095 25.0207 -0.0623652
13.095 24.9373 0.220467
14.4271 24.7976 -0.48687
12.4619 25.1252 -0.222033
15.2055 24.6676 -0.0387811
15.093 24.6864 -0.398198
14.3256 24.8155 0.157123
17.4166 24.3011 -0.201137
16.9992 24.3724 0.0225571
16.0975 24.5256 -0.302205
14.3919 24.8121 0.072807
13.6444 24.9379 0.0882556
14.1515 24.8535 0.0571773
13.6762 24.9328 0.426658
13.996 24.8796 0.0879642
13.2054 25.0114 -0.214658
13.8504 24.9037 0.0708775
12.8878 25.0639 0.0909458
15.6572 24.6019 0.139791
12.5555 25.1192 0.228937
15.0313 24.7069 0.521744
13.7272 24.9242 -0.0890986
13.0381 25.0395 0.268168
13.5214 24.9586 0.281333
14.4361 24.8057 -0.0854642
14.3134 24.8262 -0.16048
14.9616 24.7187 -0.0633531
15.0627 24.7025 0.154978
12.2288 25.1758 0.0899425
14.8387 24.7406 0.2889
14.3723 24.8181 0.224968
12.5007 25.1307 0.141012
10.7742 25.4181 -0.0180219
13.0289 25.0405 0.0750619
13.8777 24.8974 -0.201153
15.9283 24.5554 -0.0706851
13.0245 25.0402 0.159734
13.678 24.9319 -0.174434
13.5241 24.9571 -0.495386
11.5756 25.2817 0.280518
12.9327 25.0544 -0.299774
15.2059 24.6743 -0.168664
12.0738 25.1965 -0.010213
13.9718 24.88 -0.445944
13.6088 24.9399 0.0219265
14.174 24.8457 0.136778
14.3452 24.8172 -0.093576
13.2266 25.004 -0.0328442
13.1492 25.0169 0.488871
12.5648 25.1138 -0.0273389
14.4684 24.7958 -0.222596
13.6353 24.9344 -0.318349
15.748 24.5825 -0.0481654
14.4884 24.7931 0.0717146
13.347 24.9845 -0.0458062
13.926 24.8881 -0.19632
