0 0 -0.0518186
-3.20318 0.320318 0.233553
-2.31909 0.231749 -0.0432066
4.78003 -0.47844 0.205704
-0.642091 0.0638963 -0.12617
0.407962 -0.0409018 0.138229
-3.32407 0.33229 0.0131894
-2.32755 0.232493 -0.327855
-3.48215 0.347669 -0.173301
-0.386024 0.0377672 -0.0986287
3.11563 -0.312591 -0.11853
-1.38561 0.13767 -0.120378
1.58575 -0.159378 -0.290852
3.67694 -0.368486 -0.437645
0.621422 -0.0626705 -0.176022
1.22749 -0.123062 0.76416
-1.63995 0.163775 0.0966122
-0.340549 0.0338147 0.0269625
1.90976 -0.191315 0.0994894
0.77447 -0.0777072 0.223861
0.397546 -0.0398803 0.260328
-1.22123 0.122056 0.267972
-0.546954 0.0545874 0.2369
-0.546954 0.165033 -0.0238552
-0.568053 0.056609 0.0469425
4.60986 -0.461238 -0.0711343
-2.03055 0.203006 0.0475905
3.36304 -0.336224 -0.291382
0.719116 -0.0717656 0.241678
2.43914 -0.243564 0.211659
1.10926 -0.110418 0.471691
-0.238203 0.024505 0.242648
-0.560171 0.0567448 0.123036
-0.867609 0.087448 0.137081
0.0308421 -0.00246924 0.0519644
1.78443 -0.17787 -0.0426935
-1.00634 0.101296 -0.096704
2.8332 -0.282619 0.199665
1.94842 -0.194051 0.34663
-0.510332 0.0520631 0.0786439
0.190973 -0.0179964 0.229544
2.9452 -0.293436 0.106273
1.59009 -0.157769 0.389742
1.20626 -0.119161 0.225749
-2.08661 0.210265 0.110213
0.29524 -0.0279658 0.217099
-2.46947 0.248414 0.212903
-1.92028 0.193384 -0.146966
0.699692 -0.0688334 -0.0128296
-3.7094 0.372013 0.326614
-0.341737 0.0350957 -0.326221
-1.9875 0.199468 -0.141737
-1.42058 0.142659 -0.0305053
5.91371 -0.590941 -0.0944067
-2.06876 0.207531 0.0631921
-1.6058 0.161426 0.0593723
-2.49376 0.250037 -0.198367
-2.1492 0.215375 -0.385484
-0.644318 0.0646548 -0.0579604
-0.933379 0.0934209 -0.134419
-1.26015 0.126019 -0.147066
-2.26597 0.226491 -0.812773
-3.85553 0.385271 -0.377582
-3.95324 0.394736 -0.676951
-1.40005 0.139027 -0.806202
-0.32781 0.0315362 -0.958298
1.15698 -0.117028 -0.574041
-1.85114 0.183826 -0.550584
-2.06856 0.205535 -0.205233
-2.71444 0.269929 -0.696467
-1.85503 0.18375 -0.339384
-1.75621 0.173641 -0.485174
-0.958551 0.0936964 -0.471018
-1.8171 0.179417 -0.476277
1.16993 -0.119421 -0.890347
2.43429 -0.245888 -0.3065
2.57254 -0.25953 -0.684893
2.34772 -0.236796 -0.275142
0.730852 -0.0748606 -0.347408
0.479132 -0.0495328 -0.237707
2.77742 -0.279299 0.0777357
3.71716 -0.373109 0.201118
-0.745984 0.0735317 0.435741
-1.70779 0.169862 -0.11365
0.148756 -0.0159142 -0.049514
0.419461 -0.0430617 0.611061
-1.42914 0.141828 0.341402
3.14667 -0.315803 0.0254283
3.57411 -0.358459 0.203318
-1.60509 0.159798 0.119273
1.80296 -0.180908 0.353165
4.3372 -0.434321 -0.0708135
1.80262 -0.180556 0.180472
5.09442 -0.509428 0.129266
2.22907 -0.222549 0.31482
2.02474 -0.201749 0.650741
-3.59685 0.360622 0.670675
0.211416 -0.0202844 0.412158
-0.56822 0.0575091 0.836387
-0.253406 0.0260091 0.381317
0.0717919 -0.00655247 0.0761896
-2.52232 0.252849 0.545593
-0.157329 0.0162268 0.335424
2.66311 -0.265951 0.104186
-0.778547 0.0783389 0.361161
0.852224 -0.0846444 0.446791
0.242174 -0.0236363 0.297854
1.47151 -0.146515 0.586387
2.84932 -0.284212 0.417764
1.39398 -0.138463 0.314762
0.0473667 -0.00358963 0.479728
-1.9998 0.201198 0.158355
-0.502185 0.0513377 -0.0583403
0.542 -0.053207 0.461856
-2.87463 0.288457 -0.183978
-1.15459 0.116335 0.337378
1.48373 -0.147699 0.30135
-0.775168 0.0782064 0.150413
0.969006 -0.0961763 0.00874196
0.742864 -0.0735531 -0.502346
-2.62767 0.263586 0.234399
0.470008 -0.0462777 0.318752
-2.08869 0.209483 -0.0557634
4.16568 -0.416035 0.0769805
-2.84862 0.285498 0.312348
2.58845 -0.258143 -0.0156029
1.54083 -0.153395 0.261179
1.54083 -0.0286867 -0.0652328
1.09161 -0.108267 0.316871
0.941383 -0.0931139 -0.151959
0.0143361 -0.000308536 0.153072
-0.077584 0.00893018 0.14644
-0.772501 0.0784176 -0.109308
-4.70361 0.471485 -0.0831346
-3.74843 0.375691 0.237654
-0.68113 0.0685383 -0.360568
1.89516 -0.189313 0.111263
-0.67036 0.0672995 0.090878
-2.2154 0.221864 -0.291664
0.798142 -0.0796342 0.0185087
-3.67815 0.367923 -0.313586
0.960579 -0.0960933 -0.193315
0.932978 -0.093469 -0.206625
0.320874 -0.0321638 -0.182277
-1.70228 0.170214 0.164886
-1.69074 0.168992 -0.219113
0.967131 -0.0969654 -0.170142
-0.180617 0.0177734 -0.312419
3.62437 -0.362686 -0.285576
0.727246 -0.0728008 -0.0623299
-0.0054019 0.000681721 -0.243325
-0.402792 0.0404568 -0.216309
3.56782 -0.356625 0.106723
-3.56583 0.356898 0.251968
-1.21683 0.121997 0.102532
0.100611 -0.0099856 0.0539836
4.08608 -0.408588 -0.346425
0.873952 -0.0871664 -0.0765741
4.8202 -0.481543 0.0861788
0.268753 -0.0261142 0.705996
-0.992644 0.100279 0.442478
1.59381 -0.158403 0.0719881
-0.0229803 0.00330487 0.397533
0.807274 -0.079643 0.0641119
-4.19165 0.420287 0.314289
1.76403 -0.175451 -0.205701
1.36004 -0.135174 0.192802
-1.32651 0.133636 0.368311
0.56889 -0.0559031 0.180588
0.516638 -0.0507167 0.25921
-0.7312 0.0741203 0.326503
-2.75021 0.27601 0.251201
1.32306 -0.131493 -0.165016
0.715533 -0.070812 0.238592
0.715533 0.0504235 -0.0631707
-0.576847 0.0585272 0.302625
-1.39454 0.140302 0.0731074
2.40067 -0.239318 0.00481306
-0.64778 0.0655767 -0.101834
-0.64778 -0.0169737 -0.0662611
-5.08399 0.509285 0.193198
-1.84988 0.185586 -0.426711
-1.1686 0.117111 -0.317608
-1.28119 0.128218 -0.424736
0.0600004 -0.00602335 -0.380372
-0.538644 0.05378 -0.256548
-2.76866 0.276757 -0.0868692
-2.51895 0.251621 -0.232397
1.75027 -0.175565 -0.154994
3.34288 -0.334863 -0.151083
-2.13692 0.213371 -0.00761008
-0.469236 0.0466638 -0.173757
5.47426 -0.547815 -0.183599
-1.58812 0.158673 -0.295797
-6.50192 0.650247 -0.0409321
-0.816003 0.0812511 0.0809024
-0.597723 0.0590574 -0.278505
1.87558 -0.188343 -0.308069
-4.06723 0.406002 -0.471387
-3.99069 0.39824 0.01682
0.200939 -0.0213252 -0.449306
1.63113 -0.164533 -0.457009
2.1007 -0.211397 0.0263822
-2.46474 0.245335 -0.182289
-2.62337 0.261181 -0.00580153
-1.48181 0.146772 -0.930499
4.41756 -0.44337 -0.722844
0.135381 -0.0150029 0.0275401
2.81054 -0.282289 0.201847
3.80521 -0.381608 0.0239947
-0.371517 0.0363967 -0.185613
0.381982 -0.0387806 0.0495693
-0.159549 0.0153737 0.246808
1.5236 -0.15293 0.0958517
-0.62986 0.0624853 0.480876
1.99501 -0.199957 0.160918
1.34536 -0.134923 -0.216195
2.02799 -0.203018 0.0632087
-1.8934 0.18929 0.293194
1.72824 -0.172868 0.124789
1.72824 -0.080928 0.222059
-1.88467 0.188415 0.182102
-0.505859 0.0505264 -0.279647
1.50423 -0.150602 -0.223275
3.4131 -0.341439 0.113043
0.528851 -0.052768 0.341927
-0.458564 0.0461706 0.203324
-0.0483376 0.00515124 0.476998
-0.0946357 0.00975539 0.274013
-2.04236 0.204521 0.224334
-2.75878 0.276055 0.450289
3.40954 -0.341017 -0.0774342
-1.65435 0.165405 0.295815
-2.00468 0.200525 0.086366
0.724005 -0.0725262 -0.176551
0.420931 -0.0422829 -0.17547
0.285972 -0.0287295 0.275759
-0.597951 0.0596983 0.150289
-2.61812 0.261699 -0.00993834
-2.17323 0.21705 -0.389902
2.96259 -0.296771 -0.190461
2.29567 -0.23004 -0.162677
2.29567 -0.276667 0.338391
-2.11847 0.211638 0.319584
0.684232 -0.0686231 -0.114655
0.192157 -0.0194871 -0.513814
1.80336 -0.180564 0.0943709
-0.276655 0.0275381 -0.166294
0.908051 -0.0908559 0.0142808
-1.09596 0.109577 0.0120819
2.01239 -0.201267 0.483724
2.68961 -0.268944 -0.128807
2.8346 -0.283207 0.00568762
0.193814 -0.0188529 0.537172
0.287376 -0.0280581 0.190973
-2.84133 0.284836 0.725781
0.226575 -0.0220829 0.375247
-1.56666 0.157109 -0.108134
2.71907 -0.271532 -0.0955069
-1.37715 0.138148 0.341748
-1.36235 0.136735 0.155054
1.57275 -0.156913 -0.00679915
-1.95905 0.196277 -0.163589
1.10776 -0.110424 -0.0890517
-0.841194 0.0844291 -0.16543
0.187949 -0.0184723 0.0655812
-3.35875 0.336165 -0.334878
1.07834 -0.107703 0.0361346
-1.52631 0.152648 -0.512444
0.70725 -0.0707309 0.125365
-0.994381 0.0993913 -0.182867
-2.11943 0.211881 -0.000546433
-0.0816339 0.00794657 -0.309997
3.97049 -0.397376 -0.198923
-1.61273 0.161141 0.41898
2.05559 -0.205573 -0.00807248
1.06143 -0.106134 0.37675
1.06143 0.224752 -0.304597
-0.780505 0.0782147 0.319918
-1.04224 0.104402 0.29948
-2.16054 0.216141 0.102321
3.80249 -0.380322 0.082201
0.352861 -0.0352775 0.0284365
-1.2495 0.125167 0.0357815
1.48573 -0.148402 0.00491649
-0.937001 0.0938833 0.341512
-0.763282 0.0765386 -0.205721
-1.97836 0.197961 -0.197314
-0.969603 0.0969482 -0.108782
-0.848263 0.0846667 -0.0386631
-2.69426 0.269176 -0.0365613
-2.25869 0.225442 -0.148692
-1.98967 0.198292 -0.441518
-4.57418 0.456532 -0.356581
0.322807 -0.0334946 -0.190665
2.24002 -0.225427 -0.517491
3.39767 -0.341063 0.246581
1.02888 -0.103901 0.215318
1.29712 -0.130502 -0.447115
0.337419 -0.0344149 -0.251431
0.193377 -0.0199283 -0.095499
-0.895037 0.0889403 0.0125927
-0.67823 0.0672251 -0.0419111
-2.55012 0.254336 0.606317
-1.18479 0.117643 -0.0996269
-1.22178 0.121155 -0.48498
3.28131 -0.329273 -0.316778
0.885872 -0.0896252 -0.299228
-0.917621 0.0909335 -0.130896
2.47736 -0.248565 0.12469
-2.23705 0.222955 -0.159457
1.08581 -0.109318 -0.148609
1.41368 -0.142163 0.182026
0.684579 -0.0691266 -0.101849
4.07633 -0.408196 0.164097
-0.851036 0.0847792 0.0269028
1.96204 -0.196367 0.0131851
1.96204 0.00107226 0.125289
-0.632974 0.0631905 0.574896
0.80613 -0.0806533 0.138425
0.0968703 -0.00971862 0.183298
0.933047 -0.0932911 0.091578
-1.74387 0.174452 0.0789948
2.76465 -0.276441 0.398209
-4.00218 0.400293 0.28701
0.345683 -0.0345548 -0.189519
-2.83615 0.283446 -0.0567527
1.94804 -0.195098 0.257731
1.12453 -0.112791 0.131543
0.066909 -0.00687485 -0.0539857
0.170681 -0.0171922 0.180407
-1.18287 0.118175 0.168644
97.1263 0.250306 -0.247679
97.8995 -0.191223 3.76289
91.0669 0.317287 7.2054
91.9603 0.237391 10.1461
88.0319 0.63936 12.3431
85.489 0.902623 14.6609
84.2184 1.03832 16.7721
81.1094 1.35766 18.4238
75.9457 1.88224 19.8342
73.885 2.0961 20.7511
67.4553 2.74649 21.6079
62.9534 3.20367 22.0981
61.7423 3.33121 22.425
61.7423 4.09167 22.6748
47.4019 4.7714 23.0223
43.7777 5.13917 22.7281
42.9331 5.22809 21.94
38.1267 5.71296 21.1608
-59.1112 6.03109 20.9623
-64.5344 6.57224 16.7333
-69.2095 7.03345 12.7668
-67.5393 6.85963 8.35542
-73.5457 7.45332 5.27285
-76.7197 7.76357 1.65153
-70.7641 7.16039 -1.32786
-76.9079 7.76732 -4.42602
-70.7141 7.14047 -6.86542
-70.8115 7.14276 -8.77466
-66.2504 6.6795 -11.2277
-68.0808 6.85563 -12.7162
-62.4219 6.28298 -14.3526
-55.1048 5.5447 -15.6487
-54.4221 5.47051 -16.5617
-50.1654 5.03934 -17.0295
-48.9118 4.90872 -17.7348
-49.6106 4.97362 -17.8574
-46.1164 4.61926 -18.6214
-41.6494 4.16777 -17.8629
-33.8411 3.38254 -18.8232
-29.0031 2.89497 -18.1931
-27.0094 2.69246 -17.8581
-27.4473 2.73346 -17.0936
-18.9775 1.88376 -16.8701
-17.0032 1.68402 -15.6293
-15.3786 1.51978 -15.4269
-12.6014 1.24046 -14.7604
-9.76173 0.955112 -13.3775
-4.52127 0.429969 -12.9562
-3.53361 0.33051 -12.0051
-5.49791 0.52656 -10.934
-5.91348 0.567688 -10.0588
0.53802 -0.0780094 -9.37978
4.57028 -0.48148 -8.78145
1.5428 -0.178453 -7.71748
3.9437 -0.418212 -6.9516
8.48464 -0.872008 -6.20732
9.55876 -0.978775 -5.00454
6.45475 -0.667448 -4.19026
10.8521 -1.10636 -3.82028
10.8521 -1.18957 -2.4881
11.1541 -1.13567 -2.29714
12.5249 -1.27163 -1.53192
11.067 -1.12464 -0.865451
12.715 -1.28824 -0.410459
12.0426 -1.21979 0.227099
12.7017 -1.28445 0.648075
12.8458 -1.2976 1.13914
11.6241 -1.17415 1.52926
10.7376 -1.08426 1.39878
14.3343 -1.44281 2.03934
13.6549 -1.3736 2.6225
8.64068 -0.870768 2.59809
7.83511 -0.78909 3.02671
9.05139 -0.909887 2.88041
9.95037 -0.998936 3.11259
4.22832 -0.425776 2.79556
8.41163 -0.843395 3.04787
4.94024 -0.495622 3.23459
6.11748 -0.612676 2.83368
4.65327 -0.465701 2.96571
6.89128 -0.688962 2.95788
2.97474 -0.296731 3.21693
4.22235 -0.420999 3.06075
-0.860101 0.0876045 2.55945
0.69429 -0.0676678 1.96821
2.0645 -0.204698 2.16897
5.83658 -0.58177 2.03758
0.408311 -0.0385505 2.11246
-1.04263 0.106854 2.12531
5.8502 -0.582464 1.73141
2.19931 -0.217136 1.65519
2.40266 -0.237072 1.88021
-2.85185 0.288607 1.50306
0.47038 -0.0436424 1.77481
4.05011 -0.401738 1.27865
-2.42934 0.24643 1.39134
-2.42934 -0.119129 1.04548
0.324271 -0.0288537 0.724614
-0.72318 0.0757826 1.1564
0.81685 -0.0782438 0.726369
-1.3971 0.143153 0.581493
-8.12512 0.815922 0.504421
1.06904 -0.103974 0.267106
-1.96421 0.198995 0.178501
-1.83211 0.185738 -0.178893
-1.47249 0.149584 0.247071
-2.49133 0.2513 0.109171
-6.04966 0.606933 -0.274067
-6.04966 0.371285 -0.488893
0.699177 -0.0683803 -0.627158
-4.96866 0.498134 -0.66427
-1.70752 0.171805 -0.623685
-4.01632 0.40235 -0.698615
-2.77771 0.278202 -0.728942
-2.32945 0.233036 -1.24388
-2.00587 0.200423 -0.918607
0.177821 -0.0181636 -0.78334
-2.88637 0.288164 -0.587832
-2.30059 0.229451 -0.775279
2.82053 -0.28292 -0.680314
-1.0862 0.107781 -0.732807
-2.14173 0.21342 -0.549896
-1.37562 0.13665 -0.582043
2.68134 -0.269222 -0.465987
1.14964 -0.115986 -0.721358
-2.45716 0.244887 0.0605987
2.02938 -0.203831 -0.289956
4.55875 -0.456789 -0.164022
-1.12184 0.111601 -0.566195
2.48006 -0.248417 -0.344883
-1.12164 0.111821 -0.355877
1.57495 -0.15777 0.133881
2.52924 -0.253175 0.0368817
-0.0661338 0.00656758 -0.146109
13.7933 -0.0877403 0.0801751
13.289 -0.0366183 0.618785
14.9119 -0.197557 0.63109
10.6875 0.226288 1.23489
15.8338 -0.287061 1.82121
11.346 0.163038 2.51643
12.856 0.0133903 2.12323
10.2548 0.274715 2.63525
12.5258 0.048758 2.70096
11.1361 0.188862 3.15998
5.00476 0.803169 2.75513
9.8075 0.32369 2.88109
8.09054 0.496114 2.79136
8.09054 0.398312 3.13417
5.21952 0.784098 3.33289
9.60493 0.346208 3.09888
7.86168 0.52126 3.08775
4.49049 0.859237 3.08061
6.58609 0.650278 2.88122
4.73121 0.836303 3.06994
3.6791 0.942062 2.95451
6.08475 0.701899 2.25737
-3.32939 1.64378 2.64003
-0.60739 1.3717 2.60165
4.5552 0.855226 1.93577
0.904966 1.22043 2.04496
2.39412 1.07177 1.6213
-1.32593 1.44392 1.62101
-2.04934 1.51629 1.13642
-2.41387 1.55256 1.42352
-4.21541 1.73247 0.91725
-0.181512 1.32873 0.846524
0.00793386 1.30954 0.530739
0.00595534 1.30971 0.0539202
-2.16766 1.52706 0.656469
1.899 1.12026 0.410654
-2.76105 1.58624 0.398292
-3.6892 1.67899 0.446365
1.93657 1.11607 -0.0524908
-4.43258 1.75288 0.0571689
-4.24653 1.73413 -0.335467
-6.54962 1.96399 -0.682689
-0.504491 1.35892 -0.584864
0.402697 1.26783 -0.367369
-2.83926 1.592 -0.707689
-2.71228 1.57917 -0.830524
-3.02906 1.61055 -0.78521
-1.72224 1.47957 -0.873809
-4.55666 1.76275 -0.821257
2.46978 1.05978 -1.04623
1.05266 1.20137 -0.65717
-1.60229 1.46703 -1.17023
2.53572 1.05319 -0.483898
-1.42832 1.44962 -0.42805
1.70132 1.1367 -0.579021
1.70132 1.1992 -0.563847
2.01398 1.10543 -0.345603
0.24665 1.28233 -0.631431
1.95353 1.11174 -0.303037
13.2551 1.27319 -0.538499
29.1622 1.15924 0.182297
44.6318 1.09041 1.20808
48.8319 1.04307 2.79587
48.6425 1.62017 4.37277
46.6943 1.81984 6.19693
45.9009 1.90391 6.84367
45.0295 1.99565 8.53303
46.7925 1.82385 9.17889
45.4562 1.96204 9.91117
48.8158 2.36865 10.6625
53.8677 2.42163 11.8138
55.8272 2.96876 12.657
55.6326 3.17815 13.1673
62.6537 3.21954 14.6152
57.7477 3.90049 15.3997
62.1937 3.83083 16.2728
62.5583 3.80028 16.7129
50.4999 5.01228 17.4991
55.1075 4.74157 18.0308
55.416 4.9004 18.2634
47.7333 5.67409 18.5607
48.3067 5.8063 18.3586
48.5311 6.15755 18.4783
41.9981 7.00007 18.7573
41.3686 7.25192 18.1508
40.89 7.48832 17.7242
41.2893 8.00587 17.8188
39.7619 8.16257 17.6045
32.7843 8.86425 17.3185
33.4266 8.98799 16.9783
32.1953 9.29879 16.2927
27.9303 9.72842 16.1992
31.9049 9.7028 15.4899
30.7646 10.1887 15.1142
32.5757 10.564 14.3036
38.5301 10.8941 14.643
36.1013 11.3249 14.1802
38.1367 11.3094 13.8221
41.1417 11.5659 14.183
38.7784 11.806 13.8481
37.2114 11.9666 14.2943
29.8998 12.7013 13.8947
31.4567 12.5488 13.7118
24.1439 13.283 13.5348
26.2634 13.2581 12.911
32.9611 13.5131 12.5879
30.1489 14.1661 12.0751
38.899 13.8476 12.3549
39.3418 13.991 12.0308
35.456 14.3833 12.2517
37.0372 14.4132 12.0389
36.0427 15.0696 11.8164
42.7226 14.774 11.7925
41.9301 15.595 12.0767
44.3863 15.9069 12.5523
46.4119 16.0774 12.1909
55.6131 15.8996 13.1848
55.8165 16.2531 13.6167
59.643 16.6138 13.5776
60.2455 17.1126 14.6332
61.595 17.1679 15.2873
61.1808 17.5841 16.0269
61.6935 18.2768 16.7615
62.8223 18.3542 16.9157
64.9672 18.6992 17.113
62.6282 19.1237 18.0627
62.2884 19.1638 18.2021
54.0116 19.9974 18.477
60.8878 19.8688 18.4798
61.0197 20.4146 18.5861
66.0565 20.4702 18.9605
68.1039 21.0095 19.183
61.1224 21.8985 19.6317
61.5151 22.0499 19.782
57.076 22.4996 19.7188
53.2487 22.8879 19.8017
49.2109 23.4813 19.894
50.0541 23.7708 19.2237
53.265 23.6388 18.9693
45.0217 24.4679 18.7467
42.0511 24.954 17.9227
40.3936 25.3083 17.5502
44.726 25.2478 17.0368
43.9744 25.5113 16.8231
41.625 25.7503 16.506
39.2513 26.1761 15.8449
35.449 26.7444 15.1734
31.511 27.1416 14.8051
32.0423 27.0914 13.6869
24.5949 27.8389 13.0947
23.2528 27.9755 12.6537
24.8226 27.8205 11.743
25.1553 28.1583 10.8363
21.4773 28.5281 10.4384
19.624 28.7154 9.75789
17.3128 28.9481 8.71962
18.0076 28.8801 8.35164
14.4332 29.2389 7.14601
12.7305 29.4103 6.83287
11.2839 29.5559 5.79223
11.6067 29.5244 5.3122
11.6513 29.5207 4.51602
9.7564 29.7109 4.06404
11.6838 29.5188 3.5052
8.32827 29.855 2.78875
5.96989 30.0914 2.48373
5.47915 30.1408 1.93969
6.26797 30.062 1.21419
9.73341 29.7157 0.383838
4.9579 30.1936 -0.144033
5.8054 30.1091 -0.202991
5.93422 30.0964 -0.602001
5.63776 30.1262 -1.19613
5.65523 30.1246 -1.33799
9.42311 29.7479 -1.65763
9.34792 29.7557 -1.60381
9.06565 29.7845 -1.81233
7.57971 29.9336 -1.57955
5.7255 30.1194 -2.15946
8.62489 29.8297 -2.51839
7.00872 29.9916 -1.72757
5.83446 30.1094 -2.61753
12.9236 29.4006 -2.97684
15.4063 29.1529 -2.64075
10.2357 29.6709 -2.40148
7.92729 29.9026 -2.77393
9.24025 29.7718 -2.46638
13.119 29.3843 -2.55073
13.9245 29.3045 -2.58478
11.3137 29.5665 -2.42043
15.5122 29.1474 -2.10506
12.8127 29.4183 -1.9894
14.982 29.2023 -2.20609
15.4069 29.1608 -2.20279
17.4404 28.9585 -1.91208
17.185 28.9852 -1.36195
12.9621 29.4088 -1.80883
15.9516 29.1109 -1.32247
17.7561 28.9315 -1.45316
16.9644 29.0119 -1.1326
19.5675 28.7529 -1.1259
14.211 29.2899 -0.765561
21.3799 28.5742 -0.856644
17.0232 29.0112 -0.383245
20.2731 28.6877 -0.568063
18.3637 28.8801 0.0439392
19.5982 28.7581 0.0602905
18.6279 28.8565 -0.0438656
19.4294 28.5934 0.20893
18.6037 28.6774 0.386971
14.4217 29.097 0.446625
14.2954 29.1108 0.529392
17.5817 28.7832 0.196632
16.5391 28.704 0.373342
5.74933 29.2308 0.12327
4.59335 28.978 -0.323744
1.15269 29.1376 -0.713205
-3.05868 29.0051 -1.47929
-3.62876 28.877 -1.87875
-4.29747 28.7586 -2.5746
-10.3425 28.9932 -3.10234
-12.1225 28.801 -3.77882
-12.9092 28.6936 -4.50047
-13.6584 28.3978 -5.17339
-15.439 28.574 -6.03362
-12.5448 28.2827 -6.45539
-13.4471 28.1866 -6.97071
-14.6014 28.1157 -7.32516
-15.8114 28.0504 -7.73017
-18.2175 27.7355 -8.40636
-21.6612 27.7087 -9.12655
-22.1923 27.3904 -9.36855
-22.1923 27.0077 -9.94779
-25.0862 26.7546 -10.671
-27.9847 26.8571 -11.3321
-28.2499 26.5116 -11.9628
-28.3423 25.964 -12.0238
-34.2563 26.1832 -12.8194
-35.9773 25.9827 -13.1884
-30.6176 25.2583 -14.4885
-32.9889 25.4917 -14.7719
-28.831 25.0723 -15.0276
-22.7865 24.4643 -15.3877
-22.1726 24.3999 -15.345
-15.7243 23.7524 -15.4148
-17.2022 23.7134 -15.0226
-17.2022 23.7732 -14.7119
-21.2573 23.3789 -14.4947
-17.2162 22.7879 -14.6599
-13.4155 22.4055 -14.3239
-15.7673 22.4543 -13.8152
-11.3106 22.0067 -13.551
-7.58959 21.6329 -13.8662
-3.9224 21.2648 -13.0674
-7.57818 21.2604 -12.6436
-4.74832 20.9765 -11.8508
-5.41087 20.6727 -11.5425
-0.733667 20.2041 -11.3781
1.07413 20.0226 -10.2092
-3.09718 19.8859 -9.90691
-6.40139 19.8468 -10.122
-4.4476 19.6506 -9.91465
-10.2372 19.6751 -9.14875
-9.04358 19.3701 -9.29625
-8.62157 19.1421 -9.02279
-5.14091 18.7927 -9.04825
-4.14927 18.508 -8.48295
-10.6809 18.7913 -8.38078
-9.61757 18.6839 -8.90267
-7.08101 18.4288 -8.42183
-2.34156 17.9536 -8.36405
-3.39416 18.0581 -8.04954
-0.0160406 17.7196 -7.84294
-0.00986218 17.5339 -7.55802
2.55672 17.2769 -6.84211
5.43643 16.9887 -6.74024
1.3633 17.396 -6.67445
4.49416 16.8984 -6.19975
5.03807 16.6594 -5.72603
-0.451123 16.8394 -5.02263
0.519362 16.5577 -5.48328
-1.48599 16.5734 -5.26049
-0.632222 16.3031 -4.69371
-2.79603 16.519 -4.78917
-1.86559 16.4254 -5.04922
-2.29327 16.0986 -4.87837
-3.44775 16.0289 -4.7612
-0.147613 15.6983 -4.85935
-1.82261 15.8652 -5.07114
-1.08531 15.791 -4.27985
-5.27582 15.8405 -4.70033
-2.75356 15.5876 -4.91891
-6.6542 15.6079 -4.76682
-6.07598 15.3648 -4.92884
-2.81138 14.8528 -5.43228
-10.1541 15.0328 -4.80927
-11.5113 15.1675 -5.06862
-9.92306 15.0072 -5.50823
-6.82234 14.6957 -5.58717
-10.4511 15.0574 -5.89767
-7.61253 14.7723 -5.99465
-4.31975 14.4417 -5.93438
-3.63749 14.3726 -5.86688
-6.05422 14.6135 -5.96614
-0.804961 14.0877 -5.51775
-4.72016 14.4785 -5.67461
1.51676 13.8542 -5.63548
0.739503 13.9314 -5.44712
2.03396 13.8017 -4.94044
4.46169 13.5588 -4.71267
2.05829 13.7991 -4.79875
7.00884 13.304 -4.45464
4.23256 13.5817 -4.28378
6.89899 13.3153 -3.84045
8.90957 13.1144 -3.33034
8.52239 13.1536 -3.47087
8.2942 13.1769 -2.95405
11.4711 12.8597 -2.39883
10.1008 12.9974 -2.0894
7.8956 13.2186 -1.56442
12.8465 12.7241 -1.43895
10.7524 12.9342 -1.22538
12.0836 12.8019 -1.14699
13.4491 12.6661 -0.990945
11.0762 12.9043 -0.329193
13.3772 12.6751 -0.238164
12.1001 12.8037 -0.370151
9.83142 13.0315 0.621
12.5176 12.7636 0.166265
12.3732 12.7788 0.556362
13.0497 12.712 0.454819
10.7104 12.9468 1.14052
9.2441 13.0943 0.601909
9.86495 13.0328 0.777405
12.4657 12.7733 0.892553
13.0401 12.7167 1.00704
6.34644 13.3869 1.33233
10.0083 13.0213 0.981331
13.0462 12.718 0.916333
8.47275 13.1761 0.928332
8.29822 13.1943 0.977638
9.83307 13.0413 0.976269
8.3349 13.1916 0.70188
8.95101 13.1306 1.09107
12.0768 12.8185 1.02804
6.3771 13.3891 0.954503
7.09498 13.3179 1.19371
5.42554 13.4851 0.756386
6.93963 13.334 0.800208
8.66489 13.1617 1.10851
6.74269 13.3543 0.456398
8.65458 13.1635 0.776765
8.65458 13.3195 0.91719
7.276 13.3018 0.365519
8.46317 13.1835 0.42775
9.35782 13.0944 0.413889
8.58635 13.1721 0.420971
3.1206 13.7192 0.240235
3.77661 13.6538 -0.215914
8.60129 13.1713 -0.0170309
6.6479 13.3669 0.6327
8.41426 13.1906 0.214525
6.87231 13.3452 0.157903
9.19775 13.113 0.368801
7.371 13.2961 -0.107525
6.41422 13.3922 0.0655398
8.31167 13.2028 0.072139
8.31167 12.9477 0.063314
3.59622 13.6747 0.401234
4.09482 13.6251 -0.0685931
7.58011 13.2765 -0.653328
4.14306 13.6204 -0.031904
8.66539 13.1684 -0.190909
7.1952 13.3157 0.152543
5.24616 13.511 -0.160148
8.31022 13.2048 -0.0593645
5.91768 13.4444 -0.0867053
7.43095 13.2934 -0.105383
8.2492 13.2119 -0.141522
4.3633 13.6008 -0.258154
7.06774 13.3306 -0.153688
4.34452 13.6032 -0.216889
3.50499 13.6873 -0.604126
8.44441 13.1934 -0.664102
10.9707 12.9409 -0.400094
6.57047 13.3816 -0.053622
7.99869 13.2392 -0.657053
6.39283 13.4002 -0.438269
6.40623 13.3991 -0.255729
10.0309 13.0369 0.0401625
6.36054 13.4044 0.163616
7.27009 13.3139 -0.0577732
7.40051 13.3011 -0.165742
6.29815 13.4117 0.248474
5.35666 13.5062 0.463262
8.02327 13.2397 -0.360441
10.7444 12.9679 -0.515829
8.78602 13.1642 -0.184522
8.03499 13.2399 0.0161424
5.55614 13.4883 -0.324857
9.25094 13.1191 -0.00138328
8.45526 13.199 0.337475
8.59815 13.1852 -0.267878
6.97295 13.3482 0.0701122
5.72145 13.4737 0.315482
7.19748 13.3264 -0.113037
6.31348 13.415 -0.217029
5.02258 13.5444 0.0468327
10.6798 12.9788 -0.221367
8.18793 13.2284 -0.0540278
10.2045 13.0273 0.056764
9.85704 13.0626 0.36979
11.3746 12.9114 0.53864
9.61787 13.0878 0.528667
7.67127 13.2831 0.46369
6.63379 13.3873 0.257123
5.66106 13.4849 0.395497
8.05836 13.2454 0.561898
7.71037 13.2805 0.240908
7.64739 13.2872 -0.0314723
7.67153 13.2851 0.171173
12.7105 12.7816 0.250575
8.41528 13.2117 0.465034
12.5095 12.803 0.356443
7.55681 13.2989 0.41729
9.44688 13.1105 0.494148
9.26143 13.1295 0.404875
9.44796 13.1113 0.625999
9.10357 13.1463 0.498587
8.48479 13.2087 0.452401
3.7857 13.6791 0.962607
6.80884 13.377 0.514143
8.4389 13.2141 0.237159
4.7267 13.5857 0.0503329
1.30824 13.9278 -0.378596
4.54512 13.604 -0.0830335
6.95287 13.3631 0.289635
5.01021 13.5575 -0.0465074
10.1891 13.0398 -0.135417
6.15062 13.4441 0.178091
3.67294 13.6922 -0.421669
4.58847 13.6008 -0.406073
6.20657 13.439 -0.382229
2.95085 13.7647 -0.244321
7.10762 13.349 -0.487172
8.33718 13.2262 -0.566962
3.03295 13.757 -0.333007
5.39 13.5214 -0.295317
7.40721 13.3197 -0.551766
4.39445 13.6212 -0.796275
2.79244 13.7816 -0.763868
5.21696 13.5391 -0.537628
4.99285 13.5615 -0.501868
7.93363 13.2675 -0.917037
4.09159 13.652 -0.743076
6.50722 13.4106 -0.907182
4.14866 13.6466 -0.772481
3.136 13.748 -0.747696
10.2317 13.0384 -0.975841
13.57 12.7048 -0.483395
9.18784 13.1438 0.0555868
6.23109 13.4402 -0.644038
10.4501 13.0187 -0.292725
8.41531 13.2226 -0.610497
13.0013 12.7645 -0.292916
11.6025 12.905 0.247403
8.18044 13.2481 0.157928
8.64983 13.2017 0.503138
7.87378 13.2797 0.430196
7.29316 13.3382 0.256484
10.4003 13.0278 0.236555
9.21711 13.1466 0.0988057
9.21711 13.3668 0.607607
7.76416 13.2925 0.577995
5.36921 13.5324 0.332798
10.7319 12.9964 0.360568
8.729 13.1971 0.46337
8.54882 13.2156 0.328913
6.76741 13.3942 0.0842198
6.99889 13.3714 0.433338
7.39778 13.3318 0.399573
8.58591 13.2133 -0.238743
6.79896 13.3924 0.378054
8.26853 13.2458 -0.0749057
6.53208 13.4197 0.171982
4.37863 13.6354 -0.244002
9.96037 13.0774 0.306116
6.0117 13.4725 -0.1323
5.40799 13.5333 0.252067
8.80303 13.1939 -0.328584
4.60664 13.6138 -0.0437839
8.30288 13.2445 -0.0030289
5.51596 13.5234 -0.200148
4.77313 13.5979 -0.299551
9.23897 13.3359 -0.0637978
10.0845 13.2517 0.087776
17.8312 13.2156 0.227841
15.0945 13.4902 0.563726
21.4199 13.2279 0.8238
24.5466 13.4701 1.12884
22.3092 13.8802 1.78604
33.5601 13.1261 1.73941
34.8807 13.5499 2.83647
33.977 13.8277 3.69387
31.5733 14.0711 4.36579
39.0843 13.8764 5.01467
40.8225 13.8901 5.10683
43.6148 13.799 6.18829
46.0723 14.295 7.32496
45.1237 14.3939 8.36193
47.678 14.3271 8.56374
50.8216 14.2014 9.45045
50.8216 14.5644 10.1319
51.6517 14.8608 10.7218
53.6383 14.8514 11.7868
48.1693 15.403 12.0878
45.1719 15.7074 12.4836
45.002 15.7286 12.5783
39.8227 16.2505 13.1933
38.3505 16.4015 12.5866
31.0855 17.1314 12.8589
33.8357 16.8594 12.9425
29.044 17.3413 12.5138
27.9376 17.4546 12.1784
26.6925 17.5814 11.7115
21.9047 18.0624 11.354
20.8195 18.1729 10.494
17.1336 18.5431 10.4055
13.0611 18.9517 9.54848
16.7899 18.5798 8.70892
13.1465 18.9451 8.25631
8.00598 19.4602 7.15391
11.0413 19.1572 6.29613
11.9962 19.0621 5.92448
8.59005 19.4034 5.43186
5.86248 19.6766 4.92279
7.4516 19.5179 3.91806
3.24564 19.9387 3.7927
2.79467 19.9838 3.22602
2.79467 19.6639 2.49046
4.00625 19.8624 1.76839
3.86347 19.8765 1.24762
1.83163 20.0796 0.971726
4.34859 19.8276 0.594181
4.80606 19.7817 0.417569
5.20805 19.7414 0.433356
0.345243 20.2277 0.397991
4.43459 19.8185 -0.423227
-0.395798 20.3012 -0.710125
0.802822 20.1811 -0.910562
4.2763 19.8332 -1.36736
0.141792 20.2464 -1.44696
2.33936 20.0263 -1.94368
2.03922 20.056 -2.04985
2.77198 19.9824 -1.6999
6.65482 19.5938 -2.08198
4.98022 19.7612 -2.08158
4.01345 19.858 -2.50568
7.48846 19.5104 -2.23658
4.05863 19.8535 -2.22637
9.04181 19.3552 -2.55448
8.20626 19.4389 -2.18262
9.88966 19.2709 -1.83347
7.66422 19.4938 -1.95167
7.53213 19.5074 -1.76787
7.10138 19.5507 -1.80787
8.73013 19.388 -1.79542
7.52066 19.5093 -2.10728
9.9014 19.2715 -1.79243
7.09793 19.5522 -1.50922
9.38135 19.3242 -1.23334
10.4791 19.2147 -1.30028
10.9338 19.1697 -1.32
13.1165 18.952 -1.18364
12.7387 18.9904 -1.2419
12.1572 19.0494 -0.529525
8.48122 19.4177 -0.377187
14.206 18.8457 -0.843809
12.0003 19.0669 -0.291382
12.119 19.0558 -0.39416
10.4583 19.2226 -0.287908
13.6944 18.8995 -0.115657
15.5779 18.7119 -0.283088
13.7626 18.8943 0.0337741
14.7646 18.7951 0.122399
15.5639 18.716 0.340733
8.70101 19.4033 0.456686
19.0793 18.7352 0.352853
14.5944 19.1845 1.1667
17.0431 18.9408 0.812177
17.1306 18.9331 1.14608
16.9617 18.9512 1.01469
13.4181 19.3067 1.04315
16.7355 18.9759 1.48894
17.4357 18.9069 1.34788
16.4408 19.0075 1.25049
16.0505 19.0477 1.62335
17.7915 19.0592 1.73294
12.92 19.5475 1.58544
13.1341 19.5271 1.70258
10.2701 19.8143 1.60536
11.9473 19.6472 1.48107
11.5912 19.6833 1.27132
11.5912 19.191 1.61394
10.8133 19.7618 1.03379
12.3392 19.6097 1.1938
11.8697 19.6573 1.23941
16.0554 19.2394 1.01342
14.3773 19.408 1.28949
12.2857 19.6182 1.15124
8.45945 20.0016 1.1804
10.6499 19.783 0.888757
10.4922 19.7992 0.751346
13.694 19.4795 0.820814
11.7071 19.6789 0.677519
14.767 19.3736 0.708665
15.0897 19.5266 0.892125
14.0699 19.6295 0.552123
12.4811 19.7893 0.984577
15.2964 19.5085 0.958582
7.57541 20.2815 1.11841
11.3641 19.9032 0.539366
12.2284 19.8171 0.389942
11.6399 19.8766 0.680436
13.1321 19.728 0.201499
12.1937 19.8225 0.657771
15.8476 19.4578 0.64452
12.4469 19.7988 0.814191
14.3144 19.6129 0.844462
9.96335 20.0487 0.965756
10.6779 20.1624 0.289946
15.876 20.1966 0.613977
26.9316 20.0143 1.28157
29.2224 20.1558 1.11092
39.7967 19.8386 1.83771
45.7611 19.7986 2.94449
41.0873 20.4542 3.69373
47.9551 20.1402 4.36095
54.5272 20.2248 5.53493
52.5759 20.609 7.00349
52.5759 20.4601 7.79827
52.5759 21.0095 8.45959
53.6681 21.058 9.46358
51.6046 21.2691 10.2778
52.296 21.2046 10.5104
48.1346 21.6254 11.876
43.5831 22.0849 11.6817
45.6734 21.8799 11.6706
40.5528 22.3958 11.9153
40.5528 22.0144 11.9976
52.7451 22.2873 12.1654
51.8121 22.9381 12.4711
53.2195 23.171 12.8139
49.9082 23.5067 12.9361
49.9082 24.0151 13.2255
48.0992 23.8767 13.6288
44.3674 24.2541 13.5322
43.3591 24.3589 13.6718
35.2132 25.1772 13.5278
34.6194 25.2399 12.7805
32.1683 25.4878 12.4951
28.9562 25.8117 12.1469
30.1267 25.6971 11.3663
28.0783 25.9042 10.8323
26.4087 26.0734 10.6574
23.8474 26.3316 10.3664
22.2431 26.4939 9.60474
15.9884 27.121 8.94056
17.7001 26.951 8.59814
15.2287 27.1992 7.68016
14.6813 27.2549 7.1912
13.2018 27.4037 6.54032
13.3879 27.3858 5.47244
10.5186 27.6733 4.71563
11.7842 27.5473 4.06782
8.93727 27.8324 3.77326
7.37576 27.9889 3.42699
2.40649 28.486 2.59397
5.56729 28.1697 2.11149
6.4137 28.0848 1.52025
7.00811 28.0253 0.955095
8.22829 27.9032 0.326031
5.98229 28.1279 0.36227
7.22844 28.0033 -0.331086
4.81653 28.2445 -0.648813
5.32071 28.194 -0.868808
4.31016 28.2949 -1.28883
6.38772 28.0869 -1.90268
7.30068 27.9955 -1.63666
6.62045 28.0635 -1.90219
4.43566 28.282 -2.35566
9.6418 27.7613 -2.15627
8.0956 27.9159 -2.17702
7.30245 27.9954 -2.12314
11.4307 27.5827 -2.03284
10.5857 27.6674 -2.2302
10.5857 27.4531 -2.26424
10.7462 27.6518 -2.41917
3.77791 28.349 -2.0762
11.2729 27.5996 -2.26638
14.1544 27.3115 -2.49226
14.8836 27.2392 -1.81028
11.1701 27.6113 -2.4773
11.1701 27.377 -1.74433
17.1246 27.0164 -2.04525
15.7091 27.1587 -1.5554
12.808 27.4498 -1.25289
12.0986 27.5215 -1.83901
14.2085 27.311 -1.85138
12.1014 27.5224 -1.28536
14.7187 27.2613 -1.68652
17.2524 27.0086 -1.37301
17.2524 27.1072 -1.03804
13.7884 27.3559 -1.00196
15.8745 27.1481 -1.12274
18.1299 26.9234 -0.836201
14.5322 27.2841 -0.658128
14.5322 26.929 -0.495229
14.5322 27.0853 -0.524073
13.6438 27.3739 -0.0704348
13.5477 27.3843 -0.407755
13.1709 27.4226 -0.34842
15.569 27.1834 -0.642233
16.36 27.1051 -0.430785
16.4154 27.1004 -0.240881
19.5348 26.7894 -0.399722
16.9558 27.0484 0.0576987
17.8968 26.9555 -0.287881
19.8646 26.7597 0.141409
18.9549 26.8519 0.192963
18.6081 26.8878 0.296631
17.7543 26.9743 0.38088
19.5497 26.7959 0.660776
18.2725 26.9248 0.649787
19.4616 26.8071 0.674163
19.794 26.775 0.577859
18.631 26.8926 0.954067
13.2988 27.427 0.713755
15.2411 27.2337 1.03025
15.1434 27.2441 0.707278
15.6467 27.1946 0.671954
17.6571 26.9944 0.424991
12.4764 27.5134 0.700122
15.7429 27.1876 0.589763
12.595 27.503 0.396262
14.9031 27.2729 0.139796
15.1174 27.2522 0.0648205
14.6314 27.3015 0.193015
16.3812 27.1273 0.543925
13.0851 27.4578 0.439967
14.0475 27.3623 0.159425
15.2145 27.2462 0.272774
17.7597 26.9924 0.101953
16.5745 27.1119 0.2138
13.4421 27.4261 0.231721
17.1335 27.0577 0.0372044
13.8235 27.3895 -0.0999239
13.6816 27.4046 0.0320717
14.2954 27.3438 0.341677
13.1241 27.4616 -0.272395
15.235 27.2512 -0.607974
15.277 27.2477 -0.134287
15.6156 27.2146 0.262418
18.2389 26.9531 -0.124602
17.2865 27.0493 0.0621498
13.4662 27.4324 0.127161
16.6042 27.1194 0.313755
17.1758 27.063 -0.0433769
15.8014 27.2014 0.35164
14.6416 27.3183 0.17458
16.2975 27.1534 0.0286664
14.9954 27.2845 0.429892
13.1184 27.473 -0.363477
14.5984 27.3257 0.335119
14.2719 27.359 -0.0970807
17.3599 27.0509 -0.245059
15.8695 27.2007 0.337762
16.7096 27.1176 0.100789
11.3326 27.6562 0.0812319
14.8244 27.3077 -0.238445
15.668 27.2239 0.100097
18.0652 26.985 0.151251
14.6633 27.3261 0.164072
17.0675 27.0866 0.24917
14.8818 27.306 0.445544
16.4287 27.1521 0.252935
17.5789 27.0379 0.213946
14.1179 27.385 0.418686
13.6802 27.4296 0.528248
16.7298 27.1253 0.102295
15.9018 27.2088 -0.0641145
14.8279 27.3171 0.0811512
14.6233 27.3383 -0.104362
12.0029 27.6011 0.415432
16.9919 27.1028 0.149284
10.7283 27.7298 -0.255796
17.3214 27.0711 -0.155235
13.4313 27.4608 -0.0796044
12.5561 27.5491 -0.152964
12.5441 27.5508 -0.103673
13.9361 27.4121 -0.321873
16.5839 27.1479 -0.514213
17.0725 27.0998 0.0192322
15.2602 27.282 -0.0748363
15.6048 27.2483 -0.0621229
14.8463 27.325 -0.330796
10.495 27.7609 -0.00898958
18.4398 26.9669 -0.0840971
14.0712 27.4044 -0.123535
14.0712 27.5985 -0.0406254
17.0987 27.1025 -0.339294
18.608 27.3214 -0.165804
16.7975 27.5035 0.168782
19.4586 27.2384 0.0961815
19.0482 27.2804 0.464956
17.3797 27.4484 0.748197
17.5118 27.4363 0.802676
21.6648 27.0219 0.65858
20.1961 27.17 0.561252
17.3828 27.4527 0.836476
17.3679 27.4552 1.09122
20.081 27.1849 0.713381
18.6646 27.3276 0.997853
16.7016 27.5251 1.00746
20.2562 27.1706 0.899171
16.8915 27.5082 1.17161
15.9621 27.6022 0.764927
17.7146 27.6123 0.776434
18.2373 27.5609 0.865955
18.7818 27.5075 0.982333
21.8568 27.201 1.05854
18.4547 27.5425 1.00143
19.8523 27.4039 1.31607
18.5932 27.531 0.941869
18.8969 27.5017 1.14119
17.4234 27.6502 0.795586
21.0083 27.2927 1.25024
16.0264 27.792 1.53657
10.7853 28.3172 1.1015
19.5532 27.4409 0.773091
19.4366 27.4533 1.26576
19.4366 27.8031 1.01541
17.3494 27.6632 1.49316
16.4926 27.7499 1.29715
13.0869 28.0914 1.07318
14.6193 27.9388 0.490941
12.7256 28.1288 0.973201
13.9967 28.0022 0.801339
14.3412 27.9683 0.391599
16.8448 27.7185 0.714948
13.7878 28.025 0.237726
12.3421 28.1703 0.358586
16.8147 27.7235 0.191858
18.014 27.6043 -0.265168
13.3669 28.0699 0.132018
14.8167 27.9257 0.286069
13.3713 28.0708 0.136433
13.1321 28.0953 0.159175
10.8102 28.3281 -0.173799
13.3447 28.075 0.0792402
13.9522 28.0146 0.0587462
13.8949 28.0209 -0.53997
13.9302 28.018 -0.180421
13.0356 28.108 -0.273737
13.9008 28.022 0.095631
13.3768 28.0749 -0.807654
14.6552 27.9477 -0.791651
14.4701 27.9668 -0.411223
15.9079 27.8236 -0.764504
16.1652 27.7986 -0.000441253
14.9077 27.9251 -0.1595
18.5835 27.5583 -0.240797
14.7715 27.9403 -0.461538
13.3378 28.0846 -0.189621
16.0218 27.8167 -0.164319
15.1906 27.9005 -0.638411
15.2923 27.8911 -0.18183
12.645 28.1565 -0.522122
11.8149 28.2401 -0.406539
17.9784 27.6241 -0.375895
13.2612 28.0965 0.134339
13.9834 28.025 -0.490339
15.3891 27.885 -0.472301
12.9477 28.1298 -0.0830434
15.2456 27.9006 -0.357706
13.6513 28.0606 -0.296523
16.5906 27.7673 -0.151721
14.1085 28.0162 -0.159273
14.7953 27.9482 -0.695643
15.9354 27.8348 -0.190822
16.8436 27.7447 -0.0314481
18.4147 27.5884 -0.384279
15.111 27.9197 -0.00400984
16.5298 27.7787 -0.0885167
17.9225 27.6401 -0.093689
19.1456 27.5187 0.077933
15.0251 27.9318 0.122826
17.1111 27.7241 0.217122
15.3574 27.9002 0.0278633
19.4574 27.491 0.0594053
15.1415 27.9235 0.283086
17.1647 27.7221 0.73118
14.1699 28.0223 0.641098
17.273 27.7127 0.236612
17.2243 27.7183 -0.165693
16.1331 27.8283 0.582802
14.6305 27.9794 0.420152
15.5821 27.8849 0.365018
18.3696 27.6069 0.189109
14.7463 27.97 0.369786
17.6919 27.6763 -0.012765
16.3012 27.8161 0.255325
15.8688 27.8602 0.0179384
15.3438 27.9135 0.45162
15.4627 27.9023 0.324737
16.1805 27.8312 0.128702
13.2612 28.1239 0.364659
18.0453 27.6461 -0.0403398
15.61 27.8903 0.225633
18.0169 27.6505 0.168446
15.4419 27.9088 0.289399
13.4445 28.1094 0.398616
14.0981 28.0446 -0.00263748
14.7458 27.9803 -0.246317
17.9271 28.0318 -0.254868
26.2364 28.1242 0.399513
33.7329 28.1139 0.27743
36.5908 28.3837 1.14914
42.2164 28.0083 1.45348
39.6192 28.2711 2.67051
43.8528 27.851 3.47591
43.4952 28.0745 3.98683
45.3516 28.4459 4.97424
45.3516 28.6713 5.35566
49.0834 28.4453 5.91855
43.8278 28.9747 6.52221
47.6576 28.5955 7.49091
43.5127 29.0137 8.05176
43.6725 29.0013 8.17973
43.3242 29.2241 8.59816
48.7093 29.0581 8.90029
45.8643 29.5308 8.78552
47.3784 29.5677 8.81569
49.0408 29.9587 9.5383
48.3841 30.2128 9.9077
44.878 30.5674 10.1675
47.8904 30.2699 10.3431
45.5436 30.6928 10.929
40.9288 31.158 10.8646
41.9902 31.2397 10.8669
41.9902 31.4454 10.5489
41.9771 31.6133 10.852
37.9543 32.2033 10.6611
40.6342 32.1229 10.3965
38.9702 32.2923 10.3668
35.0356 32.8733 10.6523
35.1508 32.8645 9.95546
35.4408 33.207 9.59923
40.4748 32.8907 9.56991
34.7663 33.4644 9.44101
36.0125 33.3426 9.0131
30.2127 33.9251 8.94017
31.4428 33.8045 8.60452
30.9073 34.0446 8.43604
29.946 34.3274 8.33781
28.667 34.4574 7.43926
26.4507 34.681 7.2206
26.4507 34.6297 6.87446
22.8199 35.0458 6.52786
28.4334 34.486 6.04159
21.6474 35.1661 6.06027
24.2575 34.9066 5.50356
21.7236 35.1614 5.48762
19.9684 35.3382 4.74335
21.9772 35.1384 4.31647
16.9256 35.6447 4.05473
21.9715 35.51 3.51711
25.0284 35.2053 3.64297
20.0744 35.8866 3.09714
19.3363 35.9616 2.92648
19.4935 35.9469 2.86776
20.6956 35.8276 2.70592
17.9023 36.108 1.41741
17.0692 36.1922 1.96727
17.7301 36.1269 1.68248
19.9742 35.9032 1.52126
21.4162 35.7599 1.04551
19.0187 36.0007 1.26568
16.1816 36.2854 1.00764
19.0944 35.9949 0.851023
16.8478 36.2203 1.1263
15.8541 36.3205 0.149465
20.0434 35.9022 0.282162
16.7542 36.2319 0.324553
16.7542 35.9875 0.279958
18.3332 36.0748 -0.0392525
18.5762 36.0513 -0.0106908
17.0831 36.2014 0.0208524
21.8732 35.7232 -0.0992297
18.6185 36.2341 -0.491363
20.2762 36.0694 -0.353164
19.9044 36.1075 -0.109378
18.8965 36.2092 -0.185285
18.6318 36.2366 -0.480298
19.8627 36.1144 -0.0734522
20.4904 36.0526 -0.333904
20.0301 36.0996 0.0459691
18.8462 36.219 -0.0839624
16.1623 36.4883 -0.123241
17.6818 36.3371 -0.0985549
16.8279 36.4231 -0.0303916
20.1158 36.0951 -0.493985
16.9878 36.4087 -0.214779
19.3536 36.1729 -0.251382
17.5443 36.3547 -0.189818
22.1611 35.8938 -0.359317
16.6896 36.4419 -0.522605
22.8286 35.8289 -0.231693
18.7397 36.2388 -0.420936
16.3963 36.4742 -0.33674
18.5658 36.2579 -0.45035
20.9023 36.025 -0.374754
18.8565 36.2305 -0.0421921
19.3284 36.1843 -0.48888
18.0715 36.3109 -0.378969
18.1518 36.3037 -0.489537
21.6435 35.9553 -0.0179224
16.2417 36.4964 -0.369311
22.4239 35.8791 -0.763365
22.8881 35.8335 -0.426953
20.0993 36.1136 -0.273417
21.9883 35.9259 -0.0266331
18.7886 36.2469 0.347853
23.5077 35.776 -0.19527
22.7901 35.8488 -0.36805
24.3822 35.6909 -0.237139
24.0925 35.7212 0.373947
24.2825 35.7035 0.463206
22.3248 35.9007 0.631194
20.9136 36.0431 0.605353
20.4217 36.0934 0.995653
20.6525 36.0713 0.397138
21.0872 36.0289 0.915273
20.9539 36.0432 0.460894
25.3271 35.6069 0.657803
25.3271 36.1427 0.834045
23.5233 35.7886 0.61885
22.2057 35.9217 0.928582
22.1691 35.9266 0.941939
17.3161 36.4131 0.709861
20.4138 36.1042 0.994923
16.2589 36.5205 0.546382
19.2777 36.2194 0.239608
18.9687 36.2511 0.37763
15.8622 36.5626 0.412219
20.4185 36.1076 -0.25384
18.5935 36.2909 0.128829
17.3687 36.4142 -0.175727
16.8843 36.4634 -0.267487
17.6953 36.3829 -0.0558179
20.2965 36.1235 -0.11242
19.6764 36.1863 -0.152778
18.9056 36.2643 -0.540644
18.5587 36.2999 -0.324546
21.9908 35.9575 -0.333435
18.2323 36.3343 -0.313027
19.4757 36.2109 -0.0394759
18.9057 36.2687 -0.356577
19.556 36.2045 -0.21003
20.4211 36.1188 -0.125051
22.0681 35.9551 -0.133618
18.5426 36.3087 -0.235757
22.5802 35.9059 -0.424954
19.5018 36.2147 -0.145596
22.8766 35.8782 -0.403571
21.7179 35.9951 -0.0712238
21.9781 35.9703 -0.0979102
20.4643 36.1227 0.403067
17.982 36.372 -0.00668308
18.4953 36.3215 0.0183559
21.2279 36.049 -0.00861709
19.292 36.2435 -0.161621
19.1966 36.254 -0.392133
20.2322 36.1512 -0.108099
18.6202 36.3133 0.16583
18.6008 36.3161 -0.175068
16.6909 36.5079 -0.374085
20.6524 36.1124 -0.325786
19.7219 36.2062 -0.0681618
19.8038 36.199 -0.0228497
17.6126 36.419 -0.497462
20.0583 36.1752 -0.293056
20.7667 36.1051 -0.239328
21.6277 36.02 -0.0292241
17.7539 36.4084 0.199303
19.8477 36.1999 -0.39016
18.0791 36.3775 -0.494731
21.9302 35.9932 -0.242905
19.8772 36.1994 -0.153878
19.5295 36.2351 0.275292
21.9477 35.9942 -0.296723
20.5231 36.1376 -0.266784
18.7035 36.3206 0.0369213
20.5894 36.1329 -0.377634
20.0203 36.1906 0.207286
17.697 36.4239 -0.0841218
22.5456 35.9398 0.241487
18.3096 36.3643 -0.144063
24.3781 35.7584 0.476022
19.332 36.264 -0.331518
21.6186 36.0364 0.135287
21.353 36.0639 0.104927
18.1692 36.3833 0.118696
24.2362 35.7775 0.12674
22.655 35.9366 0.366225
22.669 35.9365 0.259319
20.2154 36.183 0.274781
19.4424 36.2613 -0.0783964
20.2419 36.1822 0.0824014
19.724 36.2349 0.446794
18.9215 36.316 0.118538
18.2957 36.3794 -0.121146
21.2434 36.0853 0.167569
17.6943 36.4411 0.256426
19.9435 36.217 0.128741
22.3228 35.9798 -0.158249
16.5425 36.5588 -0.159269
19.2381 36.2901 0.262598
21.1834 36.0962 -0.195415
18.1377 36.4017 -0.28901
22.1676 35.9995 -0.0377849
18.6005 36.3571 -0.147478
23.8954 35.8285 0.181305
18.386 36.3805 -0.143361
19.2755 36.2925 -0.298483
21.6698 36.0538 -0.00589448
17.6599 36.4557 0.0954685
17.8895 36.4336 -0.464921
21.0253 36.1207 -0.299476
19.5406 36.2699 -0.0399872
19.5406 36.227 -0.312797
21.0482 36.1201 0.000523984
18.3065 36.3951 0.290142
18.1465 36.4119 -0.0856255
18.3671 36.3906 -0.468076
19.0102 36.327 0.0303378
21.9018 36.0385 -0.290516
19.1948 36.3101 -0.545568
18.0443 36.4261 -0.114453
23.4326 35.888 -0.335907
21.8603 36.0461 -0.00654163
21.3872 36.0946 0.115028
19.8768 36.2466 0.106732
25.6873 35.6665 0.284046
18.3523 36.4011 -0.226073
18.6314 36.3742 0.364579
20.5586 36.1822 0.124018
18.6659 36.3723 -0.156011
22.1689 36.0228 0.0286703
19.3776 36.3028 -0.00347541
20.626 36.1789 0.238335
21.579 36.0844 0.258177
20.8667 36.1566 0.224231
20.72 36.1723 -0.0325171
20.8054 36.1646 0.199758
15.73 36.6731 0.396677
20.5598 36.1908 0.121518
21.4989 36.0975 -0.245118
19.6005 36.2883 -0.0852846
21.3098 36.1183 -0.492374
19.2861 36.3215 0.17433
22.1461 36.0364 0.208229
20.8537 36.1665 0.138304
23.0294 35.9499 0.273979
19.9325 36.2607 0.358155
19.592 36.2957 0.223779
18.9696 36.3587 0.0683614
20.3603 36.2204 -0.0993843
23.677 35.8895 0.30311
19.8102 36.2773 -0.0780815
19.1261 36.3467 -0.0862481
18.6749 36.3926 0.183013
25.7102 35.6898 0.0306707
19.4385 36.318 0.229349
20.5449 36.2084 0.140196
20.7288 36.1908 0.249885
21.1076 36.1538 0.178863
21.5172 36.1138 -0.0126282
25.3778 35.7287 0.4571
21.8476 36.0829 0.623078
25.2966 35.7391 0.758044
18.2501 36.445 0.894033
20.0928 36.2617 0.466491
16.0794 36.6638 0.277107
19.1405 36.3583 0.353416
15.4233 36.7306 0.261409
20.252 36.2482 0.0511802
18.1741 36.4566 -0.464861
19.9806 36.2767 -0.390389
17.0225 36.5732 0.12825
20.3803 36.2381 -0.400767
21.8967 36.0872 -0.0986072
19.4523 36.3325 -0.1932
17.8902 36.4896 -0.0686373
17.0002 36.5793 0.0563257
14.7101 36.8088 -0.0261245
20.2015 36.2601 -0.281117
18.6878 36.412 -0.619715
20.7375 36.2078 -0.371871
18.0598 36.4763 -0.0324054
23.139 35.9692 -0.325003
19.4638 36.3375 -0.276172
21.5144 36.1334 -0.357969
20.0364 36.2821 0.0435519
19.8624 36.3003 -0.0686813
22.5522 36.0322 -0.428392
22.4203 36.0463 -0.229906
19.5732 36.332 -0.0999814
18.2925 36.461 -0.15627
18.5148 36.4394 -0.109974
17.524 36.5392 -0.14503
20.7662 36.2155 -0.0925575
22.9756 35.9953 -0.0637955
20.8529 36.2085 -0.248378
20.2293 36.2719 0.152522
19.8436 36.3113 0.171936
20.1868 36.2778 -0.0844787
20.1683 36.2804 -0.387375
23.6093 35.9371 -0.00579943
22.2284 36.0762 0.256191
21.8269 36.1174 0.368536
20.9729 36.2038 0.474294
21.5829 36.1437 0.214132
20.3316 36.2698 0.412457
15.651 36.7387 0.0640243
22.0956 36.0948 0.202592
17.1862 36.5864 0.0226483
25.5707 35.7487 -0.0191973
19.4703 36.3597 0.258946
21.653 36.1424 -0.0308586
17.3796 36.5706 0.493233
21.3009 36.1792 -0.490232
23.2164 35.9884 0.116109
19.9082 36.3202 0.163149
21.3477 36.1772 0.258255
21.7794 36.1348 0.237295
19.6193 36.3518 0.421524
18.8479 36.4298 0.52546
23.1177 36.0035 0.225749
19.3528 36.3808 0.606873
19.4433 36.3727 0.312221
18.1443 36.5033 -0.379542
20.5141 36.267 -0.162265
19.3743 36.3816 0.0666028
18.9372 36.4261 0.0123833
14.6436 36.8561 -0.0300611
21.3116 36.1898 -0.0549033
18.1053 36.511 -0.107321
20.8019 36.2421 -0.557598
21.0027 36.2227 -0.23492
20.1543 36.3084 -0.131884
17.3243 36.5922 -0.0468128
20.7097 36.2543 -0.212052
18.8441 36.4415 -0.419494
25.2022 35.8064 -0.12813
23.0823 36.0194 0.0196701
20.2866 36.3001 0.228443
18.8989 36.4398 0.532347
16.1117 36.7193 0.0498686
24.0383 35.9271 -0.0679438
18.7285 36.4589 -0.026744
18.7285 36.1496 0.150405
17.3612 36.5965 -0.182175
18.7395 36.4592 0.123775
18.3023 36.5035 -0.138323
21.7241 36.1619 0.0267814
18.8762 36.4474 -0.452847
18.9801 36.4378 -0.217583
18.9801 36.4241 -0.167084
17.2946 36.607 -0.221363
19.2182 36.4152 -0.168391
19.2182 36.3299 0.116466
21.4926 36.1884 -0.588989
18.2401 36.5144 -0.28645
22.8355 36.0556 -0.118008
22.6636 36.0736 -0.420216
21.381 36.2029 0.184864
26.5245 35.6895 -0.147829
25.7999 35.7631 0.177386
24.2414 35.9203 -0.0668552
21.3344 36.2122 0.356202
20.0287 36.3438 0.36938
20.8248 36.265 0.314818
19.9877 36.3495 0.673859
20.4788 36.3011 0.311762
19.1237 36.4374 -0.00570071
20.1678 36.3337 0.244714
18.5382 36.4974 0.247998
23.1354 36.0383 0.256067
17.9419 36.5585 0.377815
22.0473 36.1488 0.620397
19.8583 36.3684 0.0260141
18.6907 36.486 0.364433
19.489 36.4068 0.342163
21.0126 36.2551 -0.0448642
20.804 36.2767 -0.115064
21.8771 36.1702 -0.0168566
22.0346 36.1553 0.218641
17.2946 36.6302 0.171336
21.6408 36.1963 0.313657
20.8644 36.2746 0.264453
17.7374 36.5882 0.182044
14.8646 36.8761 -0.0234979
18.6524 36.4977 -0.0164326
20.1057 36.3527 -0.312335
23.5529 36.0087 -0.176663
18.7269 36.4922 0.111813
19.8289 36.3828 -0.242885
19.5949 36.4069 -0.565371
16.3687 36.7302 0.20611
18.6649 36.5011 -0.426917
22.4961 36.1184 -0.30788
17.3028 36.6385 -0.100911
20.4945 36.3201 -0.571132
19.9235 36.3778 -0.0852143
20.8919 36.2817 0.038152
21.1996 36.2516 -0.169039
19.3504 36.4374 -0.082011
19.2375 36.4494 0.435756
18.2843 36.5454 -0.0853789
21.4825 36.2261 -0.299159
20.1136 36.3637 -0.362338
23.6467 36.0112 -0.0829624
21.5477 36.222 0.0994734
19.6343 36.4143 0.00679085
20.5946 36.3191 -0.150618
22.0987 36.1694 -0.0794095
19.9801 36.3821 -0.0723278
21.1745 36.2634 -0.168175
20.9346 36.2882 0.329349
19.67 36.4155 0.414717
19.8326 36.3999 -0.0244826
19.8326 36.4434 -0.0183229
20.6921 36.3147 0.256217
19.074 36.4772 -0.222613
19.4665 36.4386 -0.17583
17.2062 36.6653 0.271429
24.1924 35.9672 -0.0889024
18.927 36.4945 0.054226
20.297 36.3584 0.0733514
22.8584 36.1029 0.119276
17.4183 36.6478 0.0902609
22.5795 36.1323 0.150875
17.2601 36.665 -0.0769798
22.061 36.1856 0.0711243
21.7168 36.2206 -0.306102
20.2626 36.3669 0.21149
15.0262 36.8914 0.013254
21.2571 36.2687 -0.422163
22.3584 36.1591 0.262942
17.2993 36.6659 0.0757437
20.728 36.3237 -0.114135
18.8672 36.5104 -0.0199193
19.3159 36.4662 0.183477
19.8495 36.4134 -0.286135
17.6855 36.6305 -0.35851
18.4615 36.5534 -0.190387
22.7591 36.1241 -0.250979
18.4874 36.5521 -0.202377
18.4874 36.4872 -0.281006
19.3578 36.4658 -0.200817
23.4524 36.0569 -0.0271125
21.5388 36.2491 0.107742
20.9401 36.3099 -0.165014
18.2284 36.5818 -0.00509166
23.3334 36.072 -0.0507746
18.4633 36.5598 0.0704564
20.3524 36.3716 0.0999708
19.9066 36.4168 -0.0508118
21.5184 36.2563 -0.244452
20.3144 36.3775 0.286438
20.1045 36.3992 0.381149
19.5953 36.4508 -0.109508
20.379 36.3731 0.201445
18.2351 36.5882 -0.0118512
21.8925 36.2231 -0.242168
19.8202 36.431 -0.319083
21.3081 36.2829 0.202694
20.1419 36.4003 0.143678
21.1603 36.2992 0.284429
16.8378 36.7322 -0.523018
17.869 36.6296 -0.0977792
22.4773 36.1692 0.143132
19.697 36.4479 -0.0693798
18.1287 36.6055 -0.287663
18.7228 36.5467 0.224023
19.4992 36.4695 -0.406777
19.5126 36.4688 -0.244324
21.539 36.2668 -0.210196
24.7031 35.9511 0.127742
21.7653 36.2458 -0.0890977
23.9466 36.0287 0.0712833
23.041 36.1202 0.00746012
19.2997 36.4953 0.140129
18.4069 36.5854 0.492701
21.7893 36.2477 0.379848
20.5253 36.3747 0.23863
20.739 36.3541 0.662466
17.5115 36.6776 0.763637
18.8162 36.5477 -0.00463249
21.3707 36.2927 -0.0249276
20.73 36.3575 0.10868
18.8455 36.5467 0.164005
18.8809 36.5438 0.314892
19.5155 36.4809 -0.150079
17.3362 36.6994 0.151628
18.2913 36.6044 0.138521
23.1291 36.121 -0.486014
17.2046 36.7142 -0.175167
17.1703 36.7183 0.0920877
20.4009 36.3956 -0.586044
16.5801 36.7782 -0.525794
16.5801 36.5133 -0.589764
22.1537 36.2213 -0.139182
21.5188 36.2854 -0.244085
21.4794 36.2902 -0.51036
22.2031 36.2186 -0.479261
19.4548 36.4943 -0.214518
20.8393 36.3565 0.0735027
21.1106 36.3301 -0.0602037
21.9555 36.2463 -0.0373607
21.8797 36.2547 -0.0503118
20.092 36.4343 0.241931
21.8868 36.2556 0.401356
23.1386 36.1311 -0.0325146
21.6129 36.2846 0.303302
22.9936 36.1474 0.467593
22.9936 36.3216 0.510959
22.9289 36.1547 0.236171
21.291 36.3194 0.625421
19.6469 36.4847 0.230248
19.3651 36.5136 0.636953
18.2827 36.6224 0.457235
13.627 37.0885 0.111832
20.9846 36.353 -0.172525
20.2716 36.4246 -0.00735817
22.4158 36.2109 -0.00434637
21.5037 36.3029 0.156093
19.649 36.4892 0.301175
21.4411 36.3106 0.210926
20.7711 36.3783 0.317245
20.9997 36.3562 0.567334
17.7172 36.6852 0.0552733
19.7596 36.4815 0.277189
21.9526 36.2627 -0.00417748
15.3254 36.9261 0.133526
21.7883 36.2803 -0.152156
22.2211 36.2375 0.103191
22.9696 36.1635 0.308943
20.0347 36.4579 0.203921
19.4464 36.5175 0.00695191
19.4539 36.5173 -0.0359266
21.8406 36.2792 0.469224
18.3399 36.63 0.0384785
18.4437 36.6203 0.0911648
20.4776 36.4173 0.263541
22.4472 36.2209 -0.143395
20.6844 36.398 -0.0310747
16.7446 36.7927 0.158139
21.5495 36.3127 0.168317
21.9602 36.2722 -0.195215
22.1554 36.2535 -0.085523
22.4398 36.2258 0.0144606
19.1337 36.5573 0.466264
21.6604 36.3053 0.528013
22.7498 36.197 -0.0588258
16.7047 36.8024 0.196958
21.3919 36.3342 0.361057
23.9015 36.0838 -0.00103387
22.7442 36.2004 0.0508837
19.3707 36.5387 0.236893
18.4026 36.6362 0.323991
19.2819 36.5488 -0.049487
18.9152 36.586 0.0521546
20.2422 36.4538 0.096177
21.5354 36.325 -0.352304
21.7991 36.2993 0.000100181
12.702 37.2098 0.278979
20.5513 36.4252 -0.333461
19.5906 36.5216 0.0366402
18.4996 36.6313 -0.428882
17.3699 36.7447 -0.105269
22.1807 36.2641 -0.0405787
16.5688 36.8258 -0.282896
18.8738 36.5959 -0.602329
19.1727 36.5664 -0.458956
22.246 36.2595 -0.21644
21.3424 36.3506 -0.306469
22.5301 36.2326 0.0333391
16.4915 36.8372 -0.0969699
18.313 36.6556 0.181019
22.6602 36.2212 -0.483497
22.6602 36.4747 -0.548122
17.2895 36.759 -0.203344
22.062 36.2823 -0.263953
20.0734 36.4817 -0.219426
22.6603 36.2237 0.204307
20.9569 36.3948 -0.121273
21.8924 36.302 -0.0441547
16.3847 36.8536 0.0611179
20.7224 36.4203 0.0160531
20.5782 36.4352 -0.114993
19.6693 36.5267 0.0898078
20.8382 36.4104 0.159248
19.1213 36.5827 -0.270402
22.2173 36.2737 -0.194472
22.2173 36.2918 0.0714211
19.0027 36.5958 0.188573
21.9298 36.3038 -0.0660931
22.3186 36.2655 0.178394
21.0331 36.3949 0.34076
19.2658 36.5724 0.222657
15.1051 36.989 0.184696
23.9909 36.1008 -0.119351
18.617 36.6387 -0.101221
21.189 36.3822 -0.0449508
20.3747 36.4642 -0.166575
20.6823 36.4341 0.306024
17.4291 36.7601 0.00757609
19.5895 36.5445 0.00135687
19.9959 36.5043 0.052709
17.5372 36.7507 -0.228936
21.539 36.351 -0.580942
20.1527 36.4902 0.109872
19.5268 36.5534 -0.453699
19.9281 36.5139 -0.315635
20.1455 36.4927 -0.00962217
18.9984 36.608 -0.195483
22.652 36.2431 -0.295417
18.7362 36.6354 -0.247915
22.2776 36.2819 0.262213
20.0167 36.5086 0.127249
21.8526 36.3257 -0.0965522
19.1589 36.5957 0.41382
19.0876 36.6035 0.123204
21.2033 36.3924 -0.424114
20.0121 36.5121 0.0176413
19.9065 36.5233 -0.137132
21.6439 36.3501 -0.187907
18.9874 36.6164 0.178985
20.583 36.4575 0.0976593
16.8554 36.8308 -0.00814182
22.5875 36.258 0.12342
19.5426 36.563 0.0544698
19.7581 36.5422 -0.088298
24.9293 36.0256 0.20538
24.8514 36.0342 0.119789
19.0489 36.6155 0.372921
15.2231 36.9988 0.303109
19.4339 36.578 0.059319
19.3147 36.5902 0.0105181
17.5364 36.7686 0.303614
18.2778 36.6948 0.00882129
16.4242 36.8805 0.0692111
22.0895 36.3143 -0.35265
21.3199 36.3918 -0.216803
19.7772 36.5467 -0.475147
21.7771 36.3474 -0.368556
19.2914 36.5966 -0.182817
20.9978 36.4266 -0.182751
22.1 36.3169 0.126018
23.2905 36.1986 0.125547
20.6055 36.4679 -0.101161
23.1907 36.2101 0.330523
18.0525 36.7247 0.305264
20.7266 36.4579 0.2486
22.674 36.2637 0.305688
21.5151 36.3803 0.265251
21.0012 36.4324 0.273027
22.3225 36.301 0.319579
21.6095 36.373 0.232866
22.4172 36.293 0.619705
19.1784 36.6176 0.421723
21.5466 36.3814 0.510324
19.9404 36.5426 0.147248
18.8534 36.6519 0.222726
18.8149 36.6563 0.0533634
18.2094 36.7173 -0.0406304
16.1389 36.9247 0.100063
19.5598 36.5829 -0.351196
19.5598 36.6258 0.148398
18.0849 36.7307 -0.0644278
21.762 36.3634 -0.135383
20.2702 36.5131 -0.0679888
19.4204 36.5988 -0.115963
18.5127 36.6901 -0.156623
26.2241 35.9194 -0.189847
20.0783 36.5347 -0.0219835
24.0305 36.1404 0.0219883
18.7915 36.665 -0.14272
20.8771 36.4571 0.560138
19.6735 36.578 -0.238527
19.0769 36.6382 0.257019
21.6718 36.3792 -0.566467
19.5623 36.5908 0.227417
18.0286 36.7447 0.108337
19.7693 36.5711 -0.235746
21.9786 36.3506 0.127278
20.2764 36.5214 -0.17929
19.9999 36.5497 0.107571
19.9999 36.151 0.0663088
22.8956 36.2607 -0.125844
23.6595 36.185 0.0793033
22.6563 36.2862 0.377507
19.0747 36.6452 0.536587
22.4117 36.3121 0.302143
20.2402 36.5299 -0.0278592
18.9951 36.655 0.555274
20.0548 36.5495 0.308795
20.9506 36.4605 -0.0796379
17.136 36.8425 0.118411
15.4179 37.0147 0.137393
17.2829 36.8284 -0.0516367
17.6963 36.7872 -0.260381
17.578 36.7993 -0.422301
21.3755 36.4199 -0.397089
20.0044 36.5574 -0.48804
19.4162 36.6169 -0.0597086
22.0009 36.3589 -0.218898
22.1655 36.343 -0.480146
22.9789 36.2624 -0.31012
21.4802 36.4131 0.32367
21.4802 36.6678 0.189297
20.4259 36.5193 -0.0929082
21.5409 36.4084 0.05026
24.4484 36.1182 0.140238
17.8871 36.7752 -0.0704674
22.9643 36.2681 0.236095
23.6908 36.196 -0.0855012
22.0724 36.3587 0.436689
23.8581 36.181 0.684326
23.841 36.1835 0.750107
16.9841 36.8701 0.649138
19.7286 36.5962 0.318736
21.1938 36.45 0.312088
16.957 36.8743 0.695008
19.1589 36.6545 0.365325
17.4888 36.8218 0.290139
17.4888 36.7023 0.154429
19.293 36.6417 -0.314434
14.9432 37.0771 -0.255695
18.9448 36.6771 -0.229442
18.6786 36.704 -0.516725
19.606 36.6116 -0.317878
18.3598 36.7367 -0.503004
21.4869 36.4244 -0.357519
16.2263 36.9509 -0.355636
16.5137 36.9226 -0.386963
21.8523 36.3889 -0.396108
21.5885 36.4157 -0.459185
20.3048 36.5447 -0.325341
23.6692 36.2089 -0.250822
19.7263 36.6039 0.0730171
21.1096 36.4663 -0.33044
19.8942 36.5883 -0.205306
21.5796 36.4204 0.242914
23.2895 36.25 -0.00151654
22.4303 36.3366 -0.110694
17.3354 36.8469 0.0143381
19.2572 36.6552 0.0922588
18.4555 36.7357 -0.0386716
15.2686 37.0548 0.048588
16.8427 36.8976 -0.0518005
18.9044 36.6915 -0.681562
18.8656 36.6957 -0.51228
19.1699 36.6657 -0.296027
18.7805 36.705 -0.346198
22.6687 36.3166 -0.451049
23.2321 36.2608 -0.52415
20.5796 36.5269 -0.177887
22.8162 36.3039 0.138842
19.9078 36.5954 -0.0602658
21.1727 36.4695 -0.366552
19.4314 36.6442 0.0319946
19.0935 36.6785 -0.0702755
19.7439 36.6139 -0.23637
21.7787 36.4109 0.056024
20.9869 36.4906 -0.129572
20.8495 36.505 0.0784488
21.0722 36.4833 0.13837
18.8841 36.7027 -0.0136949
22.838 36.3078 -0.295692
17.6086 36.8313 0.11766
23.7699 36.2157 0.231662
19.6482 36.6285 0.0475332
19.559 36.638 0.413624
20.6756 36.5268 0.036919
19.4477 36.6501 0.135245
23.2183 36.2736 0.0908563
15.1241 37.0836 0.161309
21.6932 36.4271 -0.402972
17.9315 36.8036 -0.112954
20.7619 36.521 -0.0603694
21.8594 36.4117 0.475605
18.577 36.7406 -0.0339386
22.186 36.3802 -0.288713
19.6632 36.633 -0.0921722
20.8963 36.5103 -0.0317492
20.1142 36.589 -0.234984
19.9681 36.6041 0.126492
20.1032 36.5911 0.119518
18.2064 36.7813 -0.154394
20.5127 36.551 0.124882
18.775 36.7252 -0.106158
20.9063 36.5125 -0.311418
19.8593 36.6177 0.0564464
23.3935 36.2648 -0.122971
20.997 36.5051 -0.366129
19.3373 36.6718 0.00743115
19.3373 36.5019 -0.327374
19.3373 36.532 0.145963
21.0261 36.5034 0.144905
22.2117 36.3853 -0.264316
20.4205 36.5651 0.109408
21.0703 36.5007 0.0596137
21.5471 36.4536 0.0283686
20.8382 36.5251 -0.0176659
19.5057 36.6589 0.27919
20.8875 36.5212 0.338263
20.8875 36.4938 0.441127
22.3268 36.3778 0.126664
20.7161 36.5395 0.487123
18.9693 36.7148 0.228124
18.8648 36.7257 -0.235319
20.118 36.6008 -0.0336192
22.9081 36.3222 -0.289868
20.0688 36.6067 -0.139223
25.7315 36.0411 0.254072
18.6104 36.754 0.456774
22.4055 36.3751 0.111234
22.5824 36.358 0.263086
23.8109 36.2358 0.582346
18.6312 36.7546 0.489576
18.4554 36.7728 0.269985
23.278 36.2908 0.375041
22.8109 36.3381 -0.0851112
19.9464 36.6253 0.577401
20.3819 36.5824 0.41001
19.4673 36.6743 -0.0345664
19.3685 36.6846 0.374565
18.6253 36.7594 0.468615
22.1806 36.4042 0.11447
22.3994 36.3828 0.317534
22.8427 36.3392 0.233359
21.792 36.445 0.496572
15.7887 37.046 0.147724
18.7781 36.7474 0.06305
18.7036 36.755 -0.279027
20.3511 36.5906 0.0331178
21.333 36.4928 0.275163
20.0301 36.6237 0.304473
18.0751 36.8197 -0.0283041
19.6342 36.6641 -0.203867
15.655 37.0624 0.00943962
18.3917 36.789 -0.0438625
19.3293 36.6954 -0.351767
18.9942 36.7292 -0.337446
17.1229 36.9167 -0.205312
21.2684 36.5024 -0.0308497
19.7855 36.6511 0.0647467
18.3535 36.7948 -0.107573
21.7919 36.4513 -0.438851
21.7919 36.3597 -0.443985
17.9587 36.8351 0.0907848
18.8844 36.743 -0.0235295
19.5278 36.6789 -0.334077
18.8517 36.7469 -0.0649152
17.5543 36.877 -0.375934
22.6187 36.3709 -0.547667
18.4939 36.7838 -0.520555
22.9747 36.3362 -0.31178
21.3265 36.5016 -0.0121547
17.2883 36.9061 -0.100062
23.784 36.2569 -0.339771
22.6391 36.3719 -0.0458977
22.6256 36.374 -0.324331
18.4272 36.7945 0.170894
22.2094 36.4168 0.50131
17.4123 36.897 -0.108331
17.4123 36.6522 -0.133845
22.8349 36.3552 -0.618282
17.6083 36.8783 0.169468
21.1173 36.5279 -0.0050733
22.9797 36.342 0.00104965
17.2771 36.9129 0.120953
17.2151 36.9196 -0.346684
22.1682 36.4244 -0.174867
21.2357 36.5181 -0.784146
21.2017 36.5221 -0.00202342
19.948 36.648 0.180378
22.8707 36.3563 -0.0770829
21.4953 36.4944 0.246032
23.4995 36.2946 0.109745
22.1104 36.4342 0.232477
19.1846 36.7275 0.413323
17.6209 36.8844 0.123579
18.3196 36.8148 0.440152
19.1855 36.7285 0.0808445
20.5411 36.5932 -0.270526
17.6458 36.8832 -0.514609
19.8636 36.6617 -0.59034
22.376 36.4108 -0.197046
23.1941 36.3295 -0.268841
22.0017 36.4495 -0.192436
18.832 36.7672 -0.0888586
19.9739 36.6535 0.0629471
18.1107 36.8402 -0.0870532
20.594 36.5922 -0.0991031
20.5035 36.6016 0.00688687
21.9512 36.4573 0.208575
20.611 36.5919 0.17391
21.4329 36.5102 -0.293908
23.6601 36.2881 0.152651
17.6466 36.8901 0.249659
21.7084 36.4844 0.039825
24.6978 36.1859 0.213059
17.31 36.9254 0.551141
21.5662 36.5003 0.104494
20.7644 36.5809 -0.260862
18.4483 36.813 -0.0162038
20.3445 36.6238 0.237853
19.2716 36.7314 0.132449
22.3328 36.4257 0.321846
17.7844 36.8811 -0.130793
20.7107 36.5889 -0.018844
21.7161 36.4887 0.151108
21.2024 36.5406 -0.0991257
20.5361 36.6078 -0.107013
19.0613 36.7558 0.329473
16.1592 37.0464 0.141029
22.8471 36.3778 -0.024433
23.3048 36.3324 -0.19434
19.4037 36.7232 0.401374
23.1994 36.3442 0.0711953
19.7487 36.6898 0.22773
18.203 36.845 0.0324384
16.7354 36.9921 -0.0264685
22.9688 36.3689 -0.30855
18.2673 36.8394 -0.0328246
18.2673 36.808 0.0749135
21.2396 36.5427 -0.131007
22.9261 36.3744 -0.283379
17.7354 36.8941 0.0666369
22.4762 36.4205 -0.0530648
20.4142 36.6271 0.331494
20.3218 36.6369 0.174163
20.2197 36.6476 0.00377117
21.6584 36.5042 -0.0924633
21.3481 36.5357 0.163686
17.3135 36.9397 0.249302
22.3356 36.4379 -0.240789
22.729 36.3989 0.223926
20.0087 36.6716 0.469095
21.8325 36.4898 0.174683
19.9694 36.6766 -0.0158752
18.5257 36.8215 -0.0753266
20.221 36.6523 -0.0286658
20.1703 36.6577 -0.12773
18.0204 36.8731 -0.0682053
18.9435 36.7811 -0.157746
20.8983 36.5859 -0.105708
17.643 36.9118 0.175836
19.5201 36.7245 -0.35882
18.3196 36.8448 -0.0860533
22.6969 36.4073 -0.595739
17.9538 36.8821 0.124
22.31 36.4469 -0.0781755
21.0428 36.5741 0.102326
24.0185 36.2771 0.0548842
20.3 36.6496 0.134909
21.5024 36.53 -0.0258501
19.025 36.7782 0.184249
20.3527 36.6459 0.0638007
21.4338 36.5381 0.287058
23.63 36.319 0.187323
19.114 36.7713 0.396519
19.5592 36.7273 -0.0339813
22.1687 36.4667 -0.0551824
23.1833 36.3657 0.498443
18.4971 36.835 0.17332
18.2165 36.8635 0.278922
20.529 36.6325 0.214518
20.3301 36.6527 0.134559
18.7839 36.8078 0.414265
22.938 36.3927 0.394241
20.1034 36.6767 0.119946
16.5755 37.03 -0.0606781
21.1288 36.5749 0.117947
19.2907 36.759 -0.350786
19.9048 36.698 0.0200724
16.4447 37.0444 -0.0569415
20.8076 36.6083 -0.147323
19.6275 36.7266 0.105747
19.6275 36.6138 -0.099127
20.9679 36.593 -0.268151
20.1387 36.6763 0.103204
23.2244 36.3682 -0.135941
20.0133 36.6899 -0.0698843
20.7811 36.6136 -0.471088
20.9367 36.5985 0.389108
20.143 36.6784 -0.0124803
23.8307 36.31 0.0341344
21.7998 36.5137 0.0527371
15.8801 37.1064 0.0444841
20.1407 36.6806 -0.104691
18.3765 36.8572 -0.087891
23.876 36.3076 0.0559921
19.6724 36.7284 -0.0382614
19.6724 36.7899 -0.0945288
20.5368 36.6425 0.00235213
22.8065 36.416 0.0845441
22.8065 36.6101 0.601557
21.2393 36.5732 0.669911
21.7211 36.5257 0.165351
20.3655 36.6618 0.142369
20.3655 37.0828 -0.050579
21.9595 36.5028 0.164528
17.9041 36.9089 0.408243
17.5562 36.9441 0.425009
17.5562 36.9853 -0.106019
20.7283 36.627 0.137623
16.2749 37.0726 -0.136813
16.4718 37.0532 -0.0580488
18.2168 36.8787 -0.0774423
20.0445 36.6961 -0.117262
23.4523 36.3556 -0.484788
18.9622 36.8051 -0.41058
20.4608 36.6558 -0.159504
20.4608 36.4785 -0.407091
20.5138 36.6508 -0.415246
19.6607 36.7366 -0.310111
19.4906 36.754 -0.395701
21.5434 36.549 -0.27509
19.4669 36.7571 0.0130431
19.7112 36.7331 -0.241805
16.6628 37.0383 0.102567
19.6011 36.7447 -0.239595
20.2298 36.682 -0.107203
20.5687 36.6485 -0.164596
18.2771 36.8781 -0.341273
24.2963 36.2765 -0.30946
19.733 36.7333 -0.0320943
19.7512 36.7321 -0.0986602
23.8134 36.3262 -0.177337
23.9954 36.3086 -0.117501
16.8153 37.0273 -0.0249462
21.3238 36.5769 -0.411652
18.6524 36.8443 0.101121
17.7769 36.9322 0.109976
19.2875 36.7814 0.0741782
18.839 36.8265 -0.096561
18.839 36.6029 -0.216476
21.9156 36.5191 -0.404666
19.6968 36.7414 -0.334648
19.975 36.714 -0.123786
19.653 36.7466 -0.141503
17.1533 36.9969 -0.249788
24.0791 36.3045 -0.409373
23.0173 36.4111 0.0903874
20.7617 36.6374 0.613841
18.1309 36.9011 0.0713446
21.3559 36.5789 -0.0734996
22.0526 36.5096 0.106101
23.5414 36.3612 -0.0714053
17.0554 37.0105 0.112702
21.363 36.5801 -0.105084
22.5901 36.4577 0.237398
17.4362 36.9736 0.169501
21.219 36.5957 -0.331009
19.5076 36.7672 -0.0673946
19.7679 36.7415 -0.180955
22.7147 36.4472 0.231501
23.3391 36.3852 0.28053
24.3323 36.2866 0.191505
19.5383 36.7667 0.348918
20.731 36.648 0.0490649
20.3992 36.6816 0.235203
23.107 36.4112 0.174728
21.8235 36.5401 0.166284
19.4816 36.7749 0.559045
22.7312 36.4504 0.327069
25.7171 36.1523 0.384621
25.7171 36.4085 0.322696
18.9578 36.829 0.437153
19.867 36.7387 0.663991
18.6379 36.8619 0.441575
22.4025 36.4857 0.175321
18.1675 36.9096 0.502047
18.6605 36.8607 0.544164
18.3793 36.889 -0.033364
19.088 36.8183 0.124062
21.1821 36.6092 0.212892
21.1446 36.6133 -0.0979177
16.7669 37.0515 -0.114027
23.6492 36.3636 0.447618
21.5918 36.5697 0.149844
20.1815 36.7113 0.243383
20.8633 36.6436 0.0591437
18.4588 36.8844 0.104315
17.5936 36.9713 -0.10292
22.8219 36.4486 -0.0979128
19.3083 36.8003 -0.0595699
20.1609 36.7155 0.0456723
16.8109 37.0509 -0.136341
17.938 36.9384 -0.0592247
21.315 36.6007 -0.197994
21.0733 36.6252 -0.227625
17.2407 37.009 0.00250579
16.6503 37.0683 -0.338413
19.1904 36.8143 -0.341077
18.6215 36.8713 -0.625224
23.578 36.3759 -0.292698
16.307 37.1035 -0.196857
19.3736 36.7972 -0.603089
18.0697 36.9277 -0.730168
21.071 36.6278 -0.656452
20.3574 36.6995 -0.472654
22.2948 36.5062 -0.453525
19.6216 36.774 -0.0442439
20.5355 36.683 -0.340677
20.5355 36.4555 -0.16327
21.671 36.5698 -0.49357
20.6461 36.6728 -0.127602
22.6825 36.4696 -0.0566262
21.3924 36.5991 0.202591
22.9318 36.4457 0.196178
19.2933 36.8101 -0.0428556
23.1308 36.4268 -0.0336819
20.36 36.7044 0.0169865
19.4976 36.7911 0.369417
18.559 36.8853 0.113557
20.0671 36.7348 0.0281561
21.4798 36.5938 -0.24447
18.0168 36.9405 0.164907
21.7525 36.5673 0.16473
23.0089 36.4419 -0.0447418
19.2627 36.8171 0.222153
21.2412 36.6197 0.20165
20.1336 36.7309 0.154842
19.0304 36.8416 0.182037
20.3786 36.7071 0.243974
21.5945 36.5858 0.340232
18.9705 36.8486 0.11727
18.1862 36.9274 0.0991241
19.3787 36.8084 -0.235863
19.953 36.7512 -0.0972787
20.0384 36.7429 0.0443898
19.5912 36.788 -0.0520737
19.9653 36.7509 0.116875
19.0804 36.8397 -0.197721
19.0804 36.7853 -0.108806
18.0704 36.941 -0.194658
19.6514 36.7831 -0.0469016
18.0035 36.9481 -0.241429
20.8463 36.664 -0.703422
22.1295 36.536 -0.453352
22.1295 37.012 0.115591
20.6026 36.6892 -0.296256
24.0108 36.3488 -0.135454
24.3552 36.315 -0.0976371
20.997 36.6515 0.214456
19.7408 36.7778 0.37049
17.3081 37.0214 -0.181531
18.7411 36.8783 0.0395655
20.2012 36.7324 0.0753034
23.8988 36.3629 0.25644
22.601 36.4932 0.123688
22.6387 36.4901 0.369635
17.8798 36.9666 0.35937
18.5571 36.8992 -0.023844
19.5935 36.7957 -0.111138
16.4993 37.1054 -0.219359
21.421 36.6134 0.171571
19.78 36.7777 0.0954663
18.5669 36.8994 -0.0674182
23.0103 36.4553 -0.199588
17.9897 36.9578 -0.15496
19.9176 36.7654 -0.0809343
20.7101 36.6863 0.189933
21.1581 36.6419 0.0148648
24.0499 36.3531 -0.183609
21.1338 36.6453 0.0640008
21.406 36.6187 -0.0116293
20.8314 36.6766 0.229764
17.6925 36.9909 0.215321
24.1502 36.3454 -0.291436
20.8066 36.6802 0.179895
21.0854 36.6529 0.456677
23.2387 36.438 0.15748
21.5422 36.6082 0.227442
22.6196 36.501 0.389853
21.9633 36.5672 0.157516
21.0104 36.663 0.606722
18.7965 36.8848 0.4449
20.3962 36.7252 0.41611
17.2464 37.0404 -0.0647215
20.6174 36.7035 0.191922
24.3655 36.329 0.0678123
20.996 36.6665 -0.177375
21.3476 36.6319 0.15728
20.1198 36.7551 0.449616
19.7996 36.7875 0.335698
21.5468 36.6131 0.216273
17.5385 37.0143 0.213471
20.7242 36.696 -0.266466
17.3781 37.0309 -0.25962
19.9554 36.7734 -0.109651
20.6655 36.7025 0.118749
20.8473 36.6847 0.133289
18.1184 36.958 0.0634232
18.1184 36.8751 -0.111468
17.3515 37.0349 -0.042078
19.5775 36.8124 -0.334368
19.7756 36.7928 -0.385434
24.473 36.3233 -0.226275
19.5967 36.8115 -0.288263
24.0381 36.3679 -0.221665
21.2748 36.6447 0.147539
17.3494 37.0378 0.215418
20.7147 36.7015 0.0702397
23.6022 36.413 0.00011066
17.0685 37.0669 -0.114041
18.5865 36.9154 -0.0648592
21.4569 36.6285 0.0788798
15.6732 37.2072 -0.0144316
20.2586 36.7488 0.185553
19.2828 36.8465 -0.486599
14.4861 37.3264 -0.24309
20.2135 36.7537 -0.439514
21.2656 36.6485 -0.536168
22.2537 36.5501 -0.28066
22.4906 36.5269 -0.570294
21.2127 36.6552 -0.240494
22.5443 36.5226 -0.219015
21.6674 36.6107 0.189818
27.6443 36.0136 0.0690061
22.6485 36.5139 0.650442
22.2309 36.5565 0.332983
16.9616 37.084 0.727909
17.3682 37.0436 0.334216
20.221 36.7583 -0.134829
20.2902 36.7516 -0.0973094
17.7206 37.0089 -0.267532
17.7206 36.6876 0.257234
20.9002 36.6911 -0.047239
20.2653 36.7549 -0.139739
22.4051 36.5412 -0.129843
22.2631 36.5559 0.138846
19.7141 36.8113 0.0810817
18.965 36.8866 -0.216787
22.9285 36.4905 0.108899
22.2414 36.5596 0.0880657
21.6941 36.6149 0.0638548
20.1048 36.7743 0.307696
20.0609 36.7791 -0.177915
19.3236 36.8532 0.365008
17.421 37.0437 -0.017424
17.421 36.7951 -0.316505
21.4331 36.6426 -0.185159
18.1563 36.9705 -0.251475
17.1614 37.0703 -0.471848
16.3722 37.1493 -0.0348594
21.6517 36.6213 -0.478339
21.236 36.6631 -0.386474
19.8796 36.7992 -0.445453
16.6436 37.1231 -0.244536
21.3106 36.6565 -0.283653
20.1677 36.771 -0.187505
20.5598 36.7322 -0.376671
21.5391 36.6346 -0.283539
21.7316 36.6157 -0.00662763
23.7946 36.4099 -0.0695035
20.0863 36.7813 -0.210743
21.3872 36.6517 0.0630913
20.8762 36.7032 0.0479106
22.557 36.5355 -0.0190022
20.3808 36.7536 0.0909749
19.9767 36.7944 0.372392
19.1148 36.8809 -0.241053
19.1148 36.8952 -0.390741
17.7943 37.0132 -0.184501
22.6712 36.5257 -0.155285
20.3439 36.7587 0.139395
22.8126 36.5123 -0.159702
21.4077 36.6532 -0.0386995
21.5816 36.6363 -0.225268
19.427 36.8522 0.0938989
20.0667 36.7886 0.137666
24.6005 36.3355 0.086946
19.1508 36.881 -0.245215
17.3145 37.0651 0.280665
18.2188 36.9748 -0.155556
19.6606 36.8307 -0.0417235
19.2456 36.8723 0.139859
21.0467 36.6925 0.124965
22.2531 36.5721 0.100185
19.5042 36.8475 -0.00541673
15.2234 37.2759 -0.367415
21.7871 36.6196 -0.215817
20.8868 36.7098 -0.265838
20.0496 36.7939 0.0791612
22.3407 36.5651 -0.295869
20.5348 36.7461 0.274513
27.0946 36.0906 -0.0134677
21.8379 36.6169 -0.127831
19.1 36.8914 0.429357
26.4604 36.1557 0.371276
22.4514 36.5572 0.631887
21.6312 36.6399 0.323079
19.6314 36.8404 0.522222
19.6314 37.1241 0.735102
20.133 36.7906 0.163856
22.1139 36.5927 0.246532
24.8957 36.315 0.562377
24.8957 36.7891 0.451721
19.5935 36.8458 0.627496
20.7727 36.7284 0.661087
19.7231 36.8337 0.603695
18.1519 36.9911 0.111411
22.6426 36.5422 0.296212
18.9176 36.915 0.322843
19.8622 36.8209 0.450841
22.8785 36.5195 -0.256515
20.4239 36.7654 0.227124
21.2198 36.6862 0.357688
21.1577 36.6928 -0.0137683
19.3571 36.8732 0.163128
16.1116 37.1981 0.222149
16.3048 37.1788 0.382766
19.6395 36.8452 -0.287104
16.382 37.1711 -0.143437
19.8568 36.8237 -0.434106
15.686 37.2408 -0.294692
16.3417 37.1753 -0.416153
20.9007 36.7193 -0.419832
21.7071 36.6388 -0.397485
19.3273 36.8772 -0.161497
22.6056 36.5497 -0.498022
16.4131 37.1693 -0.172919
23.8785 36.423 -0.605125
17.4989 37.0612 -0.020457
20.8496 36.7265 -0.434157
17.7007 37.0416 -0.358379
16.5474 37.1571 -0.411127
20.6187 36.75 -0.309368
18.828 36.9292 -0.214349
19.5643 36.8558 -0.476845
20.3685 36.7756 -0.54625
18.9532 36.9174 0.00446403
18.8185 36.9311 -0.245302
25.4897 36.2641 -0.198858
24.6142 36.3521 -0.651159
16.1418 37.2002 0.00357672
20.4926 36.7654 -0.383808
21.3789 36.6769 0.151375
19.3266 36.8824 0.31352
21.0903 36.7064 0.0845399
20.913 36.7244 -0.101555
20.3084 36.7852 0.050714
20.8493 36.7315 0.120484
19.6659 36.8501 -0.555154
22.2959 36.5874 -0.255642
22.2959 36.8082 0.364922
21.7659 36.6408 0.126419
22.709 36.547 0.158014
23.5491 36.4634 0.120634
17.4879 37.0701 0.258254
18.6086 36.9584 0.268174
21.1967 36.6997 0.0334697
22.7006 36.5495 -0.503113
19.1948 36.9006 0.276327
20.5501 36.7654 0.31305
20.1583 36.8048 0.0583783
18.4498 36.976 0.0233038
21.3277 36.6884 -0.00625365
17.7194 37.0495 0.13833
19.3057 36.891 -0.266342
24.3992 36.3818 -0.212343
21.3033 36.6918 -0.0870019
18.4477 36.978 -0.130947
22.8516 36.5378 -0.210217
22.3034 36.593 0.137075
22.4145 36.5824 -0.0496865
20.8004 36.7443 0.159648
21.9605 36.6287 0.528808
18.6398 36.9612 -0.181293
22.5493 36.5705 0.172049
21.5135 36.6744 0.311296
18.3113 36.9951 0.426338
23.0681 36.5197 0.390876
20.6649 36.7603 0.19002
18.9673 36.9305 0.0356854
20.1254 36.8149 0.236358
14.9812 37.3296 0.184122
19.6267 36.865 -0.28619
23.0705 36.5206 -0.24045
20.6131 36.7668 -0.192856
18.5485 36.9737 0.00776905
21.7222 36.6565 -0.157003
19.0971 36.9193 -0.403192
18.9631 36.933 -0.0421978
21.1875 36.7107 0.0178362
19.3523 36.8945 -0.352906
20.9101 36.739 -0.252189
21.8549 36.6448 0.213026
21.8082 36.6498 -0.368533
18.3109 37 -0.144348
19.3865 36.8927 -0.312187
20.9597 36.7355 -0.37603
22.5454 36.5772 0.179114
21.6177 36.6704 -0.132676
20.9977 36.7329 -0.244726
19.9331 36.8397 0.494561
22.3924 36.5941 0.300481
21.9787 36.6358 0.0117966
18.7211 36.9621 0.251145
15.2092 37.3135 0.258731
20.2658 36.8078 -0.132567
20.2351 36.8109 -0.225739
18.4165 36.9931 -0.268094
19.7232 36.8626 -0.26208
16.9229 37.1428 0.153339
20.2742 36.8077 -0.455707
21.3301 36.7022 -0.547355
22.6948 36.5661 -0.4481
16.2815 37.2079 -0.0602344
22.4183 36.5944 -0.222475
20.8217 36.7542 -0.135065
23.1194 36.5249 -0.209027
19.5865 36.8786 -0.181201
22.7943 36.5582 -0.130715
18.2077 37.0172 -0.140051
23.6481 36.4735 -0.00872738
21.0944 36.7292 0.354216
19.1768 36.9215 0.156801
21.1038 36.729 -0.327819
19.9893 36.8407 0.179512
18.528 36.9871 -0.0433745
22.599 36.5802 -0.416884
19.7343 36.867 0.175804
18.5184 36.9889 -0.133
19.2322 36.9177 0.1204
18.8968 36.9514 -0.319144
19.274 36.9138 -0.215653
22.6057 36.5808 -0.0860171
23.5743 36.4843 -0.0137566
22.2628 36.616 0.201412
18.587 36.9841 0.328693
18.1388 37.0292 0.395956
17.61 37.0822 0.0349227
21.731 36.6701 -0.0495617
17.963 37.0471 -0.195849
17.7729 37.0663 -0.0116908
20.2596 36.8177 -0.448528
17.3822 37.1056 -0.238826
21.521 36.6918 -0.150817
22.8004 36.5641 0.0517932
19.3421 36.9104 -0.130633
20.9995 36.745 0.232664
19.7449 36.8707 0.185996
21.339 36.7115 -0.0339624
19.8392 36.8618 -0.0994278
16.7444 37.1716 -0.279829
20.5875 36.7874 -0.493479
25.8176 36.2645 -0.0419656
19.0737 36.9394 0.300647
19.2462 36.9226 -0.187509
20.9683 36.7506 -0.227651
17.3881 37.1088 -0.0869511
19.3781 36.91 -0.458606
20.1332 36.8346 -0.268643
23.7998 36.4681 -0.12053
21.2433 36.7242 -0.309198
23.5334 36.4957 -0.126754
21.467 36.7028 0.364558
20.3274 36.8172 0.545871
23.0925 36.5411 -0.0488076
20.1163 36.8391 0.157282
23.467 36.5044 0.45088
20.5752 36.794 0.366796
19.1194 36.94 0.343561
20.8325 36.7689 0.182182
20.859 36.7665 0.16621
18.0047 37.0523 -0.0839699
20.7529 36.7776 0.132087
21.9103 36.662 0.254151
20.4483 36.8086 0.184298
24.7457 36.3792 0.174039
20.353 36.819 -0.00937903
19.3677 36.918 0.0790392
20.4211 36.8129 0.193093
22.3553 36.6197 0.349357
21.4323 36.7123 0.355252
21.6626 36.6897 0.3612
22.6025 36.5961 0.309484
21.1526 36.7416 0.0263126
19.5981 36.8974 0.36623
17.1358 37.1439 0.36786
17.2385 37.1337 0.291562
19.3992 36.9176 0.00288374
20.1384 36.8437 0.0635695
19.5855 36.8992 0.0948902
22.033 36.6547 -0.000681765
17.4973 37.1086 0.0380557
17.4973 36.7129 -0.126602
21.1844 36.74 -0.449664
18.7234 36.9863 -0.37123
19.8316 36.8757 -0.224266
19.9438 36.8646 -0.231194
22.0858 36.6507 -0.544856
17.957 37.0639 0.0892904
21.9557 36.6642 -0.199609
18.3144 37.0286 -0.0915369
21.1614 36.7441 -0.115349
19.9877 36.8617 -0.377981
19.4698 36.9138 -0.372055
19.9456 36.8664 -0.261041
20.3056 36.8306 -0.395733
22.9412 36.5672 -0.281228
19.8008 36.8817 0.117929
19.5112 36.911 0.0457507
19.2203 36.9403 -0.366066
21.3842 36.724 -0.123073
19.7862 36.8841 -0.155494
17.9659 37.0664 0.000208348
21.7023 36.6929 -0.3961
21.8219 36.6811 -0.177041
17.9226 37.0714 -0.0883155
18.8296 36.9809 -0.119025
19.8289 36.8811 -0.392464
18.9313 36.971 -0.404826
23.2617 36.5381 0.132881
19.2781 36.9368 0.144163
22.882 36.5768 0.304715
22.8239 36.5829 0.0972902
18.7211 36.9937 -0.173965
21.0385 36.7622 0.330858
21.0385 36.5981 -0.119171
21.0283 36.7635 -0.222773
20.6705 36.7996 0.200614
21.2974 36.7372 0.182203
23.0094 36.5663 0.305972
18.2307 37.0446 0.345368
20.9093 36.777 0.297008
17.5806 37.1101 -0.0859255
20.0201 36.8663 0.0814995
21.9809 36.6703 -0.0833024
20.3152 36.8372 0.109035
21.1799 36.751 0.124964
20.2443 36.8449 0.0498296
18.3646 37.0331 -0.00972668
20.0139 36.8683 0.37154
20.701 36.7998 -0.0184723
18.7709 36.993 0.0391347
19.4366 36.9266 -0.363344
20.5841 36.812 -0.0425581
15.963 37.2743 -0.377598
21.4553 36.7252 -0.676778
21.8873 36.682 -0.138053
22.3591 36.6352 0.0238047
22.3591 37.0974 0.148227
21.0734 36.7642 0.126273
20.4742 36.8245 0.198705
22.284 36.6439 0.241753
21.3429 36.7383 -0.183195
19.8295 36.8901 -0.34289
23.5917 36.5141 -0.0425634
23.0479 36.5689 0.132731
19.8763 36.8866 0.097122
20.3124 36.8433 0.0329926
19.1541 36.9594 -0.0872871
19.2441 36.9505 0.382172
19.9478 36.8803 0.0514111
18.4755 37.0277 0.0668969
23.6151 36.5139 -0.0484115
22.8996 36.5857 -0.130782
19.6746 36.9088 0.0557112
22.1091 36.6657 -0.0898525
17.0133 37.1755 0.379818
17.0133 36.9383 0.115451
20.9769 36.7794 -0.0769822
21.5056 36.7266 0.173242
18.7986 36.9976 -0.165128
24.1547 36.4622 -0.456988
20.5515 36.8229 0.0836545
24.0741 36.4711 0.0512467
22.7439 36.6045 0.46185
21.5066 36.7288 0.173043
19.6135 36.9186 -0.101575
17.2469 37.1555 0.520496
18.2929 37.0509 0.0980131
21.1247 36.7677 0.133427
21.9391 36.6865 -0.0307158
20.6367 36.8171 0.302164
23.0117 36.5799 0.0368865
19.9824 36.8832 0.364878
18.6025 37.0215 0.196767
17.8088 37.101 0.422932
19.164 36.9656 -0.292052
18.6812 37.0139 0.133916
17.6424 37.1179 -0.294747
18.8016 37.002 -0.25265
19.9373 36.8884 -0.273545
19.3756 36.9447 -0.446128
20.3638 36.8461 -0.495389
20.4225 36.8404 -0.165223
20.516 36.8313 -0.200699
22.9849 36.5846 -0.390286
21.1117 36.7723 0.0529093
21.3175 36.7522 0.00160433
17.4112 37.1431 -0.262997
20.4391 36.8405 -0.216868
22.9961 36.5849 -0.0780174
20.9955 36.7853 -0.251743
21.6161 36.7236 0.371442
22.9165 36.5939 0.211703
20.9195 36.794 -0.194273
20.1857 36.8678 0.541856
18.2587 37.0608 0.18529
18.5016 37.0366 -0.0212203
18.5016 36.8629 -0.353495
19.2067 36.9661 0.114316
20.7462 36.8123 -0.422639
22.0102 36.6861 -0.028119
24.9325 36.3942 -0.162255
21.9598 36.692 0.332611
24.0494 36.4836 -0.0492405
20.6294 36.8261 0.156308
20.4069 36.8487 0.264926
17.3039 37.1593 0.18134
19.6777 36.922 -0.133191
20.2111 36.8687 -0.278773
21.4572 36.7443 0.224418
20.9943 36.7908 -0.15363
21.6225 36.7283 0.170711
20.6777 36.8231 -0.113454
17.4667 37.1446 -0.0571027
21.7563 36.7157 0.298422
18.2309 37.0684 0.226885
19.3788 36.9538 -0.184271
18.4207 37.0497 -0.180454
20.3792 36.8539 -0.495529
14.8511 37.4069 -0.280568
22.1859 36.6733 -0.321847
16.6728 37.2247 -0.367006
19.3723 36.9549 -0.299744
20.8878 36.8033 -0.167607
23.7131 36.521 -0.216127
23.7131 36.7369 -0.19386
18.5013 37.0426 0.131462
23.3686 36.5562 -0.362008
23.4137 36.5519 -0.149504
18.7641 37.0174 0.129024
17.0181 37.1923 0.531435
17.7962 37.1145 -0.044535
21.8429 36.7098 -0.417059
20.5153 36.8427 -0.388593
23.0614 36.5884 -0.424815
20.3337 36.8615 -0.0632921
21.1086 36.7844 -0.0562265
18.3143 37.0641 -0.00942025
23.3779 36.5579 -0.0887914
19.5106 36.9449 -0.737287
23.9559 36.5007 0.0813857
22.812 36.6155 0.277168
17.3272 37.1645 0.0934406
22.6691 36.6305 -0.156795
21.6619 36.7314 -0.273803
19.2568 36.9723 0.0702052
20.0193 36.8963 -0.114715
21.671 36.7312 0.270086
23.2125 36.5774 0.554812
22.6787 36.6312 0.195646
18.6815 37.0314 0.649749
22.4002 36.6598 0.0764304
20.274 36.8726 0.202745
21.3874 36.7616 0.144314
17.818 37.1188 0.198571
20.3484 36.8659 0.0265996
22.6504 36.6358 0.0584064
23.8075 36.5204 0.0590217
19.7556 36.9261 0.0584955
18.2929 37.0728 0.523444
21.9831 36.7038 0.174909
19.0795 36.9944 0.158242
17.0714 37.1954 -0.00123446
21.3085 36.7717 -0.0957545
21.1834 36.7843 0.167521
17.0641 37.1966 0.0887058
22.2053 36.6825 -0.375261
18.9295 37.0103 0.299695
19.736 36.9298 -0.0242194
18.4258 37.061 -0.0306409
18.4258 36.9909 0.124589
18.1509 37.0886 -0.242061
18.9615 37.0075 -0.264805
19.3932 36.9644 -0.0394837
16.5837 37.2454 -0.580336
21.892 36.7146 -0.342227
18.7047 37.0334 -0.58334
21.6382 36.7403 -0.637073
22.5375 36.6505 -0.165942
19.0819 36.9965 -0.645695
19.7217 36.9328 -0.13054
20.7063 36.8344 -0.0720436
19.6117 36.9441 -0.139534
19.2706 36.9784 -0.118894
18.7356 37.032 -0.204545
21.1604 36.7896 -0.392419
16.4097 37.2649 -0.0950533
21.6531 36.7406 -0.402461
17.286 37.1774 -0.283607
19.4845 36.9577 -0.596452
22.9649 36.6096 -0.133769
20.6719 36.8392 -0.0275
17.9852 37.1083 -0.473679
19.8285 36.924 -0.281035
20.7499 36.832 -0.21039
20.7499 36.789 -0.58682
20.4969 36.8575 -0.224545
20.6849 36.8389 -0.388633
15.5993 37.3477 -0.23674
21.2123 36.7864 -0.411365
23.0602 36.6016 -0.209948
18.5812 37.0499 -0.300224
21.6764 36.7407 0.130345
21.9167 36.7168 -0.0267889
21.967 36.7121 0.0266603
19.9076 36.9185 0.411219
19.9076 36.7995 0.0323357
20.7984 36.8296 -0.117061
19.612 36.9485 0.0422745
22.018 36.7081 -0.138151
20.6618 36.844 0.0551066
22.4286 36.6676 -0.0245755
18.8592 37.0249 0.172356
21.7026 36.7408 -0.173058
23.4261 36.5686 0.63358
20.5844 36.8532 0.315863
22.0202 36.71 0.16785
22.2794 36.6844 0.427162
23.3294 36.5798 0.44043
19.1589 36.9973 0.672927
19.6531 36.9482 0.19698
18.9038 37.0232 -0.00297211
19.7997 36.9337 -0.0871894
23.3964 36.5741 0.0333604
21.9833 36.7158 -0.0245912
21.6152 36.753 0.132725
20.0276 36.9122 0.430454
18.2045 37.0947 0.283398
22.0699 36.7083 0.340678
22.4564 36.6698 0.316188
19.8105 36.9348 0.208493
19.7708 36.939 -0.000539318
22.6415 36.6521 0.0668702
22.6415 36.815 0.170005
21.5479 36.7617 0.204489
17.3048 37.1864 0.310931
20.7594 36.8411 0.206961
22.9923 36.6179 0.135054
22.9923 36.6866 0.101601
20.1085 36.9066 -0.0697645
20.3187 36.8859 0.329924
18.7918 37.0388 0.553763
22.2717 36.6909 0.229806
17.2251 37.1958 0.513962
18.964 37.022 -0.0836383
19.8258 36.9359 0.0237914
18.5317 37.0654 -0.0124155
20.3844 36.8802 -0.107945
21.0352 36.8152 -0.137519
21.0098 36.818 -0.154194
18.4169 37.0775 -0.00756609
17.785 37.1409 -0.175983
19.1224 37.0071 -0.301353
20.7206 36.8473 -0.055764
19.0267 37.0168 -0.116006
20.3264 36.887 -0.285266
19.0138 37.0184 -0.149234
22.2097 36.699 -0.1814
18.3712 37.083 0.0411668
20.8476 36.8356 0.0157646
21.501 36.7704 -0.600284
24.0895 36.5118 -0.00705972
20.8042 36.8408 0.238436
23.9612 36.5255 -0.159313
19.8046 36.9416 0.189002
20.2399 36.8984 -0.225303
21.335 36.789 -0.153071
23.2434 36.5984 0.382929
21.7092 36.7523 0.43822
21.4745 36.7761 0.704765
22.5806 36.6658 -0.0914303
19.8255 36.9417 -0.294297
21.0802 36.8165 0.447117
19.5977 36.965 0.125126
26.074 36.3175 0.00371096
18.8463 37.0408 0.765439
18.5229 37.0735 0.361352
22.0805 36.7178 -0.0225029
17.5075 37.1753 0.236615
19.545 36.9716 0.0989699
23.3825 36.5879 -0.336457
20.5712 36.8693 -0.0266667
18.5975 37.0671 0.121846
18.8047 37.0465 0.225279
19.8592 36.941 0.00751814
25.6073 36.3663 -0.385578
17.2192 37.2056 -0.334497
19.9648 36.9313 0.132757
19.1217 37.0156 0.109215
20.9044 36.8375 -0.180847
17.0764 37.2204 0.443778
18.94 37.0341 -0.279442
22.5374 36.6743 -0.0589284
23.3048 36.5978 -0.21007
19.1493 37.0138 -0.0779858
23.9917 36.5299 -0.11125
23.9917 37.1368 -0.314549
16.0695 37.3224 0.378278
19.8677 36.9427 0.255879
19.1844 37.011 0.368071
17.8844 37.1411 0.19591
20.728 36.8568 0.0496328
20.8796 36.8417 0.0530706
22.9107 36.6388 -0.311039
17.2815 37.2021 -0.31525
18.5375 37.0767 -0.0909283
16.653 37.2651 -0.362426
22.4573 36.6845 -0.318469
15.7751 37.3529 -0.631407
19.1882 37.0116 -0.0848987
18.9433 37.036 -0.787812
21.479 36.7825 -0.429957
19.5176 36.9788 -0.307192
18.5402 37.0768 -0.151021
17.781 37.1528 -0.504579
21.1511 36.8157 -0.474977
20.5171 36.8792 -0.2629
22.1125 36.7199 -0.412929
17.0572 37.2257 -0.122153
16.9116 37.2404 -0.203554
18.7723 37.0542 -0.328408
19.3181 36.9995 -0.732495
20.831 36.8483 -0.862868
23.7657 36.555 -0.737155
21.3672 36.7952 -0.489079
22.0802 36.7243 -0.180732
22.2314 36.7095 -0.352697
19.9934 36.9337 0.173847
23.3668 36.5966 -0.0540295
20.8722 36.8464 0.297845
19.2823 37.0058 0.267279
18.4457 37.0896 0.0459386
20.565 36.8777 0.209425
21.1143 36.8229 -0.515982
22.5842 36.6761 0.103622
20.1829 36.9166 0.273748
18.2261 37.1125 0.226353
23.0012 36.6351 0.142787
23.2412 36.6113 0.141828
20.6818 36.8677 0.331013
20.3774 36.8985 -0.362847
23.9722 36.5392 0.157456
19.0727 37.0295 0.155437
19.2705 37.0101 -0.212702
19.131 37.0241 0.0776598
17.7634 37.1609 0.121661
18.6382 37.0734 -0.0174311
20.6731 36.8699 -0.215682
17.7344 37.1639 0.0680757
20.6985 36.8675 -0.696421
22.4369 36.6938 -0.345556
20.1035 36.9274 -0.104547
20.1899 36.919 0.288482
22.5282 36.6854 -0.00125409
21.2557 36.8129 -0.19942
16.3459 37.3042 -0.0534294
18.4056 37.0983 0.0501035
23.2577 36.613 0.178086
21.4246 36.7965 -0.146149
21.2416 36.8152 0.0590456
21.4178 36.7978 -0.0879564
24.107 36.5292 0.113753
22.5961 36.6807 0.273435
17.9042 37.1504 0.504898
18.4014 37.1008 0.313582
18.9789 37.043 -0.16345
20.6323 36.8777 -0.00149037
22.2205 36.719 -0.262847
20.2661 36.9147 -0.0448231
19.9501 36.9466 0.100111
19.5611 36.9857 -0.0524218
19.5611 36.7356 -0.0339858
21.8856 36.7533 -0.109832
19.9531 36.9468 -0.0807355
20.6222 36.8801 -0.0692939
22.9939 36.6431 -0.0517708
19.7547 36.9674 -0.104776
20.9432 36.8488 -0.231421
21.1768 36.8256 -0.216747
19.2591 37.0176 0.163854
18.5306 37.0906 -0.418258
18.5829 37.0854 -0.526451
18.4774 37.096 -0.26559
19.6841 36.9753 -0.119107
21.9289 36.7509 -0.170699
16.8617 37.2578 -0.20432
19.8299 36.9611 -0.0266577
22.8577 36.6583 -0.760964
22.5159 36.6927 0.0253884
17.0332 37.2414 0.214609
18.5599 37.0889 -0.0226731
21.2831 36.8165 -0.443127
23.2341 36.6215 -0.408459
18.902 37.0551 0.100967
22.479 36.6976 0.0320411
16.7664 37.2691 0.0719373
19.0183 37.044 -0.273326
20.1399 36.9318 -0.168164
15.9098 37.3549 0.000272617
20.7458 36.8712 -0.282574
23.1099 36.6348 -0.43502
22.4623 36.6999 0.586589
22.8835 36.6582 -0.112747
21.1426 36.8326 -0.0348346
23.3846 36.6088 0.279784
20.4636 36.9013 0.104744
19.4226 37.0057 0.344753
15.9553 37.3525 0.161542
27.6192 36.1861 -0.414686
21.3635 36.812 0.295411
20.7086 36.878 0.241994
21.7018 36.7789 0.32459
19.6134 36.988 0.0928689
18.1745 37.1321 0.119623
22.6562 36.684 0.292218
19.3623 37.0136 0.171229
22.1153 36.7385 0.346627
21.0756 36.8427 0.0104658
27.0865 36.2419 0.345569
19.0212 37.0489 0.358077
20.2893 36.9226 0.365106
22.5284 36.6988 0.285246
18.1018 37.1417 0.359829
17.559 37.1961 0.339194
17.5485 37.1971 0.10161
22.0147 36.7504 -0.162792
22.1678 36.7352 -0.200615
19.4253 37.0098 0.124583
19.4253 36.9344 0.0496431
17.7124 37.1813 -0.0194331
17.5601 37.1965 -0.287359
18.2759 37.1248 -0.202851
21.8972 36.7626 -0.29726
23.6452 36.5879 0.184971
22.5575 36.6971 -0.113498
24.2975 36.5236 -0.212418
21.8185 36.7719 0.38294
21.3989 36.8143 0.343718
20.7851 36.876 0.304757
21.5931 36.7954 0.187514
24.4118 36.5138 0.0860745
22.0159 36.7538 0.154302
21.1966 36.8362 0.616714
16.2407 37.3321 0.143493
18.9403 37.0621 0.423196
18.6246 37.0936 0.331714
19.6504 36.991 -0.0524062
20.4067 36.9154 0.151449
18.6587 37.0904 0.121816
19.0016 37.0562 -0.153619
17.4338 37.213 0.18956
20.9196 36.8643 -0.471311
20.7743 36.8789 0.100456
20.3454 36.922 -0.333664
19.7118 36.9856 -0.149057
16.7907 37.2778 -0.0315189
19.3509 37.0217 -0.28984
20.0816 36.9486 -0.508914
18.8391 37.0729 -0.232971
17.3221 37.2247 -0.247285
19.6553 36.9913 -0.334455
16.8122 37.2756 -0.426447
20.8508 36.8717 -0.294785
21.0851 36.8483 -0.541403
23.109 36.6461 -0.368218
19.9516 36.9622 -0.275371
21.6671 36.7909 0.0224153
22.3291 36.7249 -0.309904
21.7166 36.7865 -0.192804
19.0839 37.0501 -0.0165895
22.1654 36.7421 -0.270831
17.5695 37.2019 -0.254034
21.3395 36.825 0.117128
22.9154 36.6675 0.120285
21.4623 36.8132 0.0628241
20.5327 36.9065 -0.10375
20.8682 36.8731 0.200632
18.3589 37.1243 0.219183
21.5401 36.8062 0.124221
18.8 37.0804 -0.0184719
22.6375 36.6968 -0.112302
19.3713 37.0236 -0.0108267
22.8292 36.678 -0.26608
17.0051 37.2607 0.014922
18.1986 37.1414 -0.227249
20.6081 36.9003 -0.120694
22.7156 36.6897 -0.324616
20.8052 36.881 0.312007
19.0761 37.0542 0.442578
21.3041 36.8315 0.0478265
21.3041 36.8792 0.399628
16.5664 37.3054 -0.0792336
22.8464 36.6774 -0.192767
18.4962 37.1126 -0.16226
19.1775 37.0446 0.123996
19.542 37.0082 -0.835891
20.7079 36.8917 -0.190107
22.1366 36.7489 -0.248374
19.2578 37.0371 -0.472276
22.5474 36.7083 -0.130125
21.4918 36.8141 0.0778778
22.5687 36.7067 0.329737
17.2384 37.24 0.0604217
20.9429 36.8697 -0.282887
18.7317 37.0909 0.163297
19.8872 36.9754 0.177364
22.6722 36.697 -0.0956619
19.6256 37.0019 0.275624
21.2427 36.8404 -0.00591881
20.977 36.8671 -0.237088
22.0492 36.7601 0.328069
19.182 37.0471 0.0767612
20.0933 36.9562 -0.251896
22.2561 36.74 -0.230673
21.6499 36.8008 -0.161971
24.1318 36.553 0.495907
22.7261 36.694 0.358425
20.338 36.9332 0.230212
20.0754 36.9597 0.155473
18.8405 37.0834 0.156934
20.9881 36.8687 0.367858
17.9 37.1776 -0.243815
22.4278 36.7249 0.282845
19.5062 37.0172 0.311621
23.4845 36.6196 -0.19808
19.849 36.9834 0.257401
17.5006 37.2185 -0.000184447
25.2669 36.4419 -0.202649
20.8405 36.8848 0.125631
19.0959 37.0596 0.284313
21.8768 36.7817 0.136901
20.9493 36.8746 0.543425
17.5626 37.2135 0.194958
21.9586 36.7739 0.109507
18.863 37.0836 0.0837203
20.0819 36.9618 0.291863
20.3348 36.9366 -0.0488879
19.0914 37.0611 0.0912581
20.9593 36.8744 -0.0653883
21.298 36.8406 -0.112045
21.134 36.8573 0.414926
21.134 36.8665 0.257403
22.5211 36.7188 -0.0378907
19.9359 36.9776 0.0658034
18.9489 37.0765 0.224895
23.5247 36.619 -0.219376
20.2463 36.9471 -0.383058
21.1695 36.8551 0.0288288
19.0977 37.0625 0.265891
21.2177 36.8506 -0.0124666
22.0807 36.7644 -0.113757
20.4742 36.9253 0.208079
20.4742 37.1413 0.0527884
19.8824 36.9848 0.147127
19.9059 36.9825 0.133282
20.8093 36.8923 0.106387
20.2817 36.9452 0.241101
21.0782 36.8657 0.0409387
20.4616 36.9276 0.275787
19.6533 37.0086 -0.00905397
20.7245 36.9016 0.141827
19.9846 36.9757 -0.0960056
17.5533 37.219 0.124501
24.9315 36.4811 0.240939
17.8584 37.1887 0.15619
19.155 37.0593 -0.399971
20.5592 36.9188 0.00687037
21.0726 36.8676 0.00895505
23.0333 36.6717 -0.0703014
17.6185 37.2135 0.29418
20.5521 36.9203 -0.150883
22.4662 36.7289 -0.21365
20.6631 36.9095 0.227292
19.7077 37.0053 -0.130921
20.2962 36.9465 0.0482142
17.6274 37.2135 -0.323971
16.6654 37.3097 0.212195
19.5951 37.0166 -0.298292
23.1063 36.6654 -0.19775
19.0662 37.0696 -0.193811
21.7514 36.8013 -0.141096
18.6707 37.1095 -0.38922
20.3097 36.9458 -0.08788
19.6688 37.0099 -0.00270046
20.7271 36.9042 0.0605996
18.5214 37.1249 -0.427803
18.9862 37.0785 0.0205657
23.4377 36.6333 -0.561655
22.2683 36.7505 0.0175004
20.5634 36.9214 0.291208
20.2796 36.95 -0.342843
17.2905 37.2491 -0.0185833
17.464 37.2317 -0.463342
19.3316 37.0448 -0.156419
17.8465 37.1932 -0.28561
22.9211 36.6857 -0.50108
18.0426 37.1737 -0.166558
18.7577 37.1024 -0.476433
20.2095 36.9572 -0.571642
23.4257 36.6356 -0.344475
22.3053 36.7479 -0.0420317
21.3147 36.8474 -0.0161848
20.5528 36.9239 0.311186
22.6125 36.7181 -0.31107
22.2366 36.7559 0.411321
18.2695 37.153 0.114831
21.2706 36.853 0.14903
19.6566 37.0145 0.227182
19.4286 37.0374 -0.223184
22.1076 36.7696 0.0629585
18.9438 37.0862 -0.203459
18.8216 37.0985 -0.413034
23.1829 36.6624 -0.0249062
20.8743 36.8935 -0.109839
20.1676 36.9644 0.184531
19.2387 37.0575 0.0536298
20.9474 36.8867 -0.110323
21.2041 36.8611 -0.162248
21.6166 36.8201 0.388055
21.0215 36.8798 0.210551
20.0658 36.9757 0.132279
22.3204 36.7504 0.0895888
19.1159 37.071 0.0738221
22.9496 36.6878 -0.049525
17.878 37.1952 -0.140186
21.3288 36.8503 0.207966
21.9497 36.7882 0.141968
21.1172 36.8717 0.279302
18.1415 37.1696 0.277691
20.1778 36.966 -0.0717111
20.4711 36.9367 0.308122
20.1751 36.9664 0.0265925
24.173 36.5668 0.473927
19.0774 37.0766 0.107252
21.8773 36.7969 0.21288
20.4216 36.9426 -0.18953
22.0796 36.7771 0.179872
18.2001 37.1652 -0.0686143
19.9581 36.9895 0.101222
22.9012 36.6952 0.263872
21.9474 36.7909 0.336906
22.045 36.7814 -0.0478337
18.0658 37.1797 -0.149916
22.616 36.7247 0.138345
18.1842 37.1681 0.430165
19.9467 36.992 0.312897
21.9267 36.794 0.357241
20.5347 36.9333 0.274343
22.703 36.7167 0.0729827
20.5371 36.9336 -0.035222
18.9642 37.0911 0.0373816
22.0122 36.7864 0.0715329
23.3945 36.6483 0.0580666
16.6674 37.3214 0.197069
23.1831 36.6699 0.0890941
21.328 36.8555 -0.0692179
16.6932 37.3193 0.479036
17.9594 37.1927 0.021391
21.7708 36.8114 0.019668
23.1732 36.6712 -0.230827
23.1732 36.9032 0.327095
23.1732 36.8063 0.171327
21.3453 36.8544 0.338241
19.4198 37.0473 -0.276276
19.0254 37.0868 -0.0305615
23.2239 36.667 0.032724
21.4908 36.8405 0.210137
18.5563 37.1343 0.253526
16.7234 37.3177 0.235325
21.3594 36.8539 0.425355
22.8131 36.7086 0.0353858
22.4198 36.7482 0.185902
15.0168 37.4889 0.29667
17.0888 37.2816 0.140859
20.2661 36.9636 -0.398412
20.2661 36.7926 -0.156013
18.7795 37.1122 -0.315874
17.0453 37.2857 -0.317415
19.8031 37.0098 -0.0376579
21.5483 36.8352 -0.206122
17.3683 37.2534 -0.781035
20.9477 36.8955 -0.345607
22.3008 36.7602 -0.587858
21.4451 36.846 -0.2971
17.6296 37.2278 -0.324398
18.6387 37.127 -0.370195
21.1946 36.8713 -0.313003
23.8556 36.6053 -0.654935
22.9155 36.6996 -0.331657
26.1535 36.3763 -0.121312
22.944 36.6978 0.413307
19.5358 37.0391 0.440775
21.6001 36.8329 0.194736
19.5353 37.0395 0.254718
19.5353 37.0539 -0.109711
22.3547 36.7577 -0.026244
18.7933 37.1141 0.0729622
19.0627 37.0873 -0.172047
21.7442 36.8191 -0.0625587
19.2953 37.0641 0.242007
21.3575 36.8581 -0.240327
20.0898 36.985 0.258339
21.3873 36.8554 0.397915
18.7424 37.12 -0.0305338
20.5223 36.9421 -0.000280032
18.2375 37.1707 -0.0264332
19.7291 37.0215 -0.359985
18.7384 37.1206 -0.454186
20.9948 36.895 0.0713404
22.031 36.7914 -0.11764
22.031 36.7893 0.425859
21.1173 36.883 0.0644117
17.8507 37.2099 -0.134768
21.8405 36.811 -0.0579435
19.2915 37.066 -0.225816
19.5672 37.0385 0.035609
20.666 36.9287 0.192169
18.2707 37.1683 0.0736836
23.5372 36.6417 -0.085071
19.349 37.0607 0.284375
17.5399 37.2419 -0.196573
18.4919 37.1466 -0.228616
16.0518 37.3905 -0.567315
21.7684 36.8186 -0.649545
20.9925 36.8962 -0.690419
18.4358 37.1521 -0.171645
20.6307 36.9327 -0.118106
22.9075 36.7051 0.0471417
19.5332 37.0428 -0.390982
20.4866 36.9476 -0.28087
22.9327 36.7031 -0.0870917
18.8607 37.1106 0.370154
18.8607 36.9218 -0.0963553
20.4922 36.9476 -0.123476
20.5738 36.9395 -0.658546
20.5738 37.4051 -0.407273
21.0458 36.8924 0.198291
19.4421 37.053 -0.107084
21.151 36.8822 0.0575692
19.1455 37.0829 0.0815391
16.9261 37.3049 0.0801876
22.1082 36.7866 -0.119035
23.2582 36.6716 -0.240238
20.8103 36.9168 -0.377085
22.3116 36.7669 -0.154541
17.3226 37.2661 -0.11393
21.9872 36.7997 -0.0795026
19.319 37.0665 0.303739
18.5265 37.146 0.166704
20.9963 36.8989 -0.0117278
21.8526 36.8134 -0.232459
21.4042 36.8584 -0.106355
21.6421 36.8349 0.204918
18.5485 37.1445 -0.0728484
18.3185 37.1676 0.162761
22.7736 36.722 -0.00171987
22.4453 36.755 -0.0278503
19.0332 37.0965 0.00702077
19.5578 37.0442 -0.412152
19.8066 37.0194 -0.348594
17.9368 37.2064 0.0779711
19.3848 37.0616 -0.0625745
18.0258 37.1974 -0.167796
19.9215 37.0078 -0.0037061
21.8571 36.8142 0.288256
23.4144 36.6587 -0.128116
18.0293 37.1975 -0.0247895
19.6081 37.0398 -0.188805
19.9469 37.0059 -0.412798
22.9776 36.7029 -0.40392
26.8489 36.316 0.310792
20.3398 36.9675 0.507315
19.1634 37.0856 0.294022
22.602 36.7418 0.0653776
19.6902 37.0331 -0.00908737
23.1834 36.684 0.257481
20.4584 36.9567 0.0965455
20.8435 36.9185 0.136128
19.7112 37.0319 0.265871
22.1025 36.7928 -0.189239
20.042 36.9991 0.233707
21.0612 36.8973 0.455076
20.7742 36.9262 0.120452
20.3576 36.968 0.292163
21.5002 36.8539 0.224587
15.9815 37.4059 0.415431
21.581 36.8459 -0.206845
18.6208 37.1419 -0.0595636
19.2886 37.0752 -0.16143
18.4159 37.1625 0.196302
19.7237 37.0316 -0.0630646
22.2501 36.779 -0.431593
17.5247 37.2517 -0.377632
20.9383 36.9104 -0.275392
19.8738 37.0169 -0.163265
18.6903 37.1353 -0.206909
20.0497 36.9994 -0.104034
20.7096 36.9334 -0.108066
23.1257 36.692 -0.106287
22.3137 36.7734 0.157901
19.4096 37.0642 -0.0256658
20.3128 36.974 -0.0991572
21.7661 36.8288 -0.222441
20.3695 36.9686 -0.0831592
19.9833 37.0074 -0.0953062
23.9641 36.6094 -0.302987
21.6112 36.845 0.131928
20.8563 36.9208 0.609257
22.6766 36.739 0.136081
22.6766 36.7558 0.27082
20.9157 36.9154 0.318239
22.5808 36.7491 -0.0785649
20.6595 36.9415 0.082721
22.557 36.752 0.200952
18.5098 37.1569 0.298483
19.2287 37.0852 0.181419
20.4934 36.9587 0.0130489
15.4674 37.4613 -0.0186995
19.5497 37.053 0.106639
19.5043 37.0574 -0.127075
21.5131 36.8565 0.219999
22.6769 36.7402 0.158068
22.9779 36.7104 -0.145852
21.3031 36.8783 -0.0276496
18.7708 37.1318 0.345667
20.5246 36.9565 -0.146115
20.9269 36.9163 0.14726
20.3753 36.9716 -0.0957589
23.2045 36.6888 -0.0683872
20.7689 36.9326 -0.195898
17.7465 37.2352 0.388025
21.8579 36.824 0.26164
20.7784 36.932 -0.00144548
18.4552 37.1646 0.2792
20.7608 36.934 -0.0739984
17.6584 37.2443 -0.109297
15.7298 37.4372 0.240922
18.7152 37.1384 -0.419096
22.3343 36.7763 -0.66194
